[0.012s] Invoking command in '/home/phuros/ros2_ws/build/cpp_srvcli': CMAKE_PREFIX_PATH=${CMAKE_PREFIX_PATH}:/home/phuros/ros2_ws/install/py_pubsub:/home/phuros/ros2_ws/install/my_package2:/opt/ros/humble /usr/bin/cmake /home/phuros/ros2_ws/src/cpp_srvcli -DCMAKE_INSTALL_PREFIX=/home/phuros/ros2_ws/install/cpp_srvcli
[0.173s] -- The C compiler identification is GNU 11.4.0
[0.250s] -- The CXX compiler identification is GNU 11.4.0
[0.258s] -- Detecting C compiler ABI info
[0.354s] -- Detecting C compiler ABI info - done
[0.361s] -- Check for working C compiler: /usr/bin/cc - skipped
[0.362s] -- Detecting C compile features
[0.365s] -- Detecting C compile features - done
[0.369s] -- Detecting CXX compiler ABI info
[0.448s] -- Detecting CXX compiler ABI info - done
[0.457s] -- Check for working CXX compiler: /usr/bin/c++ - skipped
[0.458s] -- Detecting CXX compile features
[0.458s] -- Detecting CXX compile features - done
[0.549s] -- Found ament_cmake: 1.3.8 (/opt/ros/humble/share/ament_cmake/cmake)
[0.704s] -- Found Python3: /usr/bin/python3 (found version "3.10.12") found components: Interpreter 
[0.819s] -- Found rclcpp: 16.0.8 (/opt/ros/humble/share/rclcpp/cmake)
[0.870s] -- Found rosidl_generator_c: 3.1.5 (/opt/ros/humble/share/rosidl_generator_c/cmake)
[0.875s] -- Found rosidl_adapter: 3.1.5 (/opt/ros/humble/share/rosidl_adapter/cmake)
[0.884s] -- Found rosidl_generator_cpp: 3.1.5 (/opt/ros/humble/share/rosidl_generator_cpp/cmake)
[0.923s] -- Using all available rosidl_typesupport_c: rosidl_typesupport_fastrtps_c;rosidl_typesupport_introspection_c
[0.953s] -- Using all available rosidl_typesupport_cpp: rosidl_typesupport_fastrtps_cpp;rosidl_typesupport_introspection_cpp
[1.034s] -- Found rmw_implementation_cmake: 6.1.1 (/opt/ros/humble/share/rmw_implementation_cmake/cmake)
[1.036s] -- Found rmw_fastrtps_cpp: 6.2.6 (/opt/ros/humble/share/rmw_fastrtps_cpp/cmake)
[1.563s] -- Found OpenSSL: /usr/lib/x86_64-linux-gnu/libcrypto.so (found version "3.0.2")  
[1.587s] -- Found FastRTPS: /opt/ros/humble/include  
[1.632s] -- Using RMW implementation 'rmw_fastrtps_cpp' as default
[1.651s] -- Looking for pthread.h
[1.717s] -- Looking for pthread.h - found
[1.717s] -- Performing Test CMAKE_HAVE_LIBC_PTHREAD
[1.785s] -- Performing Test CMAKE_HAVE_LIBC_PTHREAD - Success
[1.786s] -- Found Threads: TRUE  
[1.966s] -- Found example_interfaces: 0.9.3 (/opt/ros/humble/share/example_interfaces/cmake)
[2.186s] -- Found ament_lint_auto: 0.12.10 (/opt/ros/humble/share/ament_lint_auto/cmake)
[2.280s] -- Added test 'cppcheck' to perform static code analysis on C / C++ code
[2.280s] -- Configured cppcheck include dirs: 
[2.281s] -- Configured cppcheck exclude dirs and/or files: 
[2.281s] -- Added test 'lint_cmake' to check CMake code style
[2.283s] -- Added test 'uncrustify' to check C / C++ code style
[2.283s] -- Configured uncrustify additional arguments: 
[2.284s] -- Added test 'xmllint' to check XML markup files
[2.286s] -- Configuring done
[2.301s] -- Generating done
[2.303s] -- Build files have been written to: /home/phuros/ros2_ws/build/cpp_srvcli
[2.313s] Invoked command in '/home/phuros/ros2_ws/build/cpp_srvcli' returned '0': CMAKE_PREFIX_PATH=${CMAKE_PREFIX_PATH}:/home/phuros/ros2_ws/install/py_pubsub:/home/phuros/ros2_ws/install/my_package2:/opt/ros/humble /usr/bin/cmake /home/phuros/ros2_ws/src/cpp_srvcli -DCMAKE_INSTALL_PREFIX=/home/phuros/ros2_ws/install/cpp_srvcli
[2.316s] Invoking command in '/home/phuros/ros2_ws/build/cpp_srvcli': CMAKE_PREFIX_PATH=${CMAKE_PREFIX_PATH}:/home/phuros/ros2_ws/install/py_pubsub:/home/phuros/ros2_ws/install/my_package2:/opt/ros/humble /usr/bin/cmake --build /home/phuros/ros2_ws/build/cpp_srvcli -- -j8 -l8
[2.364s] [ 50%] [32mBuilding CXX object CMakeFiles/server.dir/src/add_two_ints_server.cpp.o[0m
[2.364s] [ 50%] [32mBuilding CXX object CMakeFiles/client.dir/src/add_two_ints_client.cpp.o[0m
[5.480s] [ 75%] [32m[1mLinking CXX executable server[0m
[5.681s] [100%] [32m[1mLinking CXX executable client[0m
[6.062s] [100%] Built target server
[6.074s] [100%] Built target client
[6.084s] Invoked command in '/home/phuros/ros2_ws/build/cpp_srvcli' returned '0': CMAKE_PREFIX_PATH=${CMAKE_PREFIX_PATH}:/home/phuros/ros2_ws/install/py_pubsub:/home/phuros/ros2_ws/install/my_package2:/opt/ros/humble /usr/bin/cmake --build /home/phuros/ros2_ws/build/cpp_srvcli -- -j8 -l8
[6.118s] Invoking command in '/home/phuros/ros2_ws/build/cpp_srvcli': CMAKE_PREFIX_PATH=${CMAKE_PREFIX_PATH}:/home/phuros/ros2_ws/install/py_pubsub:/home/phuros/ros2_ws/install/my_package2:/opt/ros/humble /usr/bin/cmake --install /home/phuros/ros2_ws/build/cpp_srvcli
[6.126s] -- Install configuration: ""
[6.126s] -- Installing: /home/phuros/ros2_ws/install/cpp_srvcli/lib/cpp_srvcli/server
[6.127s] -- Set runtime path of "/home/phuros/ros2_ws/install/cpp_srvcli/lib/cpp_srvcli/server" to ""
[6.127s] -- Installing: /home/phuros/ros2_ws/install/cpp_srvcli/lib/cpp_srvcli/client
[6.128s] -- Set runtime path of "/home/phuros/ros2_ws/install/cpp_srvcli/lib/cpp_srvcli/client" to ""
[6.128s] -- Installing: /home/phuros/ros2_ws/install/cpp_srvcli/share/ament_index/resource_index/package_run_dependencies/cpp_srvcli
[6.128s] -- Installing: /home/phuros/ros2_ws/install/cpp_srvcli/share/ament_index/resource_index/parent_prefix_path/cpp_srvcli
[6.128s] -- Installing: /home/phuros/ros2_ws/install/cpp_srvcli/share/cpp_srvcli/environment/ament_prefix_path.sh
[6.129s] -- Installing: /home/phuros/ros2_ws/install/cpp_srvcli/share/cpp_srvcli/environment/ament_prefix_path.dsv
[6.129s] -- Installing: /home/phuros/ros2_ws/install/cpp_srvcli/share/cpp_srvcli/environment/path.sh
[6.129s] -- Installing: /home/phuros/ros2_ws/install/cpp_srvcli/share/cpp_srvcli/environment/path.dsv
[6.129s] -- Installing: /home/phuros/ros2_ws/install/cpp_srvcli/share/cpp_srvcli/local_setup.bash
[6.129s] -- Installing: /home/phuros/ros2_ws/install/cpp_srvcli/share/cpp_srvcli/local_setup.sh
[6.129s] -- Installing: /home/phuros/ros2_ws/install/cpp_srvcli/share/cpp_srvcli/local_setup.zsh
[6.130s] -- Installing: /home/phuros/ros2_ws/install/cpp_srvcli/share/cpp_srvcli/local_setup.dsv
[6.130s] -- Installing: /home/phuros/ros2_ws/install/cpp_srvcli/share/cpp_srvcli/package.dsv
[6.130s] -- Installing: /home/phuros/ros2_ws/install/cpp_srvcli/share/ament_index/resource_index/packages/cpp_srvcli
[6.130s] -- Installing: /home/phuros/ros2_ws/install/cpp_srvcli/share/cpp_srvcli/cmake/cpp_srvcliConfig.cmake
[6.130s] -- Installing: /home/phuros/ros2_ws/install/cpp_srvcli/share/cpp_srvcli/cmake/cpp_srvcliConfig-version.cmake
[6.130s] -- Installing: /home/phuros/ros2_ws/install/cpp_srvcli/share/cpp_srvcli/package.xml
[6.133s] Invoked command in '/home/phuros/ros2_ws/build/cpp_srvcli' returned '0': CMAKE_PREFIX_PATH=${CMAKE_PREFIX_PATH}:/home/phuros/ros2_ws/install/py_pubsub:/home/phuros/ros2_ws/install/my_package2:/opt/ros/humble /usr/bin/cmake --install /home/phuros/ros2_ws/build/cpp_srvcli
