[0.579s] Invoking command in '/home/phuros/ros2_ws/src/my_package2': PYTHONPATH=/home/phuros/ros2_ws/build/my_package2/prefix_override:/home/phuros/ros2_ws/install/my_package2/lib/python3.10/site-packages:${PYTHONPATH} /usr/bin/python3 -W ignore:setup.py install is deprecated setup.py egg_info --egg-base ../../build/my_package2 build --build-base /home/phuros/ros2_ws/build/my_package2/build install --record /home/phuros/ros2_ws/build/my_package2/install.log --single-version-externally-managed install_data
[0.806s] running egg_info
[0.807s] writing ../../build/my_package2/my_package2.egg-info/PKG-INFO
[0.807s] writing dependency_links to ../../build/my_package2/my_package2.egg-info/dependency_links.txt
[0.807s] writing entry points to ../../build/my_package2/my_package2.egg-info/entry_points.txt
[0.807s] writing requirements to ../../build/my_package2/my_package2.egg-info/requires.txt
[0.808s] writing top-level names to ../../build/my_package2/my_package2.egg-info/top_level.txt
[0.810s] reading manifest file '../../build/my_package2/my_package2.egg-info/SOURCES.txt'
[0.810s] adding license file 'LICENSE'
[0.811s] writing manifest file '../../build/my_package2/my_package2.egg-info/SOURCES.txt'
[0.811s] running build
[0.811s] running build_py
[0.811s] running install
[0.811s] running install_lib
[0.812s] running install_data
[0.813s] running install_egg_info
[0.814s] removing '/home/phuros/ros2_ws/install/my_package2/lib/python3.10/site-packages/my_package2-0.0.0-py3.10.egg-info' (and everything under it)
[0.814s] Copying ../../build/my_package2/my_package2.egg-info to /home/phuros/ros2_ws/install/my_package2/lib/python3.10/site-packages/my_package2-0.0.0-py3.10.egg-info
[0.815s] running install_scripts
[0.835s] Installing my_node2 script to /home/phuros/ros2_ws/install/my_package2/lib/my_package2
[0.835s] writing list of installed files to '/home/phuros/ros2_ws/build/my_package2/install.log'
[0.855s] Invoked command in '/home/phuros/ros2_ws/src/my_package2' returned '0': PYTHONPATH=/home/phuros/ros2_ws/build/my_package2/prefix_override:/home/phuros/ros2_ws/install/my_package2/lib/python3.10/site-packages:${PYTHONPATH} /usr/bin/python3 -W ignore:setup.py install is deprecated setup.py egg_info --egg-base ../../build/my_package2 build --build-base /home/phuros/ros2_ws/build/my_package2/build install --record /home/phuros/ros2_ws/build/my_package2/install.log --single-version-externally-managed install_data
