[0.102s] DEBUG:colcon:Command line arguments: ['/usr/bin/colcon', 'build', '--symlink-install']
[0.102s] DEBUG:colcon:Parsed command line arguments: Namespace(log_base=None, log_level=None, verb_name='build', build_base='build', install_base='install', merge_install=False, symlink_install=True, test_result_base=None, continue_on_error=False, executor='parallel', parallel_workers=8, event_handlers=None, ignore_user_meta=False, metas=['./colcon.meta'], base_paths=['.'], packages_ignore=None, packages_ignore_regex=None, paths=None, packages_up_to=None, packages_up_to_regex=None, packages_above=None, packages_above_and_dependencies=None, packages_above_depth=None, packages_select_by_dep=None, packages_skip_by_dep=None, packages_skip_up_to=None, packages_select_build_failed=False, packages_skip_build_finished=False, packages_select_test_failures=False, packages_skip_test_passed=False, packages_select=None, packages_skip=None, packages_select_regex=None, packages_skip_regex=None, packages_start=None, packages_end=None, allow_overriding=[], cmake_args=None, cmake_target=None, cmake_target_skip_unavailable=False, cmake_clean_cache=False, cmake_clean_first=False, cmake_force_configure=False, ament_cmake_args=None, catkin_cmake_args=None, catkin_skip_building_tests=False, mixin_files=None, mixin=None, verb_parser=<colcon_mixin.mixin.mixin_argument.MixinArgumentDecorator object at 0x772b6394e080>, verb_extension=<colcon_core.verb.build.BuildVerb object at 0x772b6394dab0>, main=<bound method BuildVerb.main of <colcon_core.verb.build.BuildVerb object at 0x772b6394dab0>>, mixin_verb=('build',))
[0.264s] Level 1:colcon.colcon_core.package_discovery:discover_packages(colcon_meta) check parameters
[0.264s] Level 1:colcon.colcon_core.package_discovery:discover_packages(recursive) check parameters
[0.264s] Level 1:colcon.colcon_core.package_discovery:discover_packages(ignore) check parameters
[0.264s] Level 1:colcon.colcon_core.package_discovery:discover_packages(path) check parameters
[0.264s] Level 1:colcon.colcon_core.package_discovery:discover_packages(colcon_meta) discover
[0.264s] Level 1:colcon.colcon_core.package_discovery:discover_packages(recursive) discover
[0.264s] INFO:colcon.colcon_core.package_discovery:Crawling recursively for packages in '/home/phuros/ros2_ws'
[0.264s] Level 1:colcon.colcon_core.package_identification:_identify(.) by extensions ['ignore', 'ignore_ament_install']
[0.265s] Level 1:colcon.colcon_core.package_identification:_identify(.) by extension 'ignore'
[0.265s] Level 1:colcon.colcon_core.package_identification:_identify(.) by extension 'ignore_ament_install'
[0.265s] Level 1:colcon.colcon_core.package_identification:_identify(.) by extensions ['colcon_pkg']
[0.265s] Level 1:colcon.colcon_core.package_identification:_identify(.) by extension 'colcon_pkg'
[0.265s] Level 1:colcon.colcon_core.package_identification:_identify(.) by extensions ['colcon_meta']
[0.265s] Level 1:colcon.colcon_core.package_identification:_identify(.) by extension 'colcon_meta'
[0.265s] Level 1:colcon.colcon_core.package_identification:_identify(.) by extensions ['ros']
[0.265s] Level 1:colcon.colcon_core.package_identification:_identify(.) by extension 'ros'
[0.275s] Level 1:colcon.colcon_core.package_identification:_identify(.) by extensions ['cmake', 'python']
[0.275s] Level 1:colcon.colcon_core.package_identification:_identify(.) by extension 'cmake'
[0.275s] Level 1:colcon.colcon_core.package_identification:_identify(.) by extension 'python'
[0.275s] Level 1:colcon.colcon_core.package_identification:_identify(.) by extensions ['python_setup_py']
[0.275s] Level 1:colcon.colcon_core.package_identification:_identify(.) by extension 'python_setup_py'
[0.275s] Level 1:colcon.colcon_core.package_identification:_identify(build) by extensions ['ignore', 'ignore_ament_install']
[0.275s] Level 1:colcon.colcon_core.package_identification:_identify(build) by extension 'ignore'
[0.275s] Level 1:colcon.colcon_core.package_identification:_identify(build) ignored
[0.275s] Level 1:colcon.colcon_core.package_identification:_identify(install) by extensions ['ignore', 'ignore_ament_install']
[0.276s] Level 1:colcon.colcon_core.package_identification:_identify(install) by extension 'ignore'
[0.276s] Level 1:colcon.colcon_core.package_identification:_identify(install) ignored
[0.276s] Level 1:colcon.colcon_core.package_identification:_identify(log) by extensions ['ignore', 'ignore_ament_install']
[0.276s] Level 1:colcon.colcon_core.package_identification:_identify(log) by extension 'ignore'
[0.276s] Level 1:colcon.colcon_core.package_identification:_identify(log) ignored
[0.276s] Level 1:colcon.colcon_core.package_identification:_identify(src) by extensions ['ignore', 'ignore_ament_install']
[0.276s] Level 1:colcon.colcon_core.package_identification:_identify(src) by extension 'ignore'
[0.276s] Level 1:colcon.colcon_core.package_identification:_identify(src) by extension 'ignore_ament_install'
[0.276s] Level 1:colcon.colcon_core.package_identification:_identify(src) by extensions ['colcon_pkg']
[0.276s] Level 1:colcon.colcon_core.package_identification:_identify(src) by extension 'colcon_pkg'
[0.276s] Level 1:colcon.colcon_core.package_identification:_identify(src) by extensions ['colcon_meta']
[0.276s] Level 1:colcon.colcon_core.package_identification:_identify(src) by extension 'colcon_meta'
[0.276s] Level 1:colcon.colcon_core.package_identification:_identify(src) by extensions ['ros']
[0.276s] Level 1:colcon.colcon_core.package_identification:_identify(src) by extension 'ros'
[0.276s] Level 1:colcon.colcon_core.package_identification:_identify(src) by extensions ['cmake', 'python']
[0.276s] Level 1:colcon.colcon_core.package_identification:_identify(src) by extension 'cmake'
[0.276s] Level 1:colcon.colcon_core.package_identification:_identify(src) by extension 'python'
[0.276s] Level 1:colcon.colcon_core.package_identification:_identify(src) by extensions ['python_setup_py']
[0.277s] Level 1:colcon.colcon_core.package_identification:_identify(src) by extension 'python_setup_py'
[0.277s] Level 1:colcon.colcon_core.package_identification:_identify(src/cpp_pubsub) by extensions ['ignore', 'ignore_ament_install']
[0.277s] Level 1:colcon.colcon_core.package_identification:_identify(src/cpp_pubsub) by extension 'ignore'
[0.277s] Level 1:colcon.colcon_core.package_identification:_identify(src/cpp_pubsub) by extension 'ignore_ament_install'
[0.277s] Level 1:colcon.colcon_core.package_identification:_identify(src/cpp_pubsub) by extensions ['colcon_pkg']
[0.277s] Level 1:colcon.colcon_core.package_identification:_identify(src/cpp_pubsub) by extension 'colcon_pkg'
[0.277s] Level 1:colcon.colcon_core.package_identification:_identify(src/cpp_pubsub) by extensions ['colcon_meta']
[0.277s] Level 1:colcon.colcon_core.package_identification:_identify(src/cpp_pubsub) by extension 'colcon_meta'
[0.277s] Level 1:colcon.colcon_core.package_identification:_identify(src/cpp_pubsub) by extensions ['ros']
[0.277s] Level 1:colcon.colcon_core.package_identification:_identify(src/cpp_pubsub) by extension 'ros'
[0.279s] DEBUG:colcon.colcon_core.package_identification:Package 'src/cpp_pubsub' with type 'ros.ament_cmake' and name 'cpp_pubsub'
[0.279s] Level 1:colcon.colcon_core.package_identification:_identify(src/my_package) by extensions ['ignore', 'ignore_ament_install']
[0.279s] Level 1:colcon.colcon_core.package_identification:_identify(src/my_package) by extension 'ignore'
[0.279s] Level 1:colcon.colcon_core.package_identification:_identify(src/my_package) by extension 'ignore_ament_install'
[0.280s] Level 1:colcon.colcon_core.package_identification:_identify(src/my_package) by extensions ['colcon_pkg']
[0.280s] Level 1:colcon.colcon_core.package_identification:_identify(src/my_package) by extension 'colcon_pkg'
[0.280s] Level 1:colcon.colcon_core.package_identification:_identify(src/my_package) by extensions ['colcon_meta']
[0.280s] Level 1:colcon.colcon_core.package_identification:_identify(src/my_package) by extension 'colcon_meta'
[0.280s] Level 1:colcon.colcon_core.package_identification:_identify(src/my_package) by extensions ['ros']
[0.280s] Level 1:colcon.colcon_core.package_identification:_identify(src/my_package) by extension 'ros'
[0.280s] DEBUG:colcon.colcon_core.package_identification:Package 'src/my_package' with type 'ros.ament_cmake' and name 'my_package'
[0.280s] Level 1:colcon.colcon_core.package_identification:_identify(src/my_package2) by extensions ['ignore', 'ignore_ament_install']
[0.280s] Level 1:colcon.colcon_core.package_identification:_identify(src/my_package2) by extension 'ignore'
[0.280s] Level 1:colcon.colcon_core.package_identification:_identify(src/my_package2) by extension 'ignore_ament_install'
[0.280s] Level 1:colcon.colcon_core.package_identification:_identify(src/my_package2) by extensions ['colcon_pkg']
[0.280s] Level 1:colcon.colcon_core.package_identification:_identify(src/my_package2) by extension 'colcon_pkg'
[0.280s] Level 1:colcon.colcon_core.package_identification:_identify(src/my_package2) by extensions ['colcon_meta']
[0.280s] Level 1:colcon.colcon_core.package_identification:_identify(src/my_package2) by extension 'colcon_meta'
[0.281s] Level 1:colcon.colcon_core.package_identification:_identify(src/my_package2) by extensions ['ros']
[0.281s] Level 1:colcon.colcon_core.package_identification:_identify(src/my_package2) by extension 'ros'
[0.281s] DEBUG:colcon.colcon_core.package_identification:Package 'src/my_package2' with type 'ros.ament_python' and name 'my_package2'
[0.281s] Level 1:colcon.colcon_core.package_identification:_identify(src/py_pubsub) by extensions ['ignore', 'ignore_ament_install']
[0.281s] Level 1:colcon.colcon_core.package_identification:_identify(src/py_pubsub) by extension 'ignore'
[0.281s] Level 1:colcon.colcon_core.package_identification:_identify(src/py_pubsub) by extension 'ignore_ament_install'
[0.281s] Level 1:colcon.colcon_core.package_identification:_identify(src/py_pubsub) by extensions ['colcon_pkg']
[0.281s] Level 1:colcon.colcon_core.package_identification:_identify(src/py_pubsub) by extension 'colcon_pkg'
[0.281s] Level 1:colcon.colcon_core.package_identification:_identify(src/py_pubsub) by extensions ['colcon_meta']
[0.281s] Level 1:colcon.colcon_core.package_identification:_identify(src/py_pubsub) by extension 'colcon_meta'
[0.281s] Level 1:colcon.colcon_core.package_identification:_identify(src/py_pubsub) by extensions ['ros']
[0.281s] Level 1:colcon.colcon_core.package_identification:_identify(src/py_pubsub) by extension 'ros'
[0.282s] DEBUG:colcon.colcon_core.package_identification:Package 'src/py_pubsub' with type 'ros.ament_python' and name 'py_pubsub'
[0.282s] Level 1:colcon.colcon_core.package_discovery:discover_packages(recursive) using defaults
[0.282s] Level 1:colcon.colcon_core.package_discovery:discover_packages(ignore) discover
[0.282s] Level 1:colcon.colcon_core.package_discovery:discover_packages(ignore) using defaults
[0.282s] Level 1:colcon.colcon_core.package_discovery:discover_packages(path) discover
[0.282s] Level 1:colcon.colcon_core.package_discovery:discover_packages(path) using defaults
[0.308s] Level 1:colcon.colcon_core.package_discovery:discover_packages(prefix_path) check parameters
[0.308s] Level 1:colcon.colcon_core.package_discovery:discover_packages(prefix_path) discover
[0.310s] DEBUG:colcon.colcon_installed_package_information.package_discovery:Found 4 installed packages in /home/phuros/ros2_ws/install
[0.311s] DEBUG:colcon.colcon_installed_package_information.package_discovery:Found 271 installed packages in /opt/ros/humble
[0.312s] Level 1:colcon.colcon_core.package_discovery:discover_packages(prefix_path) using defaults
[0.347s] Level 5:colcon.colcon_core.verb:set package 'cpp_pubsub' build argument 'cmake_args' from command line to 'None'
[0.347s] Level 5:colcon.colcon_core.verb:set package 'cpp_pubsub' build argument 'cmake_target' from command line to 'None'
[0.347s] Level 5:colcon.colcon_core.verb:set package 'cpp_pubsub' build argument 'cmake_target_skip_unavailable' from command line to 'False'
[0.347s] Level 5:colcon.colcon_core.verb:set package 'cpp_pubsub' build argument 'cmake_clean_cache' from command line to 'False'
[0.347s] Level 5:colcon.colcon_core.verb:set package 'cpp_pubsub' build argument 'cmake_clean_first' from command line to 'False'
[0.347s] Level 5:colcon.colcon_core.verb:set package 'cpp_pubsub' build argument 'cmake_force_configure' from command line to 'False'
[0.347s] Level 5:colcon.colcon_core.verb:set package 'cpp_pubsub' build argument 'ament_cmake_args' from command line to 'None'
[0.347s] Level 5:colcon.colcon_core.verb:set package 'cpp_pubsub' build argument 'catkin_cmake_args' from command line to 'None'
[0.347s] Level 5:colcon.colcon_core.verb:set package 'cpp_pubsub' build argument 'catkin_skip_building_tests' from command line to 'False'
[0.347s] DEBUG:colcon.colcon_core.verb:Building package 'cpp_pubsub' with the following arguments: {'ament_cmake_args': None, 'build_base': '/home/phuros/ros2_ws/build/cpp_pubsub', 'catkin_cmake_args': None, 'catkin_skip_building_tests': False, 'cmake_args': None, 'cmake_clean_cache': False, 'cmake_clean_first': False, 'cmake_force_configure': False, 'cmake_target': None, 'cmake_target_skip_unavailable': False, 'install_base': '/home/phuros/ros2_ws/install/cpp_pubsub', 'merge_install': False, 'path': '/home/phuros/ros2_ws/src/cpp_pubsub', 'symlink_install': True, 'test_result_base': None}
[0.348s] Level 5:colcon.colcon_core.verb:set package 'my_package' build argument 'cmake_args' from command line to 'None'
[0.348s] Level 5:colcon.colcon_core.verb:set package 'my_package' build argument 'cmake_target' from command line to 'None'
[0.348s] Level 5:colcon.colcon_core.verb:set package 'my_package' build argument 'cmake_target_skip_unavailable' from command line to 'False'
[0.348s] Level 5:colcon.colcon_core.verb:set package 'my_package' build argument 'cmake_clean_cache' from command line to 'False'
[0.348s] Level 5:colcon.colcon_core.verb:set package 'my_package' build argument 'cmake_clean_first' from command line to 'False'
[0.348s] Level 5:colcon.colcon_core.verb:set package 'my_package' build argument 'cmake_force_configure' from command line to 'False'
[0.348s] Level 5:colcon.colcon_core.verb:set package 'my_package' build argument 'ament_cmake_args' from command line to 'None'
[0.348s] Level 5:colcon.colcon_core.verb:set package 'my_package' build argument 'catkin_cmake_args' from command line to 'None'
[0.348s] Level 5:colcon.colcon_core.verb:set package 'my_package' build argument 'catkin_skip_building_tests' from command line to 'False'
[0.348s] DEBUG:colcon.colcon_core.verb:Building package 'my_package' with the following arguments: {'ament_cmake_args': None, 'build_base': '/home/phuros/ros2_ws/build/my_package', 'catkin_cmake_args': None, 'catkin_skip_building_tests': False, 'cmake_args': None, 'cmake_clean_cache': False, 'cmake_clean_first': False, 'cmake_force_configure': False, 'cmake_target': None, 'cmake_target_skip_unavailable': False, 'install_base': '/home/phuros/ros2_ws/install/my_package', 'merge_install': False, 'path': '/home/phuros/ros2_ws/src/my_package', 'symlink_install': True, 'test_result_base': None}
[0.348s] Level 5:colcon.colcon_core.verb:set package 'my_package2' build argument 'cmake_args' from command line to 'None'
[0.348s] Level 5:colcon.colcon_core.verb:set package 'my_package2' build argument 'cmake_target' from command line to 'None'
[0.348s] Level 5:colcon.colcon_core.verb:set package 'my_package2' build argument 'cmake_target_skip_unavailable' from command line to 'False'
[0.348s] Level 5:colcon.colcon_core.verb:set package 'my_package2' build argument 'cmake_clean_cache' from command line to 'False'
[0.348s] Level 5:colcon.colcon_core.verb:set package 'my_package2' build argument 'cmake_clean_first' from command line to 'False'
[0.348s] Level 5:colcon.colcon_core.verb:set package 'my_package2' build argument 'cmake_force_configure' from command line to 'False'
[0.348s] Level 5:colcon.colcon_core.verb:set package 'my_package2' build argument 'ament_cmake_args' from command line to 'None'
[0.348s] Level 5:colcon.colcon_core.verb:set package 'my_package2' build argument 'catkin_cmake_args' from command line to 'None'
[0.348s] Level 5:colcon.colcon_core.verb:set package 'my_package2' build argument 'catkin_skip_building_tests' from command line to 'False'
[0.348s] DEBUG:colcon.colcon_core.verb:Building package 'my_package2' with the following arguments: {'ament_cmake_args': None, 'build_base': '/home/phuros/ros2_ws/build/my_package2', 'catkin_cmake_args': None, 'catkin_skip_building_tests': False, 'cmake_args': None, 'cmake_clean_cache': False, 'cmake_clean_first': False, 'cmake_force_configure': False, 'cmake_target': None, 'cmake_target_skip_unavailable': False, 'install_base': '/home/phuros/ros2_ws/install/my_package2', 'merge_install': False, 'path': '/home/phuros/ros2_ws/src/my_package2', 'symlink_install': True, 'test_result_base': None}
[0.349s] Level 5:colcon.colcon_core.verb:set package 'py_pubsub' build argument 'cmake_args' from command line to 'None'
[0.349s] Level 5:colcon.colcon_core.verb:set package 'py_pubsub' build argument 'cmake_target' from command line to 'None'
[0.349s] Level 5:colcon.colcon_core.verb:set package 'py_pubsub' build argument 'cmake_target_skip_unavailable' from command line to 'False'
[0.349s] Level 5:colcon.colcon_core.verb:set package 'py_pubsub' build argument 'cmake_clean_cache' from command line to 'False'
[0.349s] Level 5:colcon.colcon_core.verb:set package 'py_pubsub' build argument 'cmake_clean_first' from command line to 'False'
[0.349s] Level 5:colcon.colcon_core.verb:set package 'py_pubsub' build argument 'cmake_force_configure' from command line to 'False'
[0.349s] Level 5:colcon.colcon_core.verb:set package 'py_pubsub' build argument 'ament_cmake_args' from command line to 'None'
[0.349s] Level 5:colcon.colcon_core.verb:set package 'py_pubsub' build argument 'catkin_cmake_args' from command line to 'None'
[0.349s] Level 5:colcon.colcon_core.verb:set package 'py_pubsub' build argument 'catkin_skip_building_tests' from command line to 'False'
[0.349s] DEBUG:colcon.colcon_core.verb:Building package 'py_pubsub' with the following arguments: {'ament_cmake_args': None, 'build_base': '/home/phuros/ros2_ws/build/py_pubsub', 'catkin_cmake_args': None, 'catkin_skip_building_tests': False, 'cmake_args': None, 'cmake_clean_cache': False, 'cmake_clean_first': False, 'cmake_force_configure': False, 'cmake_target': None, 'cmake_target_skip_unavailable': False, 'install_base': '/home/phuros/ros2_ws/install/py_pubsub', 'merge_install': False, 'path': '/home/phuros/ros2_ws/src/py_pubsub', 'symlink_install': True, 'test_result_base': None}
[0.349s] INFO:colcon.colcon_core.executor:Executing jobs using 'parallel' executor
[0.350s] DEBUG:colcon.colcon_parallel_executor.executor.parallel:run_until_complete
[0.350s] INFO:colcon.colcon_ros.task.ament_cmake.build:Building ROS package in '/home/phuros/ros2_ws/src/cpp_pubsub' with build type 'ament_cmake'
[0.350s] INFO:colcon.colcon_cmake.task.cmake.build:Building CMake package in '/home/phuros/ros2_ws/src/cpp_pubsub'
[0.352s] INFO:colcon.colcon_core.plugin_system:Skipping extension 'colcon_core.shell.bat': Not used on non-Windows systems
[0.353s] INFO:colcon.colcon_core.shell:Skip shell extension 'powershell' for command environment: Not usable outside of PowerShell
[0.353s] DEBUG:colcon.colcon_core.shell:Skip shell extension 'dsv' for command environment
[0.356s] INFO:colcon.colcon_ros.task.ament_cmake.build:Building ROS package in '/home/phuros/ros2_ws/src/my_package' with build type 'ament_cmake'
[0.356s] INFO:colcon.colcon_cmake.task.cmake.build:Building CMake package in '/home/phuros/ros2_ws/src/my_package'
[0.356s] INFO:colcon.colcon_core.shell:Skip shell extension 'powershell' for command environment: Not usable outside of PowerShell
[0.356s] DEBUG:colcon.colcon_core.shell:Skip shell extension 'dsv' for command environment
[0.361s] INFO:colcon.colcon_ros.task.ament_python.build:Building ROS package in '/home/phuros/ros2_ws/src/my_package2' with build type 'ament_python'
[0.361s] Level 1:colcon.colcon_core.shell:create_environment_hook('my_package2', 'ament_prefix_path')
[0.361s] INFO:colcon.colcon_core.shell:Creating environment hook '/home/phuros/ros2_ws/install/my_package2/share/my_package2/hook/ament_prefix_path.ps1'
[0.362s] INFO:colcon.colcon_core.shell:Creating environment descriptor '/home/phuros/ros2_ws/install/my_package2/share/my_package2/hook/ament_prefix_path.dsv'
[0.363s] INFO:colcon.colcon_core.shell:Creating environment hook '/home/phuros/ros2_ws/install/my_package2/share/my_package2/hook/ament_prefix_path.sh'
[0.364s] INFO:colcon.colcon_core.shell:Skip shell extension 'powershell' for command environment: Not usable outside of PowerShell
[0.364s] DEBUG:colcon.colcon_core.shell:Skip shell extension 'dsv' for command environment
[0.368s] INFO:colcon.colcon_ros.task.ament_python.build:Building ROS package in '/home/phuros/ros2_ws/src/py_pubsub' with build type 'ament_python'
[0.368s] Level 1:colcon.colcon_core.shell:create_environment_hook('py_pubsub', 'ament_prefix_path')
[0.368s] INFO:colcon.colcon_core.shell:Creating environment hook '/home/phuros/ros2_ws/install/py_pubsub/share/py_pubsub/hook/ament_prefix_path.ps1'
[0.369s] INFO:colcon.colcon_core.shell:Creating environment descriptor '/home/phuros/ros2_ws/install/py_pubsub/share/py_pubsub/hook/ament_prefix_path.dsv'
[0.369s] INFO:colcon.colcon_core.shell:Creating environment hook '/home/phuros/ros2_ws/install/py_pubsub/share/py_pubsub/hook/ament_prefix_path.sh'
[0.370s] INFO:colcon.colcon_core.shell:Skip shell extension 'powershell' for command environment: Not usable outside of PowerShell
[0.370s] DEBUG:colcon.colcon_core.shell:Skip shell extension 'dsv' for command environment
[0.380s] DEBUG:colcon.colcon_core.event_handler.log_command:Invoking command in '/home/phuros/ros2_ws/build/cpp_pubsub': CMAKE_PREFIX_PATH=${CMAKE_PREFIX_PATH}:/home/phuros/ros2_ws/install/py_pubsub:/home/phuros/ros2_ws/install/my_package2:/opt/ros/humble /usr/bin/cmake /home/phuros/ros2_ws/src/cpp_pubsub -DAMENT_CMAKE_SYMLINK_INSTALL=1 -DCMAKE_INSTALL_PREFIX=/home/phuros/ros2_ws/install/cpp_pubsub
[0.385s] DEBUG:colcon.colcon_core.event_handler.log_command:Invoking command in '/home/phuros/ros2_ws/build/my_package': CMAKE_PREFIX_PATH=${CMAKE_PREFIX_PATH}:/home/phuros/ros2_ws/install/py_pubsub:/home/phuros/ros2_ws/install/my_package2:/opt/ros/humble /usr/bin/cmake /home/phuros/ros2_ws/src/my_package -DAMENT_CMAKE_SYMLINK_INSTALL=1 -DCMAKE_INSTALL_PREFIX=/home/phuros/ros2_ws/install/my_package
[0.808s] INFO:colcon.colcon_core.task.python.build:Building Python package in '/home/phuros/ros2_ws/src/my_package2'
[0.808s] INFO:colcon.colcon_core.shell:Skip shell extension 'powershell' for command environment: Not usable outside of PowerShell
[0.809s] DEBUG:colcon.colcon_core.shell:Skip shell extension 'dsv' for command environment
[1.209s] INFO:colcon.colcon_core.task.python.build:Building Python package in '/home/phuros/ros2_ws/src/py_pubsub'
[1.209s] INFO:colcon.colcon_core.shell:Skip shell extension 'powershell' for command environment: Not usable outside of PowerShell
[1.209s] DEBUG:colcon.colcon_core.shell:Skip shell extension 'dsv' for command environment
[1.213s] DEBUG:colcon.colcon_core.event_handler.log_command:Invoked command in '/home/phuros/ros2_ws/build/my_package' returned '0': CMAKE_PREFIX_PATH=${CMAKE_PREFIX_PATH}:/home/phuros/ros2_ws/install/py_pubsub:/home/phuros/ros2_ws/install/my_package2:/opt/ros/humble /usr/bin/cmake /home/phuros/ros2_ws/src/my_package -DAMENT_CMAKE_SYMLINK_INSTALL=1 -DCMAKE_INSTALL_PREFIX=/home/phuros/ros2_ws/install/my_package
[1.215s] DEBUG:colcon.colcon_core.event_handler.log_command:Invoking command in '/home/phuros/ros2_ws/build/my_package': CMAKE_PREFIX_PATH=${CMAKE_PREFIX_PATH}:/home/phuros/ros2_ws/install/py_pubsub:/home/phuros/ros2_ws/install/my_package2:/opt/ros/humble /usr/bin/cmake --build /home/phuros/ros2_ws/build/my_package -- -j8 -l8
[1.354s] DEBUG:colcon.colcon_core.event_handler.log_command:Invoked command in '/home/phuros/ros2_ws/build/my_package' returned '0': CMAKE_PREFIX_PATH=${CMAKE_PREFIX_PATH}:/home/phuros/ros2_ws/install/py_pubsub:/home/phuros/ros2_ws/install/my_package2:/opt/ros/humble /usr/bin/cmake --build /home/phuros/ros2_ws/build/my_package -- -j8 -l8
[1.391s] DEBUG:colcon.colcon_core.event_handler.log_command:Invoking command in '/home/phuros/ros2_ws/build/my_package': CMAKE_PREFIX_PATH=${CMAKE_PREFIX_PATH}:/home/phuros/ros2_ws/install/py_pubsub:/home/phuros/ros2_ws/install/my_package2:/opt/ros/humble /usr/bin/cmake --install /home/phuros/ros2_ws/build/my_package
[1.392s] DEBUG:colcon.colcon_core.event_handler.log_command:Invoked command in '/home/phuros/ros2_ws/build/cpp_pubsub' returned '0': CMAKE_PREFIX_PATH=${CMAKE_PREFIX_PATH}:/home/phuros/ros2_ws/install/py_pubsub:/home/phuros/ros2_ws/install/my_package2:/opt/ros/humble /usr/bin/cmake /home/phuros/ros2_ws/src/cpp_pubsub -DAMENT_CMAKE_SYMLINK_INSTALL=1 -DCMAKE_INSTALL_PREFIX=/home/phuros/ros2_ws/install/cpp_pubsub
[1.394s] DEBUG:colcon.colcon_core.event_handler.log_command:Invoking command in '/home/phuros/ros2_ws/build/cpp_pubsub': CMAKE_PREFIX_PATH=${CMAKE_PREFIX_PATH}:/home/phuros/ros2_ws/install/py_pubsub:/home/phuros/ros2_ws/install/my_package2:/opt/ros/humble /usr/bin/cmake --build /home/phuros/ros2_ws/build/cpp_pubsub -- -j8 -l8
[1.577s] Level 1:colcon.colcon_core.environment:create_environment_scripts_only(my_package)
[1.582s] Level 1:colcon.colcon_core.environment:checking '/home/phuros/ros2_ws/install/my_package' for CMake module files
[1.582s] DEBUG:colcon.colcon_core.event_handler.log_command:Invoked command in '/home/phuros/ros2_ws/build/my_package' returned '0': CMAKE_PREFIX_PATH=${CMAKE_PREFIX_PATH}:/home/phuros/ros2_ws/install/py_pubsub:/home/phuros/ros2_ws/install/my_package2:/opt/ros/humble /usr/bin/cmake --install /home/phuros/ros2_ws/build/my_package
[1.588s] Level 1:colcon.colcon_core.environment:checking '/home/phuros/ros2_ws/install/my_package' for CMake config files
[1.589s] Level 1:colcon.colcon_core.shell:create_environment_hook('my_package', 'cmake_prefix_path')
[1.589s] INFO:colcon.colcon_core.shell:Creating environment hook '/home/phuros/ros2_ws/install/my_package/share/my_package/hook/cmake_prefix_path.ps1'
[1.590s] INFO:colcon.colcon_core.shell:Creating environment descriptor '/home/phuros/ros2_ws/install/my_package/share/my_package/hook/cmake_prefix_path.dsv'
[1.590s] INFO:colcon.colcon_core.shell:Creating environment hook '/home/phuros/ros2_ws/install/my_package/share/my_package/hook/cmake_prefix_path.sh'
[1.591s] Level 1:colcon.colcon_core.environment:checking '/home/phuros/ros2_ws/install/my_package/lib'
[1.592s] Level 1:colcon.colcon_core.environment:checking '/home/phuros/ros2_ws/install/my_package/bin'
[1.592s] Level 1:colcon.colcon_core.environment:checking '/home/phuros/ros2_ws/install/my_package/lib/pkgconfig/my_package.pc'
[1.593s] Level 1:colcon.colcon_core.environment:checking '/home/phuros/ros2_ws/install/my_package/lib/python3.10/site-packages'
[1.593s] Level 1:colcon.colcon_core.environment:checking '/home/phuros/ros2_ws/install/my_package/bin'
[1.594s] INFO:colcon.colcon_core.shell:Creating package script '/home/phuros/ros2_ws/install/my_package/share/my_package/package.ps1'
[1.595s] INFO:colcon.colcon_core.shell:Creating package descriptor '/home/phuros/ros2_ws/install/my_package/share/my_package/package.dsv'
[1.596s] INFO:colcon.colcon_core.shell:Creating package script '/home/phuros/ros2_ws/install/my_package/share/my_package/package.sh'
[1.597s] INFO:colcon.colcon_core.shell:Creating package script '/home/phuros/ros2_ws/install/my_package/share/my_package/package.bash'
[1.598s] INFO:colcon.colcon_core.shell:Creating package script '/home/phuros/ros2_ws/install/my_package/share/my_package/package.zsh'
[1.600s] Level 1:colcon.colcon_core.environment:create_file_with_runtime_dependencies(/home/phuros/ros2_ws/install/my_package/share/colcon-core/packages/my_package)
[1.638s] Level 1:colcon.colcon_core.environment:create_environment_scripts_only(my_package)
[1.638s] Level 1:colcon.colcon_core.environment:checking '/home/phuros/ros2_ws/install/my_package' for CMake module files
[1.639s] Level 1:colcon.colcon_core.environment:checking '/home/phuros/ros2_ws/install/my_package' for CMake config files
[1.639s] Level 1:colcon.colcon_core.shell:create_environment_hook('my_package', 'cmake_prefix_path')
[1.639s] INFO:colcon.colcon_core.shell:Creating environment hook '/home/phuros/ros2_ws/install/my_package/share/my_package/hook/cmake_prefix_path.ps1'
[1.640s] INFO:colcon.colcon_core.shell:Creating environment descriptor '/home/phuros/ros2_ws/install/my_package/share/my_package/hook/cmake_prefix_path.dsv'
[1.640s] INFO:colcon.colcon_core.shell:Creating environment hook '/home/phuros/ros2_ws/install/my_package/share/my_package/hook/cmake_prefix_path.sh'
[1.640s] Level 1:colcon.colcon_core.environment:checking '/home/phuros/ros2_ws/install/my_package/lib'
[1.641s] Level 1:colcon.colcon_core.environment:checking '/home/phuros/ros2_ws/install/my_package/bin'
[1.641s] Level 1:colcon.colcon_core.environment:checking '/home/phuros/ros2_ws/install/my_package/lib/pkgconfig/my_package.pc'
[1.641s] Level 1:colcon.colcon_core.environment:checking '/home/phuros/ros2_ws/install/my_package/lib/python3.10/site-packages'
[1.641s] Level 1:colcon.colcon_core.environment:checking '/home/phuros/ros2_ws/install/my_package/bin'
[1.641s] INFO:colcon.colcon_core.shell:Creating package script '/home/phuros/ros2_ws/install/my_package/share/my_package/package.ps1'
[1.642s] INFO:colcon.colcon_core.shell:Creating package descriptor '/home/phuros/ros2_ws/install/my_package/share/my_package/package.dsv'
[1.642s] INFO:colcon.colcon_core.shell:Creating package script '/home/phuros/ros2_ws/install/my_package/share/my_package/package.sh'
[1.643s] INFO:colcon.colcon_core.shell:Creating package script '/home/phuros/ros2_ws/install/my_package/share/my_package/package.bash'
[1.643s] INFO:colcon.colcon_core.shell:Creating package script '/home/phuros/ros2_ws/install/my_package/share/my_package/package.zsh'
[1.643s] Level 1:colcon.colcon_core.environment:create_file_with_runtime_dependencies(/home/phuros/ros2_ws/install/my_package/share/colcon-core/packages/my_package)
[1.650s] DEBUG:colcon.colcon_core.task.python.build:While undoing a previous installation files outside the Python library path are being ignored: /home/phuros/ros2_ws/install/py_pubsub/share/ament_index/resource_index/packages/py_pubsub
[1.650s] DEBUG:colcon.colcon_core.task.python.build:While undoing a previous installation files outside the Python library path are being ignored: /home/phuros/ros2_ws/install/py_pubsub/share/py_pubsub/package.xml
[1.651s] DEBUG:colcon.colcon_core.task.python.build:While undoing a previous installation files outside the Python library path are being ignored: /home/phuros/ros2_ws/install/py_pubsub/lib/py_pubsub/talker
[1.653s] DEBUG:colcon.colcon_core.event_handler.log_command:Invoking command in '/home/phuros/ros2_ws/build/py_pubsub': PYTHONPATH=/home/phuros/ros2_ws/build/py_pubsub/prefix_override:/home/phuros/ros2_ws/install/py_pubsub/lib/python3.10/site-packages:${PYTHONPATH} /usr/bin/python3 -W ignore:setup.py install is deprecated setup.py develop --editable --build-directory /home/phuros/ros2_ws/build/py_pubsub/build --no-deps symlink_data --force
[1.655s] DEBUG:colcon.colcon_core.task.python.build:While undoing a previous installation files outside the Python library path are being ignored: /home/phuros/ros2_ws/install/my_package2/share/ament_index/resource_index/packages/my_package2
[1.655s] DEBUG:colcon.colcon_core.task.python.build:While undoing a previous installation files outside the Python library path are being ignored: /home/phuros/ros2_ws/install/my_package2/share/my_package2/package.xml
[1.656s] DEBUG:colcon.colcon_core.task.python.build:While undoing a previous installation files outside the Python library path are being ignored: /home/phuros/ros2_ws/install/my_package2/lib/my_package2/my_node2
[1.658s] DEBUG:colcon.colcon_core.event_handler.log_command:Invoking command in '/home/phuros/ros2_ws/build/my_package2': PYTHONPATH=/home/phuros/ros2_ws/build/my_package2/prefix_override:/home/phuros/ros2_ws/install/my_package2/lib/python3.10/site-packages:${PYTHONPATH} /usr/bin/python3 -W ignore:setup.py install is deprecated setup.py develop --editable --build-directory /home/phuros/ros2_ws/build/my_package2/build --no-deps symlink_data --force
[1.990s] DEBUG:colcon.colcon_core.event_handler.log_command:Invoked command in '/home/phuros/ros2_ws/build/cpp_pubsub' returned '0': CMAKE_PREFIX_PATH=${CMAKE_PREFIX_PATH}:/home/phuros/ros2_ws/install/py_pubsub:/home/phuros/ros2_ws/install/my_package2:/opt/ros/humble /usr/bin/cmake --build /home/phuros/ros2_ws/build/cpp_pubsub -- -j8 -l8
[2.022s] DEBUG:colcon.colcon_core.event_handler.log_command:Invoking command in '/home/phuros/ros2_ws/build/cpp_pubsub': CMAKE_PREFIX_PATH=${CMAKE_PREFIX_PATH}:/home/phuros/ros2_ws/install/py_pubsub:/home/phuros/ros2_ws/install/my_package2:/opt/ros/humble /usr/bin/cmake --install /home/phuros/ros2_ws/build/cpp_pubsub
[2.184s] Level 1:colcon.colcon_core.environment:create_environment_scripts_only(cpp_pubsub)
[2.185s] Level 1:colcon.colcon_core.environment:checking '/home/phuros/ros2_ws/install/cpp_pubsub' for CMake module files
[2.186s] Level 1:colcon.colcon_core.environment:checking '/home/phuros/ros2_ws/install/cpp_pubsub' for CMake config files
[2.187s] Level 1:colcon.colcon_core.shell:create_environment_hook('cpp_pubsub', 'cmake_prefix_path')
[2.186s] DEBUG:colcon.colcon_core.event_handler.log_command:Invoked command in '/home/phuros/ros2_ws/build/cpp_pubsub' returned '0': CMAKE_PREFIX_PATH=${CMAKE_PREFIX_PATH}:/home/phuros/ros2_ws/install/py_pubsub:/home/phuros/ros2_ws/install/my_package2:/opt/ros/humble /usr/bin/cmake --install /home/phuros/ros2_ws/build/cpp_pubsub
[2.187s] INFO:colcon.colcon_core.shell:Creating environment hook '/home/phuros/ros2_ws/install/cpp_pubsub/share/cpp_pubsub/hook/cmake_prefix_path.ps1'
[2.188s] INFO:colcon.colcon_core.shell:Creating environment descriptor '/home/phuros/ros2_ws/install/cpp_pubsub/share/cpp_pubsub/hook/cmake_prefix_path.dsv'
[2.188s] INFO:colcon.colcon_core.shell:Creating environment hook '/home/phuros/ros2_ws/install/cpp_pubsub/share/cpp_pubsub/hook/cmake_prefix_path.sh'
[2.189s] Level 1:colcon.colcon_core.environment:checking '/home/phuros/ros2_ws/install/cpp_pubsub/lib'
[2.190s] Level 1:colcon.colcon_core.environment:checking '/home/phuros/ros2_ws/install/cpp_pubsub/bin'
[2.190s] Level 1:colcon.colcon_core.environment:checking '/home/phuros/ros2_ws/install/cpp_pubsub/lib/pkgconfig/cpp_pubsub.pc'
[2.190s] Level 1:colcon.colcon_core.environment:checking '/home/phuros/ros2_ws/install/cpp_pubsub/lib/python3.10/site-packages'
[2.190s] Level 1:colcon.colcon_core.environment:checking '/home/phuros/ros2_ws/install/cpp_pubsub/bin'
[2.191s] INFO:colcon.colcon_core.shell:Creating package script '/home/phuros/ros2_ws/install/cpp_pubsub/share/cpp_pubsub/package.ps1'
[2.191s] INFO:colcon.colcon_core.shell:Creating package descriptor '/home/phuros/ros2_ws/install/cpp_pubsub/share/cpp_pubsub/package.dsv'
[2.192s] INFO:colcon.colcon_core.shell:Creating package script '/home/phuros/ros2_ws/install/cpp_pubsub/share/cpp_pubsub/package.sh'
[2.193s] INFO:colcon.colcon_core.shell:Creating package script '/home/phuros/ros2_ws/install/cpp_pubsub/share/cpp_pubsub/package.bash'
[2.193s] INFO:colcon.colcon_core.shell:Creating package script '/home/phuros/ros2_ws/install/cpp_pubsub/share/cpp_pubsub/package.zsh'
[2.193s] Level 1:colcon.colcon_core.environment:create_file_with_runtime_dependencies(/home/phuros/ros2_ws/install/cpp_pubsub/share/colcon-core/packages/cpp_pubsub)
[2.233s] Level 1:colcon.colcon_core.environment:create_environment_scripts_only(cpp_pubsub)
[2.233s] Level 1:colcon.colcon_core.environment:checking '/home/phuros/ros2_ws/install/cpp_pubsub' for CMake module files
[2.234s] Level 1:colcon.colcon_core.environment:checking '/home/phuros/ros2_ws/install/cpp_pubsub' for CMake config files
[2.234s] Level 1:colcon.colcon_core.shell:create_environment_hook('cpp_pubsub', 'cmake_prefix_path')
[2.235s] INFO:colcon.colcon_core.shell:Creating environment hook '/home/phuros/ros2_ws/install/cpp_pubsub/share/cpp_pubsub/hook/cmake_prefix_path.ps1'
[2.235s] INFO:colcon.colcon_core.shell:Creating environment descriptor '/home/phuros/ros2_ws/install/cpp_pubsub/share/cpp_pubsub/hook/cmake_prefix_path.dsv'
[2.236s] INFO:colcon.colcon_core.shell:Creating environment hook '/home/phuros/ros2_ws/install/cpp_pubsub/share/cpp_pubsub/hook/cmake_prefix_path.sh'
[2.236s] Level 1:colcon.colcon_core.environment:checking '/home/phuros/ros2_ws/install/cpp_pubsub/lib'
[2.237s] Level 1:colcon.colcon_core.environment:checking '/home/phuros/ros2_ws/install/cpp_pubsub/bin'
[2.237s] Level 1:colcon.colcon_core.environment:checking '/home/phuros/ros2_ws/install/cpp_pubsub/lib/pkgconfig/cpp_pubsub.pc'
[2.237s] Level 1:colcon.colcon_core.environment:checking '/home/phuros/ros2_ws/install/cpp_pubsub/lib/python3.10/site-packages'
[2.237s] Level 1:colcon.colcon_core.environment:checking '/home/phuros/ros2_ws/install/cpp_pubsub/bin'
[2.238s] INFO:colcon.colcon_core.shell:Creating package script '/home/phuros/ros2_ws/install/cpp_pubsub/share/cpp_pubsub/package.ps1'
[2.238s] INFO:colcon.colcon_core.shell:Creating package descriptor '/home/phuros/ros2_ws/install/cpp_pubsub/share/cpp_pubsub/package.dsv'
[2.239s] INFO:colcon.colcon_core.shell:Creating package script '/home/phuros/ros2_ws/install/cpp_pubsub/share/cpp_pubsub/package.sh'
[2.240s] INFO:colcon.colcon_core.shell:Creating package script '/home/phuros/ros2_ws/install/cpp_pubsub/share/cpp_pubsub/package.bash'
[2.240s] INFO:colcon.colcon_core.shell:Creating package script '/home/phuros/ros2_ws/install/cpp_pubsub/share/cpp_pubsub/package.zsh'
[2.241s] Level 1:colcon.colcon_core.environment:create_file_with_runtime_dependencies(/home/phuros/ros2_ws/install/cpp_pubsub/share/colcon-core/packages/cpp_pubsub)
[2.245s] Level 1:colcon.colcon_core.shell:create_environment_hook('my_package2', 'pythonpath_develop')
[2.245s] INFO:colcon.colcon_core.shell:Creating environment hook '/home/phuros/ros2_ws/build/my_package2/share/my_package2/hook/pythonpath_develop.ps1'
[2.246s] DEBUG:colcon.colcon_core.event_handler.log_command:Invoked command in '/home/phuros/ros2_ws/build/my_package2' returned '0': PYTHONPATH=/home/phuros/ros2_ws/build/my_package2/prefix_override:/home/phuros/ros2_ws/install/my_package2/lib/python3.10/site-packages:${PYTHONPATH} /usr/bin/python3 -W ignore:setup.py install is deprecated setup.py develop --editable --build-directory /home/phuros/ros2_ws/build/my_package2/build --no-deps symlink_data --force
[2.246s] INFO:colcon.colcon_core.shell:Creating environment descriptor '/home/phuros/ros2_ws/build/my_package2/share/my_package2/hook/pythonpath_develop.dsv'
[2.247s] INFO:colcon.colcon_core.shell:Creating environment hook '/home/phuros/ros2_ws/build/my_package2/share/my_package2/hook/pythonpath_develop.sh'
[2.247s] Level 1:colcon.colcon_core.environment:checking '/home/phuros/ros2_ws/install/my_package2' for CMake module files
[2.248s] Level 1:colcon.colcon_core.environment:checking '/home/phuros/ros2_ws/install/my_package2' for CMake config files
[2.248s] Level 1:colcon.colcon_core.environment:checking '/home/phuros/ros2_ws/install/my_package2/lib'
[2.249s] Level 1:colcon.colcon_core.environment:checking '/home/phuros/ros2_ws/install/my_package2/bin'
[2.249s] Level 1:colcon.colcon_core.environment:checking '/home/phuros/ros2_ws/install/my_package2/lib/pkgconfig/my_package2.pc'
[2.249s] Level 1:colcon.colcon_core.environment:checking '/home/phuros/ros2_ws/install/my_package2/lib/python3.10/site-packages'
[2.249s] Level 1:colcon.colcon_core.shell:create_environment_hook('my_package2', 'pythonpath')
[2.249s] INFO:colcon.colcon_core.shell:Creating environment hook '/home/phuros/ros2_ws/install/my_package2/share/my_package2/hook/pythonpath.ps1'
[2.250s] INFO:colcon.colcon_core.shell:Creating environment descriptor '/home/phuros/ros2_ws/install/my_package2/share/my_package2/hook/pythonpath.dsv'
[2.250s] INFO:colcon.colcon_core.shell:Creating environment hook '/home/phuros/ros2_ws/install/my_package2/share/my_package2/hook/pythonpath.sh'
[2.251s] Level 1:colcon.colcon_core.environment:checking '/home/phuros/ros2_ws/install/my_package2/bin'
[2.251s] Level 1:colcon.colcon_core.environment:create_environment_scripts_only(my_package2)
[2.252s] INFO:colcon.colcon_core.shell:Creating package script '/home/phuros/ros2_ws/install/my_package2/share/my_package2/package.ps1'
[2.252s] INFO:colcon.colcon_core.shell:Creating package descriptor '/home/phuros/ros2_ws/install/my_package2/share/my_package2/package.dsv'
[2.253s] INFO:colcon.colcon_core.shell:Creating package script '/home/phuros/ros2_ws/install/my_package2/share/my_package2/package.sh'
[2.253s] INFO:colcon.colcon_core.shell:Creating package script '/home/phuros/ros2_ws/install/my_package2/share/my_package2/package.bash'
[2.254s] INFO:colcon.colcon_core.shell:Creating package script '/home/phuros/ros2_ws/install/my_package2/share/my_package2/package.zsh'
[2.254s] Level 1:colcon.colcon_core.environment:create_file_with_runtime_dependencies(/home/phuros/ros2_ws/install/my_package2/share/colcon-core/packages/my_package2)
[2.255s] Level 1:colcon.colcon_core.shell:create_environment_hook('py_pubsub', 'pythonpath_develop')
[2.256s] INFO:colcon.colcon_core.shell:Creating environment hook '/home/phuros/ros2_ws/build/py_pubsub/share/py_pubsub/hook/pythonpath_develop.ps1'
[2.257s] DEBUG:colcon.colcon_core.event_handler.log_command:Invoked command in '/home/phuros/ros2_ws/build/py_pubsub' returned '0': PYTHONPATH=/home/phuros/ros2_ws/build/py_pubsub/prefix_override:/home/phuros/ros2_ws/install/py_pubsub/lib/python3.10/site-packages:${PYTHONPATH} /usr/bin/python3 -W ignore:setup.py install is deprecated setup.py develop --editable --build-directory /home/phuros/ros2_ws/build/py_pubsub/build --no-deps symlink_data --force
[2.257s] INFO:colcon.colcon_core.shell:Creating environment descriptor '/home/phuros/ros2_ws/build/py_pubsub/share/py_pubsub/hook/pythonpath_develop.dsv'
[2.257s] INFO:colcon.colcon_core.shell:Creating environment hook '/home/phuros/ros2_ws/build/py_pubsub/share/py_pubsub/hook/pythonpath_develop.sh'
[2.258s] Level 1:colcon.colcon_core.environment:checking '/home/phuros/ros2_ws/install/py_pubsub' for CMake module files
[2.258s] Level 1:colcon.colcon_core.environment:checking '/home/phuros/ros2_ws/install/py_pubsub' for CMake config files
[2.259s] Level 1:colcon.colcon_core.environment:checking '/home/phuros/ros2_ws/install/py_pubsub/lib'
[2.259s] Level 1:colcon.colcon_core.environment:checking '/home/phuros/ros2_ws/install/py_pubsub/bin'
[2.259s] Level 1:colcon.colcon_core.environment:checking '/home/phuros/ros2_ws/install/py_pubsub/lib/pkgconfig/py_pubsub.pc'
[2.260s] Level 1:colcon.colcon_core.environment:checking '/home/phuros/ros2_ws/install/py_pubsub/lib/python3.10/site-packages'
[2.260s] Level 1:colcon.colcon_core.shell:create_environment_hook('py_pubsub', 'pythonpath')
[2.260s] INFO:colcon.colcon_core.shell:Creating environment hook '/home/phuros/ros2_ws/install/py_pubsub/share/py_pubsub/hook/pythonpath.ps1'
[2.261s] INFO:colcon.colcon_core.shell:Creating environment descriptor '/home/phuros/ros2_ws/install/py_pubsub/share/py_pubsub/hook/pythonpath.dsv'
[2.261s] INFO:colcon.colcon_core.shell:Creating environment hook '/home/phuros/ros2_ws/install/py_pubsub/share/py_pubsub/hook/pythonpath.sh'
[2.262s] Level 1:colcon.colcon_core.environment:checking '/home/phuros/ros2_ws/install/py_pubsub/bin'
[2.262s] Level 1:colcon.colcon_core.environment:create_environment_scripts_only(py_pubsub)
[2.262s] INFO:colcon.colcon_core.shell:Creating package script '/home/phuros/ros2_ws/install/py_pubsub/share/py_pubsub/package.ps1'
[2.263s] INFO:colcon.colcon_core.shell:Creating package descriptor '/home/phuros/ros2_ws/install/py_pubsub/share/py_pubsub/package.dsv'
[2.263s] INFO:colcon.colcon_core.shell:Creating package script '/home/phuros/ros2_ws/install/py_pubsub/share/py_pubsub/package.sh'
[2.264s] INFO:colcon.colcon_core.shell:Creating package script '/home/phuros/ros2_ws/install/py_pubsub/share/py_pubsub/package.bash'
[2.264s] INFO:colcon.colcon_core.shell:Creating package script '/home/phuros/ros2_ws/install/py_pubsub/share/py_pubsub/package.zsh'
[2.264s] Level 1:colcon.colcon_core.environment:create_file_with_runtime_dependencies(/home/phuros/ros2_ws/install/py_pubsub/share/colcon-core/packages/py_pubsub)
[2.265s] DEBUG:colcon.colcon_parallel_executor.executor.parallel:closing loop
[2.265s] DEBUG:colcon.colcon_parallel_executor.executor.parallel:loop closed
[2.265s] DEBUG:colcon.colcon_parallel_executor.executor.parallel:run_until_complete finished with '0'
[2.266s] DEBUG:colcon.colcon_core.event_reactor:joining thread
[2.273s] INFO:colcon.colcon_core.plugin_system:Skipping extension 'colcon_notification.desktop_notification.terminal_notifier': Not used on non-Darwin systems
[2.273s] INFO:colcon.colcon_core.plugin_system:Skipping extension 'colcon_notification.desktop_notification.win32': Not used on non-Windows systems
[2.273s] INFO:colcon.colcon_notification.desktop_notification:Sending desktop notification using 'notify2'
[2.287s] DEBUG:colcon.colcon_core.event_reactor:joined thread
[2.288s] INFO:colcon.colcon_core.shell:Creating prefix script '/home/phuros/ros2_ws/install/local_setup.ps1'
[2.289s] INFO:colcon.colcon_core.shell:Creating prefix util module '/home/phuros/ros2_ws/install/_local_setup_util_ps1.py'
[2.291s] INFO:colcon.colcon_core.shell:Creating prefix chain script '/home/phuros/ros2_ws/install/setup.ps1'
[2.293s] INFO:colcon.colcon_core.shell:Creating prefix script '/home/phuros/ros2_ws/install/local_setup.sh'
[2.294s] INFO:colcon.colcon_core.shell:Creating prefix util module '/home/phuros/ros2_ws/install/_local_setup_util_sh.py'
[2.294s] INFO:colcon.colcon_core.shell:Creating prefix chain script '/home/phuros/ros2_ws/install/setup.sh'
[2.295s] INFO:colcon.colcon_core.shell:Creating prefix script '/home/phuros/ros2_ws/install/local_setup.bash'
[2.296s] INFO:colcon.colcon_core.shell:Creating prefix chain script '/home/phuros/ros2_ws/install/setup.bash'
[2.297s] INFO:colcon.colcon_core.shell:Creating prefix script '/home/phuros/ros2_ws/install/local_setup.zsh'
[2.298s] INFO:colcon.colcon_core.shell:Creating prefix chain script '/home/phuros/ros2_ws/install/setup.zsh'
