[0.012s] Invoking command in '/home/phuros/ros2_ws/build/my_package': CMAKE_PREFIX_PATH=/opt/ros/humble /usr/bin/cmake /home/phuros/ros2_ws/src/my_package -DCMAKE_INSTALL_PREFIX=/home/phuros/ros2_ws/install/my_package
[0.176s] -- The C compiler identification is GNU 11.4.0
[1.086s] -- The CXX compiler identification is GNU 11.4.0
[1.093s] -- Detecting C compiler ABI info
[1.304s] -- Detecting C compiler ABI info - done
[1.314s] -- Check for working C compiler: /usr/bin/cc - skipped
[1.314s] -- Detecting C compile features
[1.314s] -- Detecting C compile features - done
[1.319s] -- Detecting CXX compiler ABI info
[1.396s] -- Detecting CXX compiler ABI info - done
[1.403s] -- Check for working CXX compiler: /usr/bin/c++ - skipped
[1.404s] -- Detecting CXX compile features
[1.404s] -- Detecting CXX compile features - done
[1.407s] -- Found ament_cmake: 1.3.8 (/opt/ros/humble/share/ament_cmake/cmake)
[1.566s] -- Found Python3: /usr/bin/python3 (found version "3.10.12") found components: Interpreter 
[1.640s] -- Found ament_lint_auto: 0.12.10 (/opt/ros/humble/share/ament_lint_auto/cmake)
[1.709s] -- Added test 'cppcheck' to perform static code analysis on C / C++ code
[1.710s] -- Configured cppcheck include dirs: $<BUILD_INTERFACE:/home/phuros/ros2_ws/src/my_package/include>
[1.710s] -- Configured cppcheck exclude dirs and/or files: 
[1.710s] -- Added test 'lint_cmake' to check CMake code style
[1.712s] -- Added test 'uncrustify' to check C / C++ code style
[1.712s] -- Configured uncrustify additional arguments: 
[1.712s] -- Added test 'xmllint' to check XML markup files
[1.714s] -- Configuring done
[1.719s] -- Generating done
[1.720s] -- Build files have been written to: /home/phuros/ros2_ws/build/my_package
[1.727s] Invoked command in '/home/phuros/ros2_ws/build/my_package' returned '0': CMAKE_PREFIX_PATH=/opt/ros/humble /usr/bin/cmake /home/phuros/ros2_ws/src/my_package -DCMAKE_INSTALL_PREFIX=/home/phuros/ros2_ws/install/my_package
[1.728s] Invoking command in '/home/phuros/ros2_ws/build/my_package': CMAKE_PREFIX_PATH=/opt/ros/humble /usr/bin/cmake --build /home/phuros/ros2_ws/build/my_package -- -j8 -l8
[1.769s] [ 50%] [32mBuilding CXX object CMakeFiles/my_node.dir/src/my_node.cpp.o[0m
[1.796s] [100%] [32m[1mLinking CXX executable my_node[0m
[1.842s] [100%] Built target my_node
[1.853s] Invoked command in '/home/phuros/ros2_ws/build/my_package' returned '0': CMAKE_PREFIX_PATH=/opt/ros/humble /usr/bin/cmake --build /home/phuros/ros2_ws/build/my_package -- -j8 -l8
[1.883s] Invoking command in '/home/phuros/ros2_ws/build/my_package': CMAKE_PREFIX_PATH=/opt/ros/humble /usr/bin/cmake --install /home/phuros/ros2_ws/build/my_package
[1.891s] -- Install configuration: ""
[1.891s] -- Installing: /home/phuros/ros2_ws/install/my_package/lib/my_package/my_node
[1.891s] -- Installing: /home/phuros/ros2_ws/install/my_package/share/ament_index/resource_index/package_run_dependencies/my_package
[1.891s] -- Installing: /home/phuros/ros2_ws/install/my_package/share/ament_index/resource_index/parent_prefix_path/my_package
[1.892s] -- Installing: /home/phuros/ros2_ws/install/my_package/share/my_package/environment/ament_prefix_path.sh
[1.892s] -- Installing: /home/phuros/ros2_ws/install/my_package/share/my_package/environment/ament_prefix_path.dsv
[1.892s] -- Installing: /home/phuros/ros2_ws/install/my_package/share/my_package/environment/path.sh
[1.892s] -- Installing: /home/phuros/ros2_ws/install/my_package/share/my_package/environment/path.dsv
[1.892s] -- Installing: /home/phuros/ros2_ws/install/my_package/share/my_package/local_setup.bash
[1.893s] -- Installing: /home/phuros/ros2_ws/install/my_package/share/my_package/local_setup.sh
[1.893s] -- Installing: /home/phuros/ros2_ws/install/my_package/share/my_package/local_setup.zsh
[1.893s] -- Installing: /home/phuros/ros2_ws/install/my_package/share/my_package/local_setup.dsv
[1.893s] -- Installing: /home/phuros/ros2_ws/install/my_package/share/my_package/package.dsv
[1.893s] -- Installing: /home/phuros/ros2_ws/install/my_package/share/ament_index/resource_index/packages/my_package
[1.893s] -- Installing: /home/phuros/ros2_ws/install/my_package/share/my_package/cmake/my_packageConfig.cmake
[1.894s] -- Installing: /home/phuros/ros2_ws/install/my_package/share/my_package/cmake/my_packageConfig-version.cmake
[1.894s] -- Installing: /home/phuros/ros2_ws/install/my_package/share/my_package/package.xml
[1.896s] Invoked command in '/home/phuros/ros2_ws/build/my_package' returned '0': CMAKE_PREFIX_PATH=/opt/ros/humble /usr/bin/cmake --install /home/phuros/ros2_ws/build/my_package
