[1.129s] Invoking command in '/home/phuros/ros2_ws/build/cpp_pubsub': CMAKE_PREFIX_PATH=/opt/ros/humble /usr/bin/cmake /home/phuros/ros2_ws/src/cpp_pubsub -DCMAKE_INSTALL_PREFIX=/home/phuros/ros2_ws/install/cpp_pubsub
[1.185s] -- The C compiler identification is GNU 11.4.0
[1.244s] -- The CXX compiler identification is GNU 11.4.0
[1.615s] -- Detecting C compiler ABI info
[1.681s] -- Detecting C compiler ABI info - done
[1.689s] -- Check for working C compiler: /usr/bin/cc - skipped
[1.689s] -- Detecting C compile features
[1.689s] -- Detecting C compile features - done
[1.692s] -- Detecting CXX compiler ABI info
[1.765s] -- Detecting CXX compiler ABI info - done
[1.773s] -- Check for working CXX compiler: /usr/bin/c++ - skipped
[1.773s] -- Detecting CXX compile features
[1.773s] -- Detecting CXX compile features - done
[1.776s] -- Found ament_cmake: 1.3.8 (/opt/ros/humble/share/ament_cmake/cmake)
[1.912s] -- Found Python3: /usr/bin/python3 (found version "3.10.12") found components: Interpreter 
[1.993s] -- Found rclcpp: 16.0.8 (/opt/ros/humble/share/rclcpp/cmake)
[2.030s] -- Found rosidl_generator_c: 3.1.5 (/opt/ros/humble/share/rosidl_generator_c/cmake)
[2.035s] -- Found rosidl_adapter: 3.1.5 (/opt/ros/humble/share/rosidl_adapter/cmake)
[2.042s] -- Found rosidl_generator_cpp: 3.1.5 (/opt/ros/humble/share/rosidl_generator_cpp/cmake)
[2.055s] -- Using all available rosidl_typesupport_c: rosidl_typesupport_fastrtps_c;rosidl_typesupport_introspection_c
[2.073s] -- Using all available rosidl_typesupport_cpp: rosidl_typesupport_fastrtps_cpp;rosidl_typesupport_introspection_cpp
[2.138s] -- Found rmw_implementation_cmake: 6.1.1 (/opt/ros/humble/share/rmw_implementation_cmake/cmake)
[2.140s] -- Found rmw_fastrtps_cpp: 6.2.6 (/opt/ros/humble/share/rmw_fastrtps_cpp/cmake)
[2.231s] -- Found OpenSSL: /usr/lib/x86_64-linux-gnu/libcrypto.so (found version "3.0.2")  
[2.256s] -- Found FastRTPS: /opt/ros/humble/include  
[2.298s] -- Using RMW implementation 'rmw_fastrtps_cpp' as default
[2.680s] -- Looking for pthread.h
[2.749s] -- Looking for pthread.h - found
[2.749s] -- Performing Test CMAKE_HAVE_LIBC_PTHREAD
[2.817s] -- Performing Test CMAKE_HAVE_LIBC_PTHREAD - Success
[2.818s] -- Found Threads: TRUE  
[2.983s] -- Found ament_lint_auto: 0.12.10 (/opt/ros/humble/share/ament_lint_auto/cmake)
[3.052s] -- Added test 'cppcheck' to perform static code analysis on C / C++ code
[3.052s] -- Configured cppcheck include dirs: 
[3.052s] -- Configured cppcheck exclude dirs and/or files: 
[3.053s] -- Added test 'lint_cmake' to check CMake code style
[3.054s] -- Added test 'uncrustify' to check C / C++ code style
[3.054s] -- Configured uncrustify additional arguments: 
[3.055s] -- Added test 'xmllint' to check XML markup files
[3.056s] -- Configuring done
[3.068s] -- Generating done
[3.069s] -- Build files have been written to: /home/phuros/ros2_ws/build/cpp_pubsub
[3.078s] Invoked command in '/home/phuros/ros2_ws/build/cpp_pubsub' returned '0': CMAKE_PREFIX_PATH=/opt/ros/humble /usr/bin/cmake /home/phuros/ros2_ws/src/cpp_pubsub -DCMAKE_INSTALL_PREFIX=/home/phuros/ros2_ws/install/cpp_pubsub
[3.081s] Invoking command in '/home/phuros/ros2_ws/build/cpp_pubsub': CMAKE_PREFIX_PATH=/opt/ros/humble /usr/bin/cmake --build /home/phuros/ros2_ws/build/cpp_pubsub -- -j8 -l8
[3.130s] [ 50%] [32mBuilding CXX object CMakeFiles/talker.dir/src/publisher_member_function.cpp.o[0m
[3.130s] [ 50%] [32mBuilding CXX object CMakeFiles/listener.dir/src/subscriber_member_function.cpp.o[0m
[7.301s] [ 75%] [32m[1mLinking CXX executable talker[0m
[7.491s] [ 75%] Built target talker
[10.781s] [100%] [32m[1mLinking CXX executable listener[0m
[11.119s] [100%] Built target listener
[11.130s] Invoked command in '/home/phuros/ros2_ws/build/cpp_pubsub' returned '0': CMAKE_PREFIX_PATH=/opt/ros/humble /usr/bin/cmake --build /home/phuros/ros2_ws/build/cpp_pubsub -- -j8 -l8
[11.166s] Invoking command in '/home/phuros/ros2_ws/build/cpp_pubsub': CMAKE_PREFIX_PATH=/opt/ros/humble /usr/bin/cmake --install /home/phuros/ros2_ws/build/cpp_pubsub
[11.174s] -- Install configuration: ""
[11.174s] -- Installing: /home/phuros/ros2_ws/install/cpp_pubsub/lib/cpp_pubsub/talker
[11.175s] -- Set runtime path of "/home/phuros/ros2_ws/install/cpp_pubsub/lib/cpp_pubsub/talker" to ""
[11.176s] -- Installing: /home/phuros/ros2_ws/install/cpp_pubsub/lib/cpp_pubsub/listener
[11.179s] -- Set runtime path of "/home/phuros/ros2_ws/install/cpp_pubsub/lib/cpp_pubsub/listener" to ""
[11.180s] -- Installing: /home/phuros/ros2_ws/install/cpp_pubsub/share/ament_index/resource_index/package_run_dependencies/cpp_pubsub
[11.180s] -- Installing: /home/phuros/ros2_ws/install/cpp_pubsub/share/ament_index/resource_index/parent_prefix_path/cpp_pubsub
[11.180s] -- Installing: /home/phuros/ros2_ws/install/cpp_pubsub/share/cpp_pubsub/environment/ament_prefix_path.sh
[11.180s] -- Installing: /home/phuros/ros2_ws/install/cpp_pubsub/share/cpp_pubsub/environment/ament_prefix_path.dsv
[11.181s] -- Installing: /home/phuros/ros2_ws/install/cpp_pubsub/share/cpp_pubsub/environment/path.sh
[11.181s] -- Installing: /home/phuros/ros2_ws/install/cpp_pubsub/share/cpp_pubsub/environment/path.dsv
[11.181s] -- Installing: /home/phuros/ros2_ws/install/cpp_pubsub/share/cpp_pubsub/local_setup.bash
[11.181s] -- Installing: /home/phuros/ros2_ws/install/cpp_pubsub/share/cpp_pubsub/local_setup.sh
[11.181s] -- Installing: /home/phuros/ros2_ws/install/cpp_pubsub/share/cpp_pubsub/local_setup.zsh
[11.182s] -- Installing: /home/phuros/ros2_ws/install/cpp_pubsub/share/cpp_pubsub/local_setup.dsv
[11.182s] -- Installing: /home/phuros/ros2_ws/install/cpp_pubsub/share/cpp_pubsub/package.dsv
[11.182s] -- Installing: /home/phuros/ros2_ws/install/cpp_pubsub/share/ament_index/resource_index/packages/cpp_pubsub
[11.182s] -- Installing: /home/phuros/ros2_ws/install/cpp_pubsub/share/cpp_pubsub/cmake/cpp_pubsubConfig.cmake
[11.183s] -- Installing: /home/phuros/ros2_ws/install/cpp_pubsub/share/cpp_pubsub/cmake/cpp_pubsubConfig-version.cmake
[11.183s] -- Installing: /home/phuros/ros2_ws/install/cpp_pubsub/share/cpp_pubsub/package.xml
[11.185s] Invoked command in '/home/phuros/ros2_ws/build/cpp_pubsub' returned '0': CMAKE_PREFIX_PATH=/opt/ros/humble /usr/bin/cmake --install /home/phuros/ros2_ws/build/cpp_pubsub
