[0.563s] Invoking command in '/home/phuros/ros2_ws/src/py_pubsub': PYTHONPATH=/home/phuros/ros2_ws/build/py_pubsub/prefix_override:/home/phuros/ros2_ws/install/py_pubsub/lib/python3.10/site-packages:${PYTHONPATH} /usr/bin/python3 -W ignore:setup.py install is deprecated setup.py egg_info --egg-base ../../build/py_pubsub build --build-base /home/phuros/ros2_ws/build/py_pubsub/build install --record /home/phuros/ros2_ws/build/py_pubsub/install.log --single-version-externally-managed install_data
[0.798s] running egg_info
[0.799s] writing ../../build/py_pubsub/py_pubsub.egg-info/PKG-INFO
[0.799s] writing dependency_links to ../../build/py_pubsub/py_pubsub.egg-info/dependency_links.txt
[0.800s] writing entry points to ../../build/py_pubsub/py_pubsub.egg-info/entry_points.txt
[0.800s] writing requirements to ../../build/py_pubsub/py_pubsub.egg-info/requires.txt
[0.800s] writing top-level names to ../../build/py_pubsub/py_pubsub.egg-info/top_level.txt
[0.801s] reading manifest file '../../build/py_pubsub/py_pubsub.egg-info/SOURCES.txt'
[0.802s] adding license file 'LICENSE'
[0.802s] writing manifest file '../../build/py_pubsub/py_pubsub.egg-info/SOURCES.txt'
[0.802s] running build
[0.803s] running build_py
[0.803s] running install
[0.803s] running install_lib
[0.804s] running install_data
[0.804s] running install_egg_info
[0.806s] removing '/home/phuros/ros2_ws/install/py_pubsub/lib/python3.10/site-packages/py_pubsub-0.0.0-py3.10.egg-info' (and everything under it)
[0.806s] Copying ../../build/py_pubsub/py_pubsub.egg-info to /home/phuros/ros2_ws/install/py_pubsub/lib/python3.10/site-packages/py_pubsub-0.0.0-py3.10.egg-info
[0.807s] running install_scripts
[0.827s] Installing talker script to /home/phuros/ros2_ws/install/py_pubsub/lib/py_pubsub
[0.827s] writing list of installed files to '/home/phuros/ros2_ws/build/py_pubsub/install.log'
[0.847s] Invoked command in '/home/phuros/ros2_ws/src/py_pubsub' returned '0': PYTHONPATH=/home/phuros/ros2_ws/build/py_pubsub/prefix_override:/home/phuros/ros2_ws/install/py_pubsub/lib/python3.10/site-packages:${PYTHONPATH} /usr/bin/python3 -W ignore:setup.py install is deprecated setup.py egg_info --egg-base ../../build/py_pubsub build --build-base /home/phuros/ros2_ws/build/py_pubsub/build install --record /home/phuros/ros2_ws/build/py_pubsub/install.log --single-version-externally-managed install_data
