[1.434s] Invoking command in '/home/phuros/ros2_ws/src/my_package2': PYTHONPATH=/home/phuros/ros2_ws/build/my_package2/prefix_override:/home/phuros/ros2_ws/install/my_package2/lib/python3.10/site-packages:${PYTHONPATH} /usr/bin/python3 -W ignore:setup.py install is deprecated setup.py egg_info --egg-base ../../build/my_package2 build --build-base /home/phuros/ros2_ws/build/my_package2/build install --record /home/phuros/ros2_ws/build/my_package2/install.log --single-version-externally-managed install_data
[1.692s] running egg_info
[1.693s] writing ../../build/my_package2/my_package2.egg-info/PKG-INFO
[1.694s] writing dependency_links to ../../build/my_package2/my_package2.egg-info/dependency_links.txt
[1.694s] writing entry points to ../../build/my_package2/my_package2.egg-info/entry_points.txt
[1.694s] writing requirements to ../../build/my_package2/my_package2.egg-info/requires.txt
[1.694s] writing top-level names to ../../build/my_package2/my_package2.egg-info/top_level.txt
[1.697s] reading manifest file '../../build/my_package2/my_package2.egg-info/SOURCES.txt'
[1.697s] adding license file 'LICENSE'
[1.698s] writing manifest file '../../build/my_package2/my_package2.egg-info/SOURCES.txt'
[1.698s] running build
[1.698s] running build_py
[1.698s] running install
[1.699s] running install_lib
[1.701s] running install_data
[1.701s] running install_egg_info
[1.703s] removing '/home/phuros/ros2_ws/install/my_package2/lib/python3.10/site-packages/my_package2-0.0.0-py3.10.egg-info' (and everything under it)
[1.703s] Copying ../../build/my_package2/my_package2.egg-info to /home/phuros/ros2_ws/install/my_package2/lib/python3.10/site-packages/my_package2-0.0.0-py3.10.egg-info
[1.705s] running install_scripts
[1.733s] Installing my_node2 script to /home/phuros/ros2_ws/install/my_package2/lib/my_package2
[1.733s] writing list of installed files to '/home/phuros/ros2_ws/build/my_package2/install.log'
[1.765s] Invoked command in '/home/phuros/ros2_ws/src/my_package2' returned '0': PYTHONPATH=/home/phuros/ros2_ws/build/my_package2/prefix_override:/home/phuros/ros2_ws/install/my_package2/lib/python3.10/site-packages:${PYTHONPATH} /usr/bin/python3 -W ignore:setup.py install is deprecated setup.py egg_info --egg-base ../../build/my_package2 build --build-base /home/phuros/ros2_ws/build/my_package2/build install --record /home/phuros/ros2_ws/build/my_package2/install.log --single-version-externally-managed install_data
