[0.027s] Invoking command in '/home/phuros/ros2_ws/build/cpp_pubsub': CMAKE_PREFIX_PATH=${CMAKE_PREFIX_PATH}:/home/phuros/ros2_ws/install/py_pubsub:/home/phuros/ros2_ws/install/my_package2:/opt/ros/humble /usr/bin/cmake /home/phuros/ros2_ws/src/cpp_pubsub -DCMAKE_INSTALL_PREFIX=/home/phuros/ros2_ws/install/cpp_pubsub
[0.344s] -- Found ament_cmake: 1.3.8 (/opt/ros/humble/share/ament_cmake/cmake)
[0.346s] -- Override CMake install command with custom implementation using symlinks instead of copying resources
[0.346s] -- Found rclcpp: 16.0.8 (/opt/ros/humble/share/rclcpp/cmake)
[0.346s] -- Found rosidl_generator_c: 3.1.5 (/opt/ros/humble/share/rosidl_generator_c/cmake)
[0.347s] -- Found rosidl_adapter: 3.1.5 (/opt/ros/humble/share/rosidl_adapter/cmake)
[0.347s] -- Found rosidl_generator_cpp: 3.1.5 (/opt/ros/humble/share/rosidl_generator_cpp/cmake)
[0.348s] -- Using all available rosidl_typesupport_c: rosidl_typesupport_fastrtps_c;rosidl_typesupport_introspection_c
[0.348s] -- Using all available rosidl_typesupport_cpp: rosidl_typesupport_fastrtps_cpp;rosidl_typesupport_introspection_cpp
[0.348s] -- Found rmw_implementation_cmake: 6.1.1 (/opt/ros/humble/share/rmw_implementation_cmake/cmake)
[0.348s] -- Found rmw_fastrtps_cpp: 6.2.6 (/opt/ros/humble/share/rmw_fastrtps_cpp/cmake)
[0.645s] -- Using RMW implementation 'rmw_fastrtps_cpp' as default
[0.822s] -- Found ament_lint_auto: 0.12.10 (/opt/ros/humble/share/ament_lint_auto/cmake)
[0.899s] -- Added test 'cppcheck' to perform static code analysis on C / C++ code
[0.899s] -- Configured cppcheck include dirs: 
[0.899s] -- Configured cppcheck exclude dirs and/or files: 
[0.901s] -- Added test 'lint_cmake' to check CMake code style
[0.908s] -- Added test 'uncrustify' to check C / C++ code style
[0.908s] -- Configured uncrustify additional arguments: 
[0.909s] -- Added test 'xmllint' to check XML markup files
[0.910s] -- Configuring done
[0.923s] -- Generating done
[0.926s] -- Build files have been written to: /home/phuros/ros2_ws/build/cpp_pubsub
[0.933s] Invoked command in '/home/phuros/ros2_ws/build/cpp_pubsub' returned '0': CMAKE_PREFIX_PATH=${CMAKE_PREFIX_PATH}:/home/phuros/ros2_ws/install/py_pubsub:/home/phuros/ros2_ws/install/my_package2:/opt/ros/humble /usr/bin/cmake /home/phuros/ros2_ws/src/cpp_pubsub -DCMAKE_INSTALL_PREFIX=/home/phuros/ros2_ws/install/cpp_pubsub
[0.935s] Invoking command in '/home/phuros/ros2_ws/build/cpp_pubsub': CMAKE_PREFIX_PATH=${CMAKE_PREFIX_PATH}:/home/phuros/ros2_ws/install/py_pubsub:/home/phuros/ros2_ws/install/my_package2:/opt/ros/humble /usr/bin/cmake --build /home/phuros/ros2_ws/build/cpp_pubsub -- -j8 -l8
[0.981s] [35m[1mConsolidate compiler generated dependencies of target talker[0m
[0.981s] [35m[1mConsolidate compiler generated dependencies of target listener[0m
[0.998s] [ 75%] Built target talker
[0.998s] [100%] Built target listener
[1.009s] Invoked command in '/home/phuros/ros2_ws/build/cpp_pubsub' returned '0': CMAKE_PREFIX_PATH=${CMAKE_PREFIX_PATH}:/home/phuros/ros2_ws/install/py_pubsub:/home/phuros/ros2_ws/install/my_package2:/opt/ros/humble /usr/bin/cmake --build /home/phuros/ros2_ws/build/cpp_pubsub -- -j8 -l8
[1.040s] Invoking command in '/home/phuros/ros2_ws/build/cpp_pubsub': CMAKE_PREFIX_PATH=${CMAKE_PREFIX_PATH}:/home/phuros/ros2_ws/install/py_pubsub:/home/phuros/ros2_ws/install/my_package2:/opt/ros/humble /usr/bin/cmake --install /home/phuros/ros2_ws/build/cpp_pubsub
[1.047s] -- Install configuration: ""
[1.047s] -- Execute custom install script
[1.048s] -- Up-to-date symlink: /home/phuros/ros2_ws/install/cpp_pubsub/lib/cpp_pubsub/talker
[1.048s] -- Up-to-date symlink: /home/phuros/ros2_ws/install/cpp_pubsub/lib/cpp_pubsub/listener
[1.048s] -- Up-to-date symlink: /home/phuros/ros2_ws/install/cpp_pubsub/share/ament_index/resource_index/package_run_dependencies/cpp_pubsub
[1.048s] -- Up-to-date symlink: /home/phuros/ros2_ws/install/cpp_pubsub/share/ament_index/resource_index/parent_prefix_path/cpp_pubsub
[1.049s] -- Up-to-date symlink: /home/phuros/ros2_ws/install/cpp_pubsub/share/cpp_pubsub/environment/ament_prefix_path.sh
[1.049s] -- Up-to-date symlink: /home/phuros/ros2_ws/install/cpp_pubsub/share/cpp_pubsub/environment/ament_prefix_path.dsv
[1.049s] -- Up-to-date symlink: /home/phuros/ros2_ws/install/cpp_pubsub/share/cpp_pubsub/environment/path.sh
[1.049s] -- Up-to-date symlink: /home/phuros/ros2_ws/install/cpp_pubsub/share/cpp_pubsub/environment/path.dsv
[1.050s] -- Up-to-date symlink: /home/phuros/ros2_ws/install/cpp_pubsub/share/cpp_pubsub/local_setup.bash
[1.050s] -- Up-to-date symlink: /home/phuros/ros2_ws/install/cpp_pubsub/share/cpp_pubsub/local_setup.sh
[1.050s] -- Up-to-date symlink: /home/phuros/ros2_ws/install/cpp_pubsub/share/cpp_pubsub/local_setup.zsh
[1.050s] -- Up-to-date symlink: /home/phuros/ros2_ws/install/cpp_pubsub/share/cpp_pubsub/local_setup.dsv
[1.050s] -- Symlinking: /home/phuros/ros2_ws/install/cpp_pubsub/share/cpp_pubsub/package.dsv
[1.061s] -- Up-to-date symlink: /home/phuros/ros2_ws/install/cpp_pubsub/share/ament_index/resource_index/packages/cpp_pubsub
[1.061s] -- Up-to-date symlink: /home/phuros/ros2_ws/install/cpp_pubsub/share/cpp_pubsub/cmake/cpp_pubsubConfig.cmake
[1.062s] -- Up-to-date symlink: /home/phuros/ros2_ws/install/cpp_pubsub/share/cpp_pubsub/cmake/cpp_pubsubConfig-version.cmake
[1.062s] -- Up-to-date symlink: /home/phuros/ros2_ws/install/cpp_pubsub/share/cpp_pubsub/package.xml
[1.065s] Invoked command in '/home/phuros/ros2_ws/build/cpp_pubsub' returned '0': CMAKE_PREFIX_PATH=${CMAKE_PREFIX_PATH}:/home/phuros/ros2_ws/install/py_pubsub:/home/phuros/ros2_ws/install/my_package2:/opt/ros/humble /usr/bin/cmake --install /home/phuros/ros2_ws/build/cpp_pubsub
