[0.952s] Invoking command in '/home/phuros/ros2_ws/build/py_pubsub': PYTHONPATH=/home/phuros/ros2_ws/build/py_pubsub/prefix_override:/home/phuros/ros2_ws/install/py_pubsub/lib/python3.10/site-packages:${PYTHONPATH} /usr/bin/python3 -W ignore:setup.py install is deprecated setup.py develop --uninstall --editable --build-directory /home/phuros/ros2_ws/build/py_pubsub/build
[1.285s] running develop
[1.285s] /usr/lib/python3/dist-packages/setuptools/command/easy_install.py:158: EasyInstallDeprecationWarning: easy_install command is deprecated. Use build and pip and other standards-based tools.
[1.285s]   warnings.warn(
[1.463s] Removing /home/phuros/ros2_ws/install/py_pubsub/lib/python3.10/site-packages/py-pubsub.egg-link (link to .)
[1.488s] Invoked command in '/home/phuros/ros2_ws/build/py_pubsub' returned '0': PYTHONPATH=/home/phuros/ros2_ws/build/py_pubsub/prefix_override:/home/phuros/ros2_ws/install/py_pubsub/lib/python3.10/site-packages:${PYTHONPATH} /usr/bin/python3 -W ignore:setup.py install is deprecated setup.py develop --uninstall --editable --build-directory /home/phuros/ros2_ws/build/py_pubsub/build
[1.490s] Invoking command in '/home/phuros/ros2_ws/src/py_pubsub': PYTHONPATH=/home/phuros/ros2_ws/build/py_pubsub/prefix_override:/home/phuros/ros2_ws/install/py_pubsub/lib/python3.10/site-packages:${PYTHONPATH} /usr/bin/python3 -W ignore:setup.py install is deprecated setup.py egg_info --egg-base ../../build/py_pubsub build --build-base /home/phuros/ros2_ws/build/py_pubsub/build install --record /home/phuros/ros2_ws/build/py_pubsub/install.log --single-version-externally-managed install_data --force
[1.749s] running egg_info
[1.749s] writing ../../build/py_pubsub/py_pubsub.egg-info/PKG-INFO
[1.749s] writing dependency_links to ../../build/py_pubsub/py_pubsub.egg-info/dependency_links.txt
[1.750s] writing entry points to ../../build/py_pubsub/py_pubsub.egg-info/entry_points.txt
[1.750s] writing requirements to ../../build/py_pubsub/py_pubsub.egg-info/requires.txt
[1.750s] writing top-level names to ../../build/py_pubsub/py_pubsub.egg-info/top_level.txt
[1.751s] reading manifest file '../../build/py_pubsub/py_pubsub.egg-info/SOURCES.txt'
[1.751s] adding license file 'LICENSE'
[1.752s] writing manifest file '../../build/py_pubsub/py_pubsub.egg-info/SOURCES.txt'
[1.752s] running build
[1.752s] running build_py
[1.753s] running install
[1.753s] running install_lib
[1.754s] creating /home/phuros/ros2_ws/install/py_pubsub/lib/python3.10/site-packages/py_pubsub
[1.754s] copying /home/phuros/ros2_ws/build/py_pubsub/build/lib/py_pubsub/__init__.py -> /home/phuros/ros2_ws/install/py_pubsub/lib/python3.10/site-packages/py_pubsub
[1.754s] copying /home/phuros/ros2_ws/build/py_pubsub/build/lib/py_pubsub/subscriber_member_function.py -> /home/phuros/ros2_ws/install/py_pubsub/lib/python3.10/site-packages/py_pubsub
[1.754s] copying /home/phuros/ros2_ws/build/py_pubsub/build/lib/py_pubsub/publisher_member_function.py -> /home/phuros/ros2_ws/install/py_pubsub/lib/python3.10/site-packages/py_pubsub
[1.755s] byte-compiling /home/phuros/ros2_ws/install/py_pubsub/lib/python3.10/site-packages/py_pubsub/__init__.py to __init__.cpython-310.pyc
[1.755s] byte-compiling /home/phuros/ros2_ws/install/py_pubsub/lib/python3.10/site-packages/py_pubsub/subscriber_member_function.py to subscriber_member_function.cpython-310.pyc
[1.756s] byte-compiling /home/phuros/ros2_ws/install/py_pubsub/lib/python3.10/site-packages/py_pubsub/publisher_member_function.py to publisher_member_function.cpython-310.pyc
[1.756s] running install_data
[1.756s] copying resource/py_pubsub -> /home/phuros/ros2_ws/install/py_pubsub/share/ament_index/resource_index/packages
[1.756s] copying package.xml -> /home/phuros/ros2_ws/install/py_pubsub/share/py_pubsub
[1.757s] running install_egg_info
[1.758s] Copying ../../build/py_pubsub/py_pubsub.egg-info to /home/phuros/ros2_ws/install/py_pubsub/lib/python3.10/site-packages/py_pubsub-0.0.0-py3.10.egg-info
[1.760s] running install_scripts
[1.780s] Installing talker script to /home/phuros/ros2_ws/install/py_pubsub/lib/py_pubsub
[1.780s] writing list of installed files to '/home/phuros/ros2_ws/build/py_pubsub/install.log'
[1.803s] Invoked command in '/home/phuros/ros2_ws/src/py_pubsub' returned '0': PYTHONPATH=/home/phuros/ros2_ws/build/py_pubsub/prefix_override:/home/phuros/ros2_ws/install/py_pubsub/lib/python3.10/site-packages:${PYTHONPATH} /usr/bin/python3 -W ignore:setup.py install is deprecated setup.py egg_info --egg-base ../../build/py_pubsub build --build-base /home/phuros/ros2_ws/build/py_pubsub/build install --record /home/phuros/ros2_ws/build/py_pubsub/install.log --single-version-externally-managed install_data --force
