running develop
Removing /home/phuros/ros2_ws/install/my_package2/lib/python3.10/site-packages/my-package2.egg-link (link to .)
running egg_info
writing ../../build/my_package2/my_package2.egg-info/PKG-INFO
writing dependency_links to ../../build/my_package2/my_package2.egg-info/dependency_links.txt
writing entry points to ../../build/my_package2/my_package2.egg-info/entry_points.txt
writing requirements to ../../build/my_package2/my_package2.egg-info/requires.txt
writing top-level names to ../../build/my_package2/my_package2.egg-info/top_level.txt
reading manifest file '../../build/my_package2/my_package2.egg-info/SOURCES.txt'
adding license file 'LICENSE'
writing manifest file '../../build/my_package2/my_package2.egg-info/SOURCES.txt'
running build
running build_py
running install
running install_lib
creating /home/phuros/ros2_ws/install/my_package2/lib/python3.10/site-packages/my_package2
copying /home/phuros/ros2_ws/build/my_package2/build/lib/my_package2/__init__.py -> /home/phuros/ros2_ws/install/my_package2/lib/python3.10/site-packages/my_package2
copying /home/phuros/ros2_ws/build/my_package2/build/lib/my_package2/my_node2.py -> /home/phuros/ros2_ws/install/my_package2/lib/python3.10/site-packages/my_package2
byte-compiling /home/phuros/ros2_ws/install/my_package2/lib/python3.10/site-packages/my_package2/__init__.py to __init__.cpython-310.pyc
byte-compiling /home/phuros/ros2_ws/install/my_package2/lib/python3.10/site-packages/my_package2/my_node2.py to my_node2.cpython-310.pyc
running install_data
copying resource/my_package2 -> /home/phuros/ros2_ws/install/my_package2/share/ament_index/resource_index/packages
copying package.xml -> /home/phuros/ros2_ws/install/my_package2/share/my_package2
running install_egg_info
Copying ../../build/my_package2/my_package2.egg-info to /home/phuros/ros2_ws/install/my_package2/lib/python3.10/site-packages/my_package2-0.0.0-py3.10.egg-info
running install_scripts
Installing my_node2 script to /home/phuros/ros2_ws/install/my_package2/lib/my_package2
writing list of installed files to '/home/phuros/ros2_ws/build/my_package2/install.log'
