[0.970s] Invoking command in '/home/phuros/ros2_ws/build/my_package2': PYTHONPATH=/home/phuros/ros2_ws/build/my_package2/prefix_override:/home/phuros/ros2_ws/install/my_package2/lib/python3.10/site-packages:${PYTHONPATH} /usr/bin/python3 -W ignore:setup.py install is deprecated setup.py develop --uninstall --editable --build-directory /home/phuros/ros2_ws/build/my_package2/build
[1.255s] running develop
[1.255s] /usr/lib/python3/dist-packages/setuptools/command/easy_install.py:158: EasyInstallDeprecationWarning: easy_install command is deprecated. Use build and pip and other standards-based tools.
[1.255s]   warnings.warn(
[1.434s] Removing /home/phuros/ros2_ws/install/my_package2/lib/python3.10/site-packages/my-package2.egg-link (link to .)
[1.458s] Invoked command in '/home/phuros/ros2_ws/build/my_package2' returned '0': PYTHONPATH=/home/phuros/ros2_ws/build/my_package2/prefix_override:/home/phuros/ros2_ws/install/my_package2/lib/python3.10/site-packages:${PYTHONPATH} /usr/bin/python3 -W ignore:setup.py install is deprecated setup.py develop --uninstall --editable --build-directory /home/phuros/ros2_ws/build/my_package2/build
[1.460s] Invoking command in '/home/phuros/ros2_ws/src/my_package2': PYTHONPATH=/home/phuros/ros2_ws/build/my_package2/prefix_override:/home/phuros/ros2_ws/install/my_package2/lib/python3.10/site-packages:${PYTHONPATH} /usr/bin/python3 -W ignore:setup.py install is deprecated setup.py egg_info --egg-base ../../build/my_package2 build --build-base /home/phuros/ros2_ws/build/my_package2/build install --record /home/phuros/ros2_ws/build/my_package2/install.log --single-version-externally-managed install_data --force
[1.694s] running egg_info
[1.695s] writing ../../build/my_package2/my_package2.egg-info/PKG-INFO
[1.695s] writing dependency_links to ../../build/my_package2/my_package2.egg-info/dependency_links.txt
[1.695s] writing entry points to ../../build/my_package2/my_package2.egg-info/entry_points.txt
[1.696s] writing requirements to ../../build/my_package2/my_package2.egg-info/requires.txt
[1.696s] writing top-level names to ../../build/my_package2/my_package2.egg-info/top_level.txt
[1.698s] reading manifest file '../../build/my_package2/my_package2.egg-info/SOURCES.txt'
[1.698s] adding license file 'LICENSE'
[1.699s] writing manifest file '../../build/my_package2/my_package2.egg-info/SOURCES.txt'
[1.699s] running build
[1.699s] running build_py
[1.700s] running install
[1.700s] running install_lib
[1.701s] creating /home/phuros/ros2_ws/install/my_package2/lib/python3.10/site-packages/my_package2
[1.701s] copying /home/phuros/ros2_ws/build/my_package2/build/lib/my_package2/__init__.py -> /home/phuros/ros2_ws/install/my_package2/lib/python3.10/site-packages/my_package2
[1.702s] copying /home/phuros/ros2_ws/build/my_package2/build/lib/my_package2/my_node2.py -> /home/phuros/ros2_ws/install/my_package2/lib/python3.10/site-packages/my_package2
[1.702s] byte-compiling /home/phuros/ros2_ws/install/my_package2/lib/python3.10/site-packages/my_package2/__init__.py to __init__.cpython-310.pyc
[1.703s] byte-compiling /home/phuros/ros2_ws/install/my_package2/lib/python3.10/site-packages/my_package2/my_node2.py to my_node2.cpython-310.pyc
[1.703s] running install_data
[1.703s] copying resource/my_package2 -> /home/phuros/ros2_ws/install/my_package2/share/ament_index/resource_index/packages
[1.704s] copying package.xml -> /home/phuros/ros2_ws/install/my_package2/share/my_package2
[1.704s] running install_egg_info
[1.706s] Copying ../../build/my_package2/my_package2.egg-info to /home/phuros/ros2_ws/install/my_package2/lib/python3.10/site-packages/my_package2-0.0.0-py3.10.egg-info
[1.707s] running install_scripts
[1.727s] Installing my_node2 script to /home/phuros/ros2_ws/install/my_package2/lib/my_package2
[1.727s] writing list of installed files to '/home/phuros/ros2_ws/build/my_package2/install.log'
[1.748s] Invoked command in '/home/phuros/ros2_ws/src/my_package2' returned '0': PYTHONPATH=/home/phuros/ros2_ws/build/my_package2/prefix_override:/home/phuros/ros2_ws/install/my_package2/lib/python3.10/site-packages:${PYTHONPATH} /usr/bin/python3 -W ignore:setup.py install is deprecated setup.py egg_info --egg-base ../../build/my_package2 build --build-base /home/phuros/ros2_ws/build/my_package2/build install --record /home/phuros/ros2_ws/build/my_package2/install.log --single-version-externally-managed install_data --force
