[0.046s] Invoking command in '/home/phuros/ros2_ws/build/cpp_srvcli': CMAKE_PREFIX_PATH=${CMAKE_PREFIX_PATH}:/home/phuros/ros2_ws/install/py_srvcli:/home/phuros/ros2_ws/install/py_pubsub:/home/phuros/ros2_ws/install/my_package2:/opt/ros/humble /usr/bin/cmake --build /home/phuros/ros2_ws/build/cpp_srvcli -- -j8 -l8
[0.702s] [35m[1mConsolidate compiler generated dependencies of target client[0m
[0.702s] [35m[1mConsolidate compiler generated dependencies of target server[0m
[0.702s] [ 50%] Built target client
[0.703s] [100%] Built target server
[0.706s] Invoked command in '/home/phuros/ros2_ws/build/cpp_srvcli' returned '0': CMAKE_PREFIX_PATH=${CMAKE_PREFIX_PATH}:/home/phuros/ros2_ws/install/py_srvcli:/home/phuros/ros2_ws/install/py_pubsub:/home/phuros/ros2_ws/install/my_package2:/opt/ros/humble /usr/bin/cmake --build /home/phuros/ros2_ws/build/cpp_srvcli -- -j8 -l8
[1.020s] Invoking command in '/home/phuros/ros2_ws/build/cpp_srvcli': CMAKE_PREFIX_PATH=${CMAKE_PREFIX_PATH}:/home/phuros/ros2_ws/install/py_srvcli:/home/phuros/ros2_ws/install/py_pubsub:/home/phuros/ros2_ws/install/my_package2:/opt/ros/humble /usr/bin/cmake --install /home/phuros/ros2_ws/build/cpp_srvcli
[1.034s] -- Install configuration: ""
[1.037s] -- Up-to-date: /home/phuros/ros2_ws/install/cpp_srvcli/lib/cpp_srvcli/server
[1.038s] -- Up-to-date: /home/phuros/ros2_ws/install/cpp_srvcli/lib/cpp_srvcli/client
[1.038s] -- Up-to-date: /home/phuros/ros2_ws/install/cpp_srvcli/share/ament_index/resource_index/package_run_dependencies/cpp_srvcli
[1.038s] -- Up-to-date: /home/phuros/ros2_ws/install/cpp_srvcli/share/ament_index/resource_index/parent_prefix_path/cpp_srvcli
[1.038s] -- Up-to-date: /home/phuros/ros2_ws/install/cpp_srvcli/share/cpp_srvcli/environment/ament_prefix_path.sh
[1.038s] -- Up-to-date: /home/phuros/ros2_ws/install/cpp_srvcli/share/cpp_srvcli/environment/ament_prefix_path.dsv
[1.038s] -- Up-to-date: /home/phuros/ros2_ws/install/cpp_srvcli/share/cpp_srvcli/environment/path.sh
[1.039s] -- Up-to-date: /home/phuros/ros2_ws/install/cpp_srvcli/share/cpp_srvcli/environment/path.dsv
[1.039s] -- Up-to-date: /home/phuros/ros2_ws/install/cpp_srvcli/share/cpp_srvcli/local_setup.bash
[1.039s] -- Up-to-date: /home/phuros/ros2_ws/install/cpp_srvcli/share/cpp_srvcli/local_setup.sh
[1.039s] -- Up-to-date: /home/phuros/ros2_ws/install/cpp_srvcli/share/cpp_srvcli/local_setup.zsh
[1.039s] -- Up-to-date: /home/phuros/ros2_ws/install/cpp_srvcli/share/cpp_srvcli/local_setup.dsv
[1.039s] -- Installing: /home/phuros/ros2_ws/install/cpp_srvcli/share/cpp_srvcli/package.dsv
[1.040s] -- Up-to-date: /home/phuros/ros2_ws/install/cpp_srvcli/share/ament_index/resource_index/packages/cpp_srvcli
[1.040s] -- Up-to-date: /home/phuros/ros2_ws/install/cpp_srvcli/share/cpp_srvcli/cmake/cpp_srvcliConfig.cmake
[1.040s] -- Up-to-date: /home/phuros/ros2_ws/install/cpp_srvcli/share/cpp_srvcli/cmake/cpp_srvcliConfig-version.cmake
[1.040s] -- Up-to-date: /home/phuros/ros2_ws/install/cpp_srvcli/share/cpp_srvcli/package.xml
[1.045s] Invoked command in '/home/phuros/ros2_ws/build/cpp_srvcli' returned '0': CMAKE_PREFIX_PATH=${CMAKE_PREFIX_PATH}:/home/phuros/ros2_ws/install/py_srvcli:/home/phuros/ros2_ws/install/py_pubsub:/home/phuros/ros2_ws/install/my_package2:/opt/ros/humble /usr/bin/cmake --install /home/phuros/ros2_ws/build/cpp_srvcli
