[0.027s] Invoking command in '/home/phuros/ros2_ws/build/my_package': CMAKE_PREFIX_PATH=${CMAKE_PREFIX_PATH}:/home/phuros/ros2_ws/install/py_pubsub:/home/phuros/ros2_ws/install/my_package2:/opt/ros/humble /usr/bin/cmake /home/phuros/ros2_ws/src/my_package -DCMAKE_INSTALL_PREFIX=/home/phuros/ros2_ws/install/my_package
[0.342s] -- Found ament_cmake: 1.3.8 (/opt/ros/humble/share/ament_cmake/cmake)
[0.343s] -- Override CMake install command with custom implementation using symlinks instead of copying resources
[0.343s] -- Found ament_lint_auto: 0.12.10 (/opt/ros/humble/share/ament_lint_auto/cmake)
[0.343s] -- Added test 'cppcheck' to perform static code analysis on C / C++ code
[0.343s] -- Configured cppcheck include dirs: $<BUILD_INTERFACE:/home/phuros/ros2_ws/src/my_package/include>
[0.343s] -- Configured cppcheck exclude dirs and/or files: 
[0.343s] -- Added test 'lint_cmake' to check CMake code style
[0.343s] -- Added test 'uncrustify' to check C / C++ code style
[0.343s] -- Configured uncrustify additional arguments: 
[0.343s] -- Added test 'xmllint' to check XML markup files
[0.343s] -- Configuring done
[0.344s] -- Generating done
[0.344s] -- Build files have been written to: /home/phuros/ros2_ws/build/my_package
[0.591s] Invoked command in '/home/phuros/ros2_ws/build/my_package' returned '0': CMAKE_PREFIX_PATH=${CMAKE_PREFIX_PATH}:/home/phuros/ros2_ws/install/py_pubsub:/home/phuros/ros2_ws/install/my_package2:/opt/ros/humble /usr/bin/cmake /home/phuros/ros2_ws/src/my_package -DCMAKE_INSTALL_PREFIX=/home/phuros/ros2_ws/install/my_package
[0.593s] Invoking command in '/home/phuros/ros2_ws/build/my_package': CMAKE_PREFIX_PATH=${CMAKE_PREFIX_PATH}:/home/phuros/ros2_ws/install/py_pubsub:/home/phuros/ros2_ws/install/my_package2:/opt/ros/humble /usr/bin/cmake --build /home/phuros/ros2_ws/build/my_package -- -j8 -l8
[0.632s] [35m[1mConsolidate compiler generated dependencies of target my_node[0m
[0.643s] [100%] Built target my_node
[0.654s] Invoked command in '/home/phuros/ros2_ws/build/my_package' returned '0': CMAKE_PREFIX_PATH=${CMAKE_PREFIX_PATH}:/home/phuros/ros2_ws/install/py_pubsub:/home/phuros/ros2_ws/install/my_package2:/opt/ros/humble /usr/bin/cmake --build /home/phuros/ros2_ws/build/my_package -- -j8 -l8
[0.686s] Invoking command in '/home/phuros/ros2_ws/build/my_package': CMAKE_PREFIX_PATH=${CMAKE_PREFIX_PATH}:/home/phuros/ros2_ws/install/py_pubsub:/home/phuros/ros2_ws/install/my_package2:/opt/ros/humble /usr/bin/cmake --install /home/phuros/ros2_ws/build/my_package
[0.693s] -- Install configuration: ""
[0.693s] -- Execute custom install script
[0.694s] -- Up-to-date symlink: /home/phuros/ros2_ws/install/my_package/lib/my_package/my_node
[0.694s] -- Up-to-date symlink: /home/phuros/ros2_ws/install/my_package/share/ament_index/resource_index/package_run_dependencies/my_package
[0.694s] -- Up-to-date symlink: /home/phuros/ros2_ws/install/my_package/share/ament_index/resource_index/parent_prefix_path/my_package
[0.694s] -- Up-to-date symlink: /home/phuros/ros2_ws/install/my_package/share/my_package/environment/ament_prefix_path.sh
[0.695s] -- Up-to-date symlink: /home/phuros/ros2_ws/install/my_package/share/my_package/environment/ament_prefix_path.dsv
[0.695s] -- Up-to-date symlink: /home/phuros/ros2_ws/install/my_package/share/my_package/environment/path.sh
[0.695s] -- Up-to-date symlink: /home/phuros/ros2_ws/install/my_package/share/my_package/environment/path.dsv
[0.695s] -- Up-to-date symlink: /home/phuros/ros2_ws/install/my_package/share/my_package/local_setup.bash
[0.696s] -- Up-to-date symlink: /home/phuros/ros2_ws/install/my_package/share/my_package/local_setup.sh
[0.696s] -- Up-to-date symlink: /home/phuros/ros2_ws/install/my_package/share/my_package/local_setup.zsh
[0.696s] -- Up-to-date symlink: /home/phuros/ros2_ws/install/my_package/share/my_package/local_setup.dsv
[0.696s] -- Symlinking: /home/phuros/ros2_ws/install/my_package/share/my_package/package.dsv
[0.707s] -- Up-to-date symlink: /home/phuros/ros2_ws/install/my_package/share/ament_index/resource_index/packages/my_package
[0.707s] -- Up-to-date symlink: /home/phuros/ros2_ws/install/my_package/share/my_package/cmake/my_packageConfig.cmake
[0.707s] -- Up-to-date symlink: /home/phuros/ros2_ws/install/my_package/share/my_package/cmake/my_packageConfig-version.cmake
[0.707s] -- Up-to-date symlink: /home/phuros/ros2_ws/install/my_package/share/my_package/package.xml
[0.710s] Invoked command in '/home/phuros/ros2_ws/build/my_package' returned '0': CMAKE_PREFIX_PATH=${CMAKE_PREFIX_PATH}:/home/phuros/ros2_ws/install/py_pubsub:/home/phuros/ros2_ws/install/my_package2:/opt/ros/humble /usr/bin/cmake --install /home/phuros/ros2_ws/build/my_package
