[0.549s] Invoking command in '/home/phuros/ros2_ws/src/my_package2': PYTHONPATH=/home/phuros/ros2_ws/build/my_package2/prefix_override:/home/phuros/ros2_ws/install/my_package2/lib/python3.10/site-packages:${PYTHONPATH} /usr/bin/python3 -W ignore:setup.py install is deprecated setup.py egg_info --egg-base ../../build/my_package2 build --build-base /home/phuros/ros2_ws/build/my_package2/build install --record /home/phuros/ros2_ws/build/my_package2/install.log --single-version-externally-managed install_data
[0.785s] running egg_info
[0.786s] creating ../../build/my_package2/my_package2.egg-info
[0.786s] writing ../../build/my_package2/my_package2.egg-info/PKG-INFO
[0.786s] writing dependency_links to ../../build/my_package2/my_package2.egg-info/dependency_links.txt
[0.786s] writing entry points to ../../build/my_package2/my_package2.egg-info/entry_points.txt
[0.787s] writing requirements to ../../build/my_package2/my_package2.egg-info/requires.txt
[0.787s] writing top-level names to ../../build/my_package2/my_package2.egg-info/top_level.txt
[0.787s] writing manifest file '../../build/my_package2/my_package2.egg-info/SOURCES.txt'
[0.789s] reading manifest file '../../build/my_package2/my_package2.egg-info/SOURCES.txt'
[0.789s] adding license file 'LICENSE'
[0.790s] writing manifest file '../../build/my_package2/my_package2.egg-info/SOURCES.txt'
[0.790s] running build
[0.790s] running build_py
[0.790s] creating /home/phuros/ros2_ws/build/my_package2/build
[0.791s] creating /home/phuros/ros2_ws/build/my_package2/build/lib
[0.791s] creating /home/phuros/ros2_ws/build/my_package2/build/lib/my_package2
[0.791s] copying my_package2/__init__.py -> /home/phuros/ros2_ws/build/my_package2/build/lib/my_package2
[0.791s] copying my_package2/my_node2.py -> /home/phuros/ros2_ws/build/my_package2/build/lib/my_package2
[0.791s] running install
[0.791s] running install_lib
[0.792s] creating /home/phuros/ros2_ws/install/my_package2/lib/python3.10/site-packages/my_package2
[0.792s] copying /home/phuros/ros2_ws/build/my_package2/build/lib/my_package2/__init__.py -> /home/phuros/ros2_ws/install/my_package2/lib/python3.10/site-packages/my_package2
[0.792s] copying /home/phuros/ros2_ws/build/my_package2/build/lib/my_package2/my_node2.py -> /home/phuros/ros2_ws/install/my_package2/lib/python3.10/site-packages/my_package2
[0.793s] byte-compiling /home/phuros/ros2_ws/install/my_package2/lib/python3.10/site-packages/my_package2/__init__.py to __init__.cpython-310.pyc
[0.793s] byte-compiling /home/phuros/ros2_ws/install/my_package2/lib/python3.10/site-packages/my_package2/my_node2.py to my_node2.cpython-310.pyc
[0.793s] running install_data
[0.794s] creating /home/phuros/ros2_ws/install/my_package2/share/ament_index
[0.794s] creating /home/phuros/ros2_ws/install/my_package2/share/ament_index/resource_index
[0.794s] creating /home/phuros/ros2_ws/install/my_package2/share/ament_index/resource_index/packages
[0.794s] copying resource/my_package2 -> /home/phuros/ros2_ws/install/my_package2/share/ament_index/resource_index/packages
[0.794s] copying package.xml -> /home/phuros/ros2_ws/install/my_package2/share/my_package2
[0.794s] running install_egg_info
[0.796s] Copying ../../build/my_package2/my_package2.egg-info to /home/phuros/ros2_ws/install/my_package2/lib/python3.10/site-packages/my_package2-0.0.0-py3.10.egg-info
[0.797s] running install_scripts
[0.814s] Installing my_node2 script to /home/phuros/ros2_ws/install/my_package2/lib/my_package2
[0.815s] writing list of installed files to '/home/phuros/ros2_ws/build/my_package2/install.log'
[0.837s] Invoked command in '/home/phuros/ros2_ws/src/my_package2' returned '0': PYTHONPATH=/home/phuros/ros2_ws/build/my_package2/prefix_override:/home/phuros/ros2_ws/install/my_package2/lib/python3.10/site-packages:${PYTHONPATH} /usr/bin/python3 -W ignore:setup.py install is deprecated setup.py egg_info --egg-base ../../build/my_package2 build --build-base /home/phuros/ros2_ws/build/my_package2/build install --record /home/phuros/ros2_ws/build/my_package2/install.log --single-version-externally-managed install_data
