[1.414s] Invoking command in '/home/phuros/ros2_ws/src/py_pubsub': PYTHONPATH=/home/phuros/ros2_ws/build/py_pubsub/prefix_override:/home/phuros/ros2_ws/install/py_pubsub/lib/python3.10/site-packages:${PYTHONPATH} /usr/bin/python3 -W ignore:setup.py install is deprecated setup.py egg_info --egg-base ../../build/py_pubsub build --build-base /home/phuros/ros2_ws/build/py_pubsub/build install --record /home/phuros/ros2_ws/build/py_pubsub/install.log --single-version-externally-managed install_data
[1.676s] running egg_info
[1.677s] writing ../../build/py_pubsub/py_pubsub.egg-info/PKG-INFO
[1.677s] writing dependency_links to ../../build/py_pubsub/py_pubsub.egg-info/dependency_links.txt
[1.677s] writing entry points to ../../build/py_pubsub/py_pubsub.egg-info/entry_points.txt
[1.677s] writing requirements to ../../build/py_pubsub/py_pubsub.egg-info/requires.txt
[1.677s] writing top-level names to ../../build/py_pubsub/py_pubsub.egg-info/top_level.txt
[1.680s] reading manifest file '../../build/py_pubsub/py_pubsub.egg-info/SOURCES.txt'
[1.680s] adding license file 'LICENSE'
[1.681s] writing manifest file '../../build/py_pubsub/py_pubsub.egg-info/SOURCES.txt'
[1.681s] running build
[1.681s] running build_py
[1.681s] running install
[1.682s] running install_lib
[1.683s] running install_data
[1.683s] running install_egg_info
[1.685s] removing '/home/phuros/ros2_ws/install/py_pubsub/lib/python3.10/site-packages/py_pubsub-0.0.0-py3.10.egg-info' (and everything under it)
[1.685s] Copying ../../build/py_pubsub/py_pubsub.egg-info to /home/phuros/ros2_ws/install/py_pubsub/lib/python3.10/site-packages/py_pubsub-0.0.0-py3.10.egg-info
[1.687s] running install_scripts
[1.711s] Installing talker script to /home/phuros/ros2_ws/install/py_pubsub/lib/py_pubsub
[1.711s] writing list of installed files to '/home/phuros/ros2_ws/build/py_pubsub/install.log'
[1.739s] Invoked command in '/home/phuros/ros2_ws/src/py_pubsub' returned '0': PYTHONPATH=/home/phuros/ros2_ws/build/py_pubsub/prefix_override:/home/phuros/ros2_ws/install/py_pubsub/lib/python3.10/site-packages:${PYTHONPATH} /usr/bin/python3 -W ignore:setup.py install is deprecated setup.py egg_info --egg-base ../../build/py_pubsub build --build-base /home/phuros/ros2_ws/build/py_pubsub/build install --record /home/phuros/ros2_ws/build/py_pubsub/install.log --single-version-externally-managed install_data
