[0.028s] Invoking command in '/home/phuros/ros2_ws/build/my_package': CMAKE_PREFIX_PATH=${CMAKE_PREFIX_PATH}:/home/phuros/ros2_ws/install/py_pubsub:/home/phuros/ros2_ws/install/my_package2:/opt/ros/humble /usr/bin/cmake /home/phuros/ros2_ws/src/my_package -DAMENT_CMAKE_SYMLINK_INSTALL=1 -DCMAKE_INSTALL_PREFIX=/home/phuros/ros2_ws/install/my_package
[0.472s] -- Found ament_cmake: 1.3.8 (/opt/ros/humble/share/ament_cmake/cmake)
[0.473s] -- Override CMake install command with custom implementation using symlinks instead of copying resources
[0.473s] -- Found ament_lint_auto: 0.12.10 (/opt/ros/humble/share/ament_lint_auto/cmake)
[0.473s] -- Added test 'cppcheck' to perform static code analysis on C / C++ code
[0.473s] -- Configured cppcheck include dirs: $<BUILD_INTERFACE:/home/phuros/ros2_ws/src/my_package/include>
[0.473s] -- Configured cppcheck exclude dirs and/or files: 
[0.473s] -- Added test 'lint_cmake' to check CMake code style
[0.473s] -- Added test 'uncrustify' to check C / C++ code style
[0.473s] -- Configured uncrustify additional arguments: 
[0.473s] -- Added test 'xmllint' to check XML markup files
[0.473s] -- Configuring done
[0.474s] -- Generating done
[0.474s] -- Build files have been written to: /home/phuros/ros2_ws/build/my_package
[0.856s] Invoked command in '/home/phuros/ros2_ws/build/my_package' returned '0': CMAKE_PREFIX_PATH=${CMAKE_PREFIX_PATH}:/home/phuros/ros2_ws/install/py_pubsub:/home/phuros/ros2_ws/install/my_package2:/opt/ros/humble /usr/bin/cmake /home/phuros/ros2_ws/src/my_package -DAMENT_CMAKE_SYMLINK_INSTALL=1 -DCMAKE_INSTALL_PREFIX=/home/phuros/ros2_ws/install/my_package
[0.858s] Invoking command in '/home/phuros/ros2_ws/build/my_package': CMAKE_PREFIX_PATH=${CMAKE_PREFIX_PATH}:/home/phuros/ros2_ws/install/py_pubsub:/home/phuros/ros2_ws/install/my_package2:/opt/ros/humble /usr/bin/cmake --build /home/phuros/ros2_ws/build/my_package -- -j8 -l8
[0.895s] [35m[1mConsolidate compiler generated dependencies of target my_node[0m
[0.907s] [ 50%] [32mBuilding CXX object CMakeFiles/my_node.dir/src/my_node.cpp.o[0m
[0.936s] [100%] [32m[1mLinking CXX executable my_node[0m
[0.987s] [100%] Built target my_node
[0.998s] Invoked command in '/home/phuros/ros2_ws/build/my_package' returned '0': CMAKE_PREFIX_PATH=${CMAKE_PREFIX_PATH}:/home/phuros/ros2_ws/install/py_pubsub:/home/phuros/ros2_ws/install/my_package2:/opt/ros/humble /usr/bin/cmake --build /home/phuros/ros2_ws/build/my_package -- -j8 -l8
[1.035s] Invoking command in '/home/phuros/ros2_ws/build/my_package': CMAKE_PREFIX_PATH=${CMAKE_PREFIX_PATH}:/home/phuros/ros2_ws/install/py_pubsub:/home/phuros/ros2_ws/install/my_package2:/opt/ros/humble /usr/bin/cmake --install /home/phuros/ros2_ws/build/my_package
[1.043s] -- Install configuration: ""
[1.044s] -- Execute custom install script
[1.044s] -- Symlinking: /home/phuros/ros2_ws/install/my_package/lib/my_package/my_node
[1.053s] -- Symlinking: /home/phuros/ros2_ws/install/my_package/share/ament_index/resource_index/package_run_dependencies/my_package
[1.062s] -- Symlinking: /home/phuros/ros2_ws/install/my_package/share/ament_index/resource_index/parent_prefix_path/my_package
[1.071s] -- Symlinking: /home/phuros/ros2_ws/install/my_package/share/my_package/environment/ament_prefix_path.sh
[1.083s] -- Symlinking: /home/phuros/ros2_ws/install/my_package/share/my_package/environment/ament_prefix_path.dsv
[1.093s] -- Symlinking: /home/phuros/ros2_ws/install/my_package/share/my_package/environment/path.sh
[1.108s] -- Symlinking: /home/phuros/ros2_ws/install/my_package/share/my_package/environment/path.dsv
[1.117s] -- Symlinking: /home/phuros/ros2_ws/install/my_package/share/my_package/local_setup.bash
[1.128s] -- Symlinking: /home/phuros/ros2_ws/install/my_package/share/my_package/local_setup.sh
[1.138s] -- Symlinking: /home/phuros/ros2_ws/install/my_package/share/my_package/local_setup.zsh
[1.147s] -- Symlinking: /home/phuros/ros2_ws/install/my_package/share/my_package/local_setup.dsv
[1.165s] -- Symlinking: /home/phuros/ros2_ws/install/my_package/share/my_package/package.dsv
[1.168s] -- Symlinking: /home/phuros/ros2_ws/install/my_package/share/ament_index/resource_index/packages/my_package
[1.180s] -- Symlinking: /home/phuros/ros2_ws/install/my_package/share/my_package/cmake/my_packageConfig.cmake
[1.193s] -- Symlinking: /home/phuros/ros2_ws/install/my_package/share/my_package/cmake/my_packageConfig-version.cmake
[1.206s] -- Symlinking: /home/phuros/ros2_ws/install/my_package/share/my_package/package.xml
[1.226s] Invoked command in '/home/phuros/ros2_ws/build/my_package' returned '0': CMAKE_PREFIX_PATH=${CMAKE_PREFIX_PATH}:/home/phuros/ros2_ws/install/py_pubsub:/home/phuros/ros2_ws/install/my_package2:/opt/ros/humble /usr/bin/cmake --install /home/phuros/ros2_ws/build/my_package
