[0.029s] Invoking command in '/home/phuros/ros2_ws/build/cpp_pubsub': CMAKE_PREFIX_PATH=${CMAKE_PREFIX_PATH}:/home/phuros/ros2_ws/install/py_pubsub:/home/phuros/ros2_ws/install/my_package2:/opt/ros/humble /usr/bin/cmake /home/phuros/ros2_ws/src/cpp_pubsub -DAMENT_CMAKE_SYMLINK_INSTALL=1 -DCMAKE_INSTALL_PREFIX=/home/phuros/ros2_ws/install/cpp_pubsub
[0.470s] -- Found ament_cmake: 1.3.8 (/opt/ros/humble/share/ament_cmake/cmake)
[0.470s] -- Override CMake install command with custom implementation using symlinks instead of copying resources
[0.470s] -- Found rclcpp: 16.0.8 (/opt/ros/humble/share/rclcpp/cmake)
[0.470s] -- Found rosidl_generator_c: 3.1.5 (/opt/ros/humble/share/rosidl_generator_c/cmake)
[0.470s] -- Found rosidl_adapter: 3.1.5 (/opt/ros/humble/share/rosidl_adapter/cmake)
[0.470s] -- Found rosidl_generator_cpp: 3.1.5 (/opt/ros/humble/share/rosidl_generator_cpp/cmake)
[0.470s] -- Using all available rosidl_typesupport_c: rosidl_typesupport_fastrtps_c;rosidl_typesupport_introspection_c
[0.470s] -- Using all available rosidl_typesupport_cpp: rosidl_typesupport_fastrtps_cpp;rosidl_typesupport_introspection_cpp
[0.534s] -- Found rmw_implementation_cmake: 6.1.1 (/opt/ros/humble/share/rmw_implementation_cmake/cmake)
[0.538s] -- Found rmw_fastrtps_cpp: 6.2.6 (/opt/ros/humble/share/rmw_fastrtps_cpp/cmake)
[0.728s] -- Using RMW implementation 'rmw_fastrtps_cpp' as default
[0.911s] -- Found ament_lint_auto: 0.12.10 (/opt/ros/humble/share/ament_lint_auto/cmake)
[0.994s] -- Added test 'cppcheck' to perform static code analysis on C / C++ code
[0.994s] -- Configured cppcheck include dirs: 
[0.994s] -- Configured cppcheck exclude dirs and/or files: 
[0.997s] -- Added test 'lint_cmake' to check CMake code style
[1.004s] -- Added test 'uncrustify' to check C / C++ code style
[1.004s] -- Configured uncrustify additional arguments: 
[1.005s] -- Added test 'xmllint' to check XML markup files
[1.006s] -- Configuring done
[1.022s] -- Generating done
[1.024s] -- Build files have been written to: /home/phuros/ros2_ws/build/cpp_pubsub
[1.042s] Invoked command in '/home/phuros/ros2_ws/build/cpp_pubsub' returned '0': CMAKE_PREFIX_PATH=${CMAKE_PREFIX_PATH}:/home/phuros/ros2_ws/install/py_pubsub:/home/phuros/ros2_ws/install/my_package2:/opt/ros/humble /usr/bin/cmake /home/phuros/ros2_ws/src/cpp_pubsub -DAMENT_CMAKE_SYMLINK_INSTALL=1 -DCMAKE_INSTALL_PREFIX=/home/phuros/ros2_ws/install/cpp_pubsub
[1.043s] Invoking command in '/home/phuros/ros2_ws/build/cpp_pubsub': CMAKE_PREFIX_PATH=${CMAKE_PREFIX_PATH}:/home/phuros/ros2_ws/install/py_pubsub:/home/phuros/ros2_ws/install/my_package2:/opt/ros/humble /usr/bin/cmake --build /home/phuros/ros2_ws/build/cpp_pubsub -- -j8 -l8
[1.094s] [35m[1mConsolidate compiler generated dependencies of target talker[0m
[1.098s] [35m[1mConsolidate compiler generated dependencies of target listener[0m
[1.121s] [ 25%] [32m[1mLinking CXX executable talker[0m
[1.124s] [ 50%] [32m[1mLinking CXX executable listener[0m
[1.386s] [ 75%] Built target talker
[1.621s] [100%] Built target listener
[1.639s] Invoked command in '/home/phuros/ros2_ws/build/cpp_pubsub' returned '0': CMAKE_PREFIX_PATH=${CMAKE_PREFIX_PATH}:/home/phuros/ros2_ws/install/py_pubsub:/home/phuros/ros2_ws/install/my_package2:/opt/ros/humble /usr/bin/cmake --build /home/phuros/ros2_ws/build/cpp_pubsub -- -j8 -l8
[1.671s] Invoking command in '/home/phuros/ros2_ws/build/cpp_pubsub': CMAKE_PREFIX_PATH=${CMAKE_PREFIX_PATH}:/home/phuros/ros2_ws/install/py_pubsub:/home/phuros/ros2_ws/install/my_package2:/opt/ros/humble /usr/bin/cmake --install /home/phuros/ros2_ws/build/cpp_pubsub
[1.678s] -- Install configuration: ""
[1.678s] -- Execute custom install script
[1.679s] -- Symlinking: /home/phuros/ros2_ws/install/cpp_pubsub/lib/cpp_pubsub/talker
[1.687s] -- Symlinking: /home/phuros/ros2_ws/install/cpp_pubsub/lib/cpp_pubsub/listener
[1.696s] -- Symlinking: /home/phuros/ros2_ws/install/cpp_pubsub/share/ament_index/resource_index/package_run_dependencies/cpp_pubsub
[1.704s] -- Symlinking: /home/phuros/ros2_ws/install/cpp_pubsub/share/ament_index/resource_index/parent_prefix_path/cpp_pubsub
[1.712s] -- Symlinking: /home/phuros/ros2_ws/install/cpp_pubsub/share/cpp_pubsub/environment/ament_prefix_path.sh
[1.721s] -- Symlinking: /home/phuros/ros2_ws/install/cpp_pubsub/share/cpp_pubsub/environment/ament_prefix_path.dsv
[1.729s] -- Symlinking: /home/phuros/ros2_ws/install/cpp_pubsub/share/cpp_pubsub/environment/path.sh
[1.738s] -- Symlinking: /home/phuros/ros2_ws/install/cpp_pubsub/share/cpp_pubsub/environment/path.dsv
[1.747s] -- Symlinking: /home/phuros/ros2_ws/install/cpp_pubsub/share/cpp_pubsub/local_setup.bash
[1.756s] -- Symlinking: /home/phuros/ros2_ws/install/cpp_pubsub/share/cpp_pubsub/local_setup.sh
[1.765s] -- Symlinking: /home/phuros/ros2_ws/install/cpp_pubsub/share/cpp_pubsub/local_setup.zsh
[1.773s] -- Symlinking: /home/phuros/ros2_ws/install/cpp_pubsub/share/cpp_pubsub/local_setup.dsv
[1.781s] -- Symlinking: /home/phuros/ros2_ws/install/cpp_pubsub/share/cpp_pubsub/package.dsv
[1.790s] -- Symlinking: /home/phuros/ros2_ws/install/cpp_pubsub/share/ament_index/resource_index/packages/cpp_pubsub
[1.798s] -- Symlinking: /home/phuros/ros2_ws/install/cpp_pubsub/share/cpp_pubsub/cmake/cpp_pubsubConfig.cmake
[1.806s] -- Symlinking: /home/phuros/ros2_ws/install/cpp_pubsub/share/cpp_pubsub/cmake/cpp_pubsubConfig-version.cmake
[1.819s] -- Symlinking: /home/phuros/ros2_ws/install/cpp_pubsub/share/cpp_pubsub/package.xml
[1.835s] Invoked command in '/home/phuros/ros2_ws/build/cpp_pubsub' returned '0': CMAKE_PREFIX_PATH=${CMAKE_PREFIX_PATH}:/home/phuros/ros2_ws/install/py_pubsub:/home/phuros/ros2_ws/install/my_package2:/opt/ros/humble /usr/bin/cmake --install /home/phuros/ros2_ws/build/cpp_pubsub
