[1.297s] Invoking command in '/home/phuros/ros2_ws/build/my_package2': PYTHONPATH=/home/phuros/ros2_ws/build/my_package2/prefix_override:/home/phuros/ros2_ws/install/my_package2/lib/python3.10/site-packages:${PYTHONPATH} /usr/bin/python3 -W ignore:setup.py install is deprecated setup.py develop --editable --build-directory /home/phuros/ros2_ws/build/my_package2/build --no-deps symlink_data --force
[1.603s] running develop
[1.626s] /usr/lib/python3/dist-packages/setuptools/command/easy_install.py:158: EasyInstallDeprecationWarning: easy_install command is deprecated. Use build and pip and other standards-based tools.
[1.626s]   warnings.warn(
[1.834s] running egg_info
[1.835s] writing my_package2.egg-info/PKG-INFO
[1.836s] writing dependency_links to my_package2.egg-info/dependency_links.txt
[1.836s] writing entry points to my_package2.egg-info/entry_points.txt
[1.836s] writing requirements to my_package2.egg-info/requires.txt
[1.837s] writing top-level names to my_package2.egg-info/top_level.txt
[1.839s] reading manifest file 'my_package2.egg-info/SOURCES.txt'
[1.840s] writing manifest file 'my_package2.egg-info/SOURCES.txt'
[1.842s] running build_ext
[1.842s] Creating /home/phuros/ros2_ws/install/my_package2/lib/python3.10/site-packages/my-package2.egg-link (link to .)
[1.843s] Installing my_node2 script to /home/phuros/ros2_ws/install/my_package2/lib/my_package2
[1.843s] 
[1.843s] Installed /home/phuros/ros2_ws/build/my_package2
[1.844s] running symlink_data
[1.844s] symbolically linking /home/phuros/ros2_ws/build/my_package2/resource/my_package2 -> /home/phuros/ros2_ws/install/my_package2/share/ament_index/resource_index/packages
[1.844s] symbolically linking /home/phuros/ros2_ws/build/my_package2/package.xml -> /home/phuros/ros2_ws/install/my_package2/share/my_package2
[1.884s] Invoked command in '/home/phuros/ros2_ws/build/my_package2' returned '0': PYTHONPATH=/home/phuros/ros2_ws/build/my_package2/prefix_override:/home/phuros/ros2_ws/install/my_package2/lib/python3.10/site-packages:${PYTHONPATH} /usr/bin/python3 -W ignore:setup.py install is deprecated setup.py develop --editable --build-directory /home/phuros/ros2_ws/build/my_package2/build --no-deps symlink_data --force
