[0.582s] Invoking command in '/home/phuros/ros2_ws/src/py_srvcli': PYTHONPATH=/home/phuros/ros2_ws/build/py_srvcli/prefix_override:/home/phuros/ros2_ws/install/py_srvcli/lib/python3.10/site-packages:${PYTHONPATH} /usr/bin/python3 -W ignore:setup.py install is deprecated setup.py egg_info --egg-base ../../build/py_srvcli build --build-base /home/phuros/ros2_ws/build/py_srvcli/build install --record /home/phuros/ros2_ws/build/py_srvcli/install.log --single-version-externally-managed install_data
[0.818s] running egg_info
[0.818s] writing ../../build/py_srvcli/py_srvcli.egg-info/PKG-INFO
[0.818s] writing dependency_links to ../../build/py_srvcli/py_srvcli.egg-info/dependency_links.txt
[0.819s] writing entry points to ../../build/py_srvcli/py_srvcli.egg-info/entry_points.txt
[0.819s] writing requirements to ../../build/py_srvcli/py_srvcli.egg-info/requires.txt
[0.819s] writing top-level names to ../../build/py_srvcli/py_srvcli.egg-info/top_level.txt
[0.822s] reading manifest file '../../build/py_srvcli/py_srvcli.egg-info/SOURCES.txt'
[0.822s] adding license file 'LICENSE'
[0.823s] writing manifest file '../../build/py_srvcli/py_srvcli.egg-info/SOURCES.txt'
[0.824s] running build
[0.824s] running build_py
[0.824s] running install
[0.825s] running install_lib
[0.827s] running install_data
[0.827s] running install_egg_info
[0.828s] removing '/home/phuros/ros2_ws/install/py_srvcli/lib/python3.10/site-packages/py_srvcli-0.0.0-py3.10.egg-info' (and everything under it)
[0.829s] Copying ../../build/py_srvcli/py_srvcli.egg-info to /home/phuros/ros2_ws/install/py_srvcli/lib/python3.10/site-packages/py_srvcli-0.0.0-py3.10.egg-info
[0.829s] running install_scripts
[0.848s] Installing client script to /home/phuros/ros2_ws/install/py_srvcli/lib/py_srvcli
[0.848s] Installing service script to /home/phuros/ros2_ws/install/py_srvcli/lib/py_srvcli
[0.848s] writing list of installed files to '/home/phuros/ros2_ws/build/py_srvcli/install.log'
[0.867s] Invoked command in '/home/phuros/ros2_ws/src/py_srvcli' returned '0': PYTHONPATH=/home/phuros/ros2_ws/build/py_srvcli/prefix_override:/home/phuros/ros2_ws/install/py_srvcli/lib/python3.10/site-packages:${PYTHONPATH} /usr/bin/python3 -W ignore:setup.py install is deprecated setup.py egg_info --egg-base ../../build/py_srvcli build --build-base /home/phuros/ros2_ws/build/py_srvcli/build install --record /home/phuros/ros2_ws/build/py_srvcli/install.log --single-version-externally-managed install_data
