[0.046s] Invoking command in '/home/phuros/ros2_ws/build/cpp_pubsub': CMAKE_PREFIX_PATH=${CMAKE_PREFIX_PATH}:/home/phuros/ros2_ws/install/py_srvcli:/home/phuros/ros2_ws/install/py_pubsub:/home/phuros/ros2_ws/install/my_package2:/opt/ros/humble /usr/bin/cmake --build /home/phuros/ros2_ws/build/cpp_pubsub -- -j8 -l8
[0.703s] -- Found ament_cmake: 1.3.8 (/opt/ros/humble/share/ament_cmake/cmake)
[0.704s] -- Override CMake install command with custom implementation using symlinks instead of copying resources
[0.704s] -- Found rclcpp: 16.0.8 (/opt/ros/humble/share/rclcpp/cmake)
[0.704s] -- Found rosidl_generator_c: 3.1.5 (/opt/ros/humble/share/rosidl_generator_c/cmake)
[0.704s] -- Found rosidl_adapter: 3.1.5 (/opt/ros/humble/share/rosidl_adapter/cmake)
[0.705s] -- Found rosidl_generator_cpp: 3.1.5 (/opt/ros/humble/share/rosidl_generator_cpp/cmake)
[0.705s] -- Using all available rosidl_typesupport_c: rosidl_typesupport_fastrtps_c;rosidl_typesupport_introspection_c
[0.705s] -- Using all available rosidl_typesupport_cpp: rosidl_typesupport_fastrtps_cpp;rosidl_typesupport_introspection_cpp
[0.706s] -- Found rmw_implementation_cmake: 6.1.1 (/opt/ros/humble/share/rmw_implementation_cmake/cmake)
[0.706s] -- Found rmw_fastrtps_cpp: 6.2.6 (/opt/ros/humble/share/rmw_fastrtps_cpp/cmake)
[0.707s] -- Using RMW implementation 'rmw_fastrtps_cpp' as default
[0.718s] -- Found ament_lint_auto: 0.12.10 (/opt/ros/humble/share/ament_lint_auto/cmake)
[0.805s] -- Added test 'cppcheck' to perform static code analysis on C / C++ code
[0.805s] -- Configured cppcheck include dirs: 
[0.805s] -- Configured cppcheck exclude dirs and/or files: 
[0.808s] -- Added test 'lint_cmake' to check CMake code style
[0.814s] -- Added test 'uncrustify' to check C / C++ code style
[0.814s] -- Configured uncrustify additional arguments: 
[0.816s] -- Added test 'xmllint' to check XML markup files
[0.817s] -- Configuring done
[0.830s] -- Generating done
[0.832s] -- Build files have been written to: /home/phuros/ros2_ws/build/cpp_pubsub
[0.857s] [35m[1mConsolidate compiler generated dependencies of target talker[0m
[0.857s] [35m[1mConsolidate compiler generated dependencies of target listener[0m
[0.879s] [ 50%] Built target talker
[0.882s] [100%] Built target listener
[1.013s] Invoked command in '/home/phuros/ros2_ws/build/cpp_pubsub' returned '0': CMAKE_PREFIX_PATH=${CMAKE_PREFIX_PATH}:/home/phuros/ros2_ws/install/py_srvcli:/home/phuros/ros2_ws/install/py_pubsub:/home/phuros/ros2_ws/install/my_package2:/opt/ros/humble /usr/bin/cmake --build /home/phuros/ros2_ws/build/cpp_pubsub -- -j8 -l8
[1.066s] Invoking command in '/home/phuros/ros2_ws/build/cpp_pubsub': CMAKE_PREFIX_PATH=${CMAKE_PREFIX_PATH}:/home/phuros/ros2_ws/install/py_srvcli:/home/phuros/ros2_ws/install/py_pubsub:/home/phuros/ros2_ws/install/my_package2:/opt/ros/humble /usr/bin/cmake --install /home/phuros/ros2_ws/build/cpp_pubsub
[1.075s] -- Install configuration: ""
[1.076s] -- Execute custom install script
[1.076s] -- Up-to-date symlink: /home/phuros/ros2_ws/install/cpp_pubsub/lib/cpp_pubsub/talker
[1.076s] -- Up-to-date symlink: /home/phuros/ros2_ws/install/cpp_pubsub/lib/cpp_pubsub/listener
[1.076s] -- Up-to-date symlink: /home/phuros/ros2_ws/install/cpp_pubsub/share/ament_index/resource_index/package_run_dependencies/cpp_pubsub
[1.077s] -- Up-to-date symlink: /home/phuros/ros2_ws/install/cpp_pubsub/share/ament_index/resource_index/parent_prefix_path/cpp_pubsub
[1.077s] -- Up-to-date symlink: /home/phuros/ros2_ws/install/cpp_pubsub/share/cpp_pubsub/environment/ament_prefix_path.sh
[1.077s] -- Up-to-date symlink: /home/phuros/ros2_ws/install/cpp_pubsub/share/cpp_pubsub/environment/ament_prefix_path.dsv
[1.078s] -- Up-to-date symlink: /home/phuros/ros2_ws/install/cpp_pubsub/share/cpp_pubsub/environment/path.sh
[1.078s] -- Up-to-date symlink: /home/phuros/ros2_ws/install/cpp_pubsub/share/cpp_pubsub/environment/path.dsv
[1.078s] -- Up-to-date symlink: /home/phuros/ros2_ws/install/cpp_pubsub/share/cpp_pubsub/local_setup.bash
[1.078s] -- Up-to-date symlink: /home/phuros/ros2_ws/install/cpp_pubsub/share/cpp_pubsub/local_setup.sh
[1.079s] -- Up-to-date symlink: /home/phuros/ros2_ws/install/cpp_pubsub/share/cpp_pubsub/local_setup.zsh
[1.079s] -- Up-to-date symlink: /home/phuros/ros2_ws/install/cpp_pubsub/share/cpp_pubsub/local_setup.dsv
[1.080s] -- Symlinking: /home/phuros/ros2_ws/install/cpp_pubsub/share/cpp_pubsub/package.dsv
[1.090s] -- Up-to-date symlink: /home/phuros/ros2_ws/install/cpp_pubsub/share/ament_index/resource_index/packages/cpp_pubsub
[1.091s] -- Up-to-date symlink: /home/phuros/ros2_ws/install/cpp_pubsub/share/cpp_pubsub/cmake/cpp_pubsubConfig.cmake
[1.091s] -- Up-to-date symlink: /home/phuros/ros2_ws/install/cpp_pubsub/share/cpp_pubsub/cmake/cpp_pubsubConfig-version.cmake
[1.091s] -- Up-to-date symlink: /home/phuros/ros2_ws/install/cpp_pubsub/share/cpp_pubsub/package.xml
[1.094s] Invoked command in '/home/phuros/ros2_ws/build/cpp_pubsub' returned '0': CMAKE_PREFIX_PATH=${CMAKE_PREFIX_PATH}:/home/phuros/ros2_ws/install/py_srvcli:/home/phuros/ros2_ws/install/py_pubsub:/home/phuros/ros2_ws/install/my_package2:/opt/ros/humble /usr/bin/cmake --install /home/phuros/ros2_ws/build/cpp_pubsub
