[1.430s] Invoking command in '/home/phuros/ros2_ws/src/py_srvcli': PYTHONPATH=/home/phuros/ros2_ws/build/py_srvcli/prefix_override:/home/phuros/ros2_ws/install/py_srvcli/lib/python3.10/site-packages:${PYTHONPATH} /usr/bin/python3 -W ignore:setup.py install is deprecated setup.py egg_info --egg-base ../../build/py_srvcli build --build-base /home/phuros/ros2_ws/build/py_srvcli/build install --record /home/phuros/ros2_ws/build/py_srvcli/install.log --single-version-externally-managed install_data
[1.679s] running egg_info
[1.679s] writing ../../build/py_srvcli/py_srvcli.egg-info/PKG-INFO
[1.680s] writing dependency_links to ../../build/py_srvcli/py_srvcli.egg-info/dependency_links.txt
[1.680s] writing entry points to ../../build/py_srvcli/py_srvcli.egg-info/entry_points.txt
[1.680s] writing requirements to ../../build/py_srvcli/py_srvcli.egg-info/requires.txt
[1.681s] writing top-level names to ../../build/py_srvcli/py_srvcli.egg-info/top_level.txt
[1.683s] reading manifest file '../../build/py_srvcli/py_srvcli.egg-info/SOURCES.txt'
[1.683s] adding license file 'LICENSE'
[1.684s] writing manifest file '../../build/py_srvcli/py_srvcli.egg-info/SOURCES.txt'
[1.684s] running build
[1.684s] running build_py
[1.685s] running install
[1.685s] running install_lib
[1.686s] running install_data
[1.686s] running install_egg_info
[1.688s] removing '/home/phuros/ros2_ws/install/py_srvcli/lib/python3.10/site-packages/py_srvcli-0.0.0-py3.10.egg-info' (and everything under it)
[1.688s] Copying ../../build/py_srvcli/py_srvcli.egg-info to /home/phuros/ros2_ws/install/py_srvcli/lib/python3.10/site-packages/py_srvcli-0.0.0-py3.10.egg-info
[1.689s] running install_scripts
[1.710s] Installing client script to /home/phuros/ros2_ws/install/py_srvcli/lib/py_srvcli
[1.710s] Installing service script to /home/phuros/ros2_ws/install/py_srvcli/lib/py_srvcli
[1.711s] writing list of installed files to '/home/phuros/ros2_ws/build/py_srvcli/install.log'
[1.741s] Invoked command in '/home/phuros/ros2_ws/src/py_srvcli' returned '0': PYTHONPATH=/home/phuros/ros2_ws/build/py_srvcli/prefix_override:/home/phuros/ros2_ws/install/py_srvcli/lib/python3.10/site-packages:${PYTHONPATH} /usr/bin/python3 -W ignore:setup.py install is deprecated setup.py egg_info --egg-base ../../build/py_srvcli build --build-base /home/phuros/ros2_ws/build/py_srvcli/build install --record /home/phuros/ros2_ws/build/py_srvcli/install.log --single-version-externally-managed install_data
