[0.045s] Invoking command in '/home/phuros/ros2_ws/build/my_package': CMAKE_PREFIX_PATH=${CMAKE_PREFIX_PATH}:/home/phuros/ros2_ws/install/py_srvcli:/home/phuros/ros2_ws/install/py_pubsub:/home/phuros/ros2_ws/install/my_package2:/opt/ros/humble /usr/bin/cmake --build /home/phuros/ros2_ws/build/my_package -- -j8 -l8
[0.698s] -- Found ament_cmake: 1.3.8 (/opt/ros/humble/share/ament_cmake/cmake)
[0.699s] -- Override CMake install command with custom implementation using symlinks instead of copying resources
[0.699s] -- Found ament_lint_auto: 0.12.10 (/opt/ros/humble/share/ament_lint_auto/cmake)
[0.699s] -- Added test 'cppcheck' to perform static code analysis on C / C++ code
[0.700s] -- Configured cppcheck include dirs: $<BUILD_INTERFACE:/home/phuros/ros2_ws/src/my_package/include>
[0.700s] -- Configured cppcheck exclude dirs and/or files: 
[0.700s] -- Added test 'lint_cmake' to check CMake code style
[0.700s] -- Added test 'uncrustify' to check C / C++ code style
[0.700s] -- Configured uncrustify additional arguments: 
[0.700s] -- Added test 'xmllint' to check XML markup files
[0.700s] -- Configuring done
[0.700s] -- Generating done
[0.700s] -- Build files have been written to: /home/phuros/ros2_ws/build/my_package
[0.700s] [35m[1mConsolidate compiler generated dependencies of target my_node[0m
[0.701s] [100%] Built target my_node
[0.701s] Invoked command in '/home/phuros/ros2_ws/build/my_package' returned '0': CMAKE_PREFIX_PATH=${CMAKE_PREFIX_PATH}:/home/phuros/ros2_ws/install/py_srvcli:/home/phuros/ros2_ws/install/py_pubsub:/home/phuros/ros2_ws/install/my_package2:/opt/ros/humble /usr/bin/cmake --build /home/phuros/ros2_ws/build/my_package -- -j8 -l8
[1.016s] Invoking command in '/home/phuros/ros2_ws/build/my_package': CMAKE_PREFIX_PATH=${CMAKE_PREFIX_PATH}:/home/phuros/ros2_ws/install/py_srvcli:/home/phuros/ros2_ws/install/py_pubsub:/home/phuros/ros2_ws/install/my_package2:/opt/ros/humble /usr/bin/cmake --install /home/phuros/ros2_ws/build/my_package
[1.031s] -- Install configuration: ""
[1.032s] -- Execute custom install script
[1.032s] -- Up-to-date symlink: /home/phuros/ros2_ws/install/my_package/lib/my_package/my_node
[1.035s] -- Up-to-date symlink: /home/phuros/ros2_ws/install/my_package/share/ament_index/resource_index/package_run_dependencies/my_package
[1.035s] -- Up-to-date symlink: /home/phuros/ros2_ws/install/my_package/share/ament_index/resource_index/parent_prefix_path/my_package
[1.036s] -- Up-to-date symlink: /home/phuros/ros2_ws/install/my_package/share/my_package/environment/ament_prefix_path.sh
[1.038s] -- Up-to-date symlink: /home/phuros/ros2_ws/install/my_package/share/my_package/environment/ament_prefix_path.dsv
[1.038s] -- Up-to-date symlink: /home/phuros/ros2_ws/install/my_package/share/my_package/environment/path.sh
[1.039s] -- Up-to-date symlink: /home/phuros/ros2_ws/install/my_package/share/my_package/environment/path.dsv
[1.039s] -- Up-to-date symlink: /home/phuros/ros2_ws/install/my_package/share/my_package/local_setup.bash
[1.039s] -- Up-to-date symlink: /home/phuros/ros2_ws/install/my_package/share/my_package/local_setup.sh
[1.039s] -- Up-to-date symlink: /home/phuros/ros2_ws/install/my_package/share/my_package/local_setup.zsh
[1.039s] -- Up-to-date symlink: /home/phuros/ros2_ws/install/my_package/share/my_package/local_setup.dsv
[1.039s] -- Symlinking: /home/phuros/ros2_ws/install/my_package/share/my_package/package.dsv
[1.043s] -- Up-to-date symlink: /home/phuros/ros2_ws/install/my_package/share/ament_index/resource_index/packages/my_package
[1.043s] -- Up-to-date symlink: /home/phuros/ros2_ws/install/my_package/share/my_package/cmake/my_packageConfig.cmake
[1.043s] -- Up-to-date symlink: /home/phuros/ros2_ws/install/my_package/share/my_package/cmake/my_packageConfig-version.cmake
[1.043s] -- Up-to-date symlink: /home/phuros/ros2_ws/install/my_package/share/my_package/package.xml
[1.057s] Invoked command in '/home/phuros/ros2_ws/build/my_package' returned '0': CMAKE_PREFIX_PATH=${CMAKE_PREFIX_PATH}:/home/phuros/ros2_ws/install/py_srvcli:/home/phuros/ros2_ws/install/py_pubsub:/home/phuros/ros2_ws/install/my_package2:/opt/ros/humble /usr/bin/cmake --install /home/phuros/ros2_ws/build/my_package
