[0.571s] Invoking command in '/home/phuros/ros2_ws/src/py_srvcli': PYTHONPATH=/home/phuros/ros2_ws/build/py_srvcli/prefix_override:/home/phuros/ros2_ws/install/py_srvcli/lib/python3.10/site-packages:${PYTHONPATH} /usr/bin/python3 -W ignore:setup.py install is deprecated setup.py egg_info --egg-base ../../build/py_srvcli build --build-base /home/phuros/ros2_ws/build/py_srvcli/build install --record /home/phuros/ros2_ws/build/py_srvcli/install.log --single-version-externally-managed install_data
[0.803s] running egg_info
[0.804s] writing ../../build/py_srvcli/py_srvcli.egg-info/PKG-INFO
[0.804s] writing dependency_links to ../../build/py_srvcli/py_srvcli.egg-info/dependency_links.txt
[0.804s] writing entry points to ../../build/py_srvcli/py_srvcli.egg-info/entry_points.txt
[0.804s] writing requirements to ../../build/py_srvcli/py_srvcli.egg-info/requires.txt
[0.804s] writing top-level names to ../../build/py_srvcli/py_srvcli.egg-info/top_level.txt
[0.806s] reading manifest file '../../build/py_srvcli/py_srvcli.egg-info/SOURCES.txt'
[0.807s] adding license file 'LICENSE'
[0.808s] writing manifest file '../../build/py_srvcli/py_srvcli.egg-info/SOURCES.txt'
[0.808s] running build
[0.808s] running build_py
[0.808s] running install
[0.808s] running install_lib
[0.810s] running install_data
[0.810s] running install_egg_info
[0.812s] removing '/home/phuros/ros2_ws/install/py_srvcli/lib/python3.10/site-packages/py_srvcli-0.0.0-py3.10.egg-info' (and everything under it)
[0.812s] Copying ../../build/py_srvcli/py_srvcli.egg-info to /home/phuros/ros2_ws/install/py_srvcli/lib/python3.10/site-packages/py_srvcli-0.0.0-py3.10.egg-info
[0.813s] running install_scripts
[0.833s] Installing client script to /home/phuros/ros2_ws/install/py_srvcli/lib/py_srvcli
[0.834s] Installing service script to /home/phuros/ros2_ws/install/py_srvcli/lib/py_srvcli
[0.834s] writing list of installed files to '/home/phuros/ros2_ws/build/py_srvcli/install.log'
[0.854s] Invoked command in '/home/phuros/ros2_ws/src/py_srvcli' returned '0': PYTHONPATH=/home/phuros/ros2_ws/build/py_srvcli/prefix_override:/home/phuros/ros2_ws/install/py_srvcli/lib/python3.10/site-packages:${PYTHONPATH} /usr/bin/python3 -W ignore:setup.py install is deprecated setup.py egg_info --egg-base ../../build/py_srvcli build --build-base /home/phuros/ros2_ws/build/py_srvcli/build install --record /home/phuros/ros2_ws/build/py_srvcli/install.log --single-version-externally-managed install_data
