[0.011s] Invoking command in '/home/phuros/ros2_ws/build/cpp_pubsub': CMAKE_PREFIX_PATH=${CMAKE_PREFIX_PATH}:/home/phuros/ros2_ws/install/py_pubsub:/home/phuros/ros2_ws/install/my_package2:/opt/ros/humble /usr/bin/cmake --build /home/phuros/ros2_ws/build/cpp_pubsub -- -j8 -l8
[3.000s] -- Found ament_cmake: 1.3.8 (/opt/ros/humble/share/ament_cmake/cmake)
[3.402s] -- Found rclcpp: 16.0.8 (/opt/ros/humble/share/rclcpp/cmake)
[3.668s] -- Found rosidl_generator_c: 3.1.5 (/opt/ros/humble/share/rosidl_generator_c/cmake)
[3.686s] -- Found rosidl_adapter: 3.1.5 (/opt/ros/humble/share/rosidl_adapter/cmake)
[3.720s] -- Found rosidl_generator_cpp: 3.1.5 (/opt/ros/humble/share/rosidl_generator_cpp/cmake)
[3.766s] -- Using all available rosidl_typesupport_c: rosidl_typesupport_fastrtps_c;rosidl_typesupport_introspection_c
[3.836s] -- Using all available rosidl_typesupport_cpp: rosidl_typesupport_fastrtps_cpp;rosidl_typesupport_introspection_cpp
[4.007s] -- Found rmw_implementation_cmake: 6.1.1 (/opt/ros/humble/share/rmw_implementation_cmake/cmake)
[4.019s] -- Found rmw_fastrtps_cpp: 6.2.6 (/opt/ros/humble/share/rmw_fastrtps_cpp/cmake)
[4.319s] -- Using RMW implementation 'rmw_fastrtps_cpp' as default
[4.632s] -- Found ament_lint_auto: 0.12.10 (/opt/ros/humble/share/ament_lint_auto/cmake)
[4.852s] -- Added test 'cppcheck' to perform static code analysis on C / C++ code
[4.853s] -- Configured cppcheck include dirs: 
[4.853s] -- Configured cppcheck exclude dirs and/or files: 
[4.856s] -- Added test 'lint_cmake' to check CMake code style
[4.862s] -- Added test 'uncrustify' to check C / C++ code style
[4.862s] -- Configured uncrustify additional arguments: 
[4.863s] -- Added test 'xmllint' to check XML markup files
[4.864s] -- Configuring done
[4.878s] -- Generating done
[4.880s] -- Build files have been written to: /home/phuros/ros2_ws/build/cpp_pubsub
[4.907s] [35m[1mConsolidate compiler generated dependencies of target listener[0m
[4.907s] [35m[1mConsolidate compiler generated dependencies of target talker[0m
[4.926s] [ 25%] [32mBuilding CXX object CMakeFiles/listener.dir/src/subscriber_member_function.cpp.o[0m
[4.931s] [ 50%] [32mBuilding CXX object CMakeFiles/talker.dir/src/publisher_member_function.cpp.o[0m
[10.932s] [ 75%] [32m[1mLinking CXX executable talker[0m
[11.528s] [ 75%] Built target talker
[13.699s] [100%] [32m[1mLinking CXX executable listener[0m
[14.025s] [100%] Built target listener
[14.035s] Invoked command in '/home/phuros/ros2_ws/build/cpp_pubsub' returned '0': CMAKE_PREFIX_PATH=${CMAKE_PREFIX_PATH}:/home/phuros/ros2_ws/install/py_pubsub:/home/phuros/ros2_ws/install/my_package2:/opt/ros/humble /usr/bin/cmake --build /home/phuros/ros2_ws/build/cpp_pubsub -- -j8 -l8
[14.073s] Invoking command in '/home/phuros/ros2_ws/build/cpp_pubsub': CMAKE_PREFIX_PATH=${CMAKE_PREFIX_PATH}:/home/phuros/ros2_ws/install/py_pubsub:/home/phuros/ros2_ws/install/my_package2:/opt/ros/humble /usr/bin/cmake --install /home/phuros/ros2_ws/build/cpp_pubsub
[14.080s] -- Install configuration: ""
[14.080s] -- Installing: /home/phuros/ros2_ws/install/cpp_pubsub/lib/cpp_pubsub/talker
[14.082s] -- Set runtime path of "/home/phuros/ros2_ws/install/cpp_pubsub/lib/cpp_pubsub/talker" to ""
[14.082s] -- Installing: /home/phuros/ros2_ws/install/cpp_pubsub/lib/cpp_pubsub/listener
[14.086s] -- Set runtime path of "/home/phuros/ros2_ws/install/cpp_pubsub/lib/cpp_pubsub/listener" to ""
[14.086s] -- Up-to-date: /home/phuros/ros2_ws/install/cpp_pubsub/share/ament_index/resource_index/package_run_dependencies/cpp_pubsub
[14.086s] -- Installing: /home/phuros/ros2_ws/install/cpp_pubsub/share/ament_index/resource_index/parent_prefix_path/cpp_pubsub
[14.086s] -- Installing: /home/phuros/ros2_ws/install/cpp_pubsub/share/cpp_pubsub/environment/ament_prefix_path.sh
[14.086s] -- Installing: /home/phuros/ros2_ws/install/cpp_pubsub/share/cpp_pubsub/environment/ament_prefix_path.dsv
[14.086s] -- Installing: /home/phuros/ros2_ws/install/cpp_pubsub/share/cpp_pubsub/environment/path.sh
[14.086s] -- Installing: /home/phuros/ros2_ws/install/cpp_pubsub/share/cpp_pubsub/environment/path.dsv
[14.087s] -- Up-to-date: /home/phuros/ros2_ws/install/cpp_pubsub/share/cpp_pubsub/local_setup.bash
[14.087s] -- Up-to-date: /home/phuros/ros2_ws/install/cpp_pubsub/share/cpp_pubsub/local_setup.sh
[14.087s] -- Up-to-date: /home/phuros/ros2_ws/install/cpp_pubsub/share/cpp_pubsub/local_setup.zsh
[14.087s] -- Installing: /home/phuros/ros2_ws/install/cpp_pubsub/share/cpp_pubsub/local_setup.dsv
[14.087s] -- Installing: /home/phuros/ros2_ws/install/cpp_pubsub/share/cpp_pubsub/package.dsv
[14.087s] -- Up-to-date: /home/phuros/ros2_ws/install/cpp_pubsub/share/ament_index/resource_index/packages/cpp_pubsub
[14.087s] -- Up-to-date: /home/phuros/ros2_ws/install/cpp_pubsub/share/cpp_pubsub/cmake/cpp_pubsubConfig.cmake
[14.087s] -- Up-to-date: /home/phuros/ros2_ws/install/cpp_pubsub/share/cpp_pubsub/cmake/cpp_pubsubConfig-version.cmake
[14.088s] -- Up-to-date: /home/phuros/ros2_ws/install/cpp_pubsub/share/cpp_pubsub/package.xml
[14.089s] Invoked command in '/home/phuros/ros2_ws/build/cpp_pubsub' returned '0': CMAKE_PREFIX_PATH=${CMAKE_PREFIX_PATH}:/home/phuros/ros2_ws/install/py_pubsub:/home/phuros/ros2_ws/install/my_package2:/opt/ros/humble /usr/bin/cmake --install /home/phuros/ros2_ws/build/cpp_pubsub
