[1.285s] Invoking command in '/home/phuros/ros2_ws/build/py_pubsub': PYTHONPATH=/home/phuros/ros2_ws/build/py_pubsub/prefix_override:/home/phuros/ros2_ws/install/py_pubsub/lib/python3.10/site-packages:${PYTHONPATH} /usr/bin/python3 -W ignore:setup.py install is deprecated setup.py develop --editable --build-directory /home/phuros/ros2_ws/build/py_pubsub/build --no-deps symlink_data --force
[1.598s] running develop
[1.619s] /usr/lib/python3/dist-packages/setuptools/command/easy_install.py:158: EasyInstallDeprecationWarning: easy_install command is deprecated. Use build and pip and other standards-based tools.
[1.619s]   warnings.warn(
[1.834s] running egg_info
[1.834s] writing py_pubsub.egg-info/PKG-INFO
[1.834s] writing dependency_links to py_pubsub.egg-info/dependency_links.txt
[1.834s] writing entry points to py_pubsub.egg-info/entry_points.txt
[1.835s] writing requirements to py_pubsub.egg-info/requires.txt
[1.835s] writing top-level names to py_pubsub.egg-info/top_level.txt
[1.838s] reading manifest file 'py_pubsub.egg-info/SOURCES.txt'
[1.838s] writing manifest file 'py_pubsub.egg-info/SOURCES.txt'
[1.840s] running build_ext
[1.840s] Creating /home/phuros/ros2_ws/install/py_pubsub/lib/python3.10/site-packages/py-pubsub.egg-link (link to .)
[1.842s] Installing talker script to /home/phuros/ros2_ws/install/py_pubsub/lib/py_pubsub
[1.842s] 
[1.842s] Installed /home/phuros/ros2_ws/build/py_pubsub
[1.842s] running symlink_data
[1.842s] symbolically linking /home/phuros/ros2_ws/build/py_pubsub/resource/py_pubsub -> /home/phuros/ros2_ws/install/py_pubsub/share/ament_index/resource_index/packages
[1.843s] symbolically linking /home/phuros/ros2_ws/build/py_pubsub/package.xml -> /home/phuros/ros2_ws/install/py_pubsub/share/py_pubsub
[1.889s] Invoked command in '/home/phuros/ros2_ws/build/py_pubsub' returned '0': PYTHONPATH=/home/phuros/ros2_ws/build/py_pubsub/prefix_override:/home/phuros/ros2_ws/install/py_pubsub/lib/python3.10/site-packages:${PYTHONPATH} /usr/bin/python3 -W ignore:setup.py install is deprecated setup.py develop --editable --build-directory /home/phuros/ros2_ws/build/py_pubsub/build --no-deps symlink_data --force
