[0.102s] DEBUG:colcon:Command line arguments: ['/usr/bin/colcon', 'build', '--packages-select', 'cpp_pubsub']
[0.102s] DEBUG:colcon:Parsed command line arguments: Namespace(log_base=None, log_level=None, verb_name='build', build_base='build', install_base='install', merge_install=False, symlink_install=False, test_result_base=None, continue_on_error=False, executor='parallel', parallel_workers=8, event_handlers=None, ignore_user_meta=False, metas=['./colcon.meta'], base_paths=['.'], packages_ignore=None, packages_ignore_regex=None, paths=None, packages_up_to=None, packages_up_to_regex=None, packages_above=None, packages_above_and_dependencies=None, packages_above_depth=None, packages_select_by_dep=None, packages_skip_by_dep=None, packages_skip_up_to=None, packages_select_build_failed=False, packages_skip_build_finished=False, packages_select_test_failures=False, packages_skip_test_passed=False, packages_select=['cpp_pubsub'], packages_skip=None, packages_select_regex=None, packages_skip_regex=None, packages_start=None, packages_end=None, allow_overriding=[], cmake_args=None, cmake_target=None, cmake_target_skip_unavailable=False, cmake_clean_cache=False, cmake_clean_first=False, cmake_force_configure=False, ament_cmake_args=None, catkin_cmake_args=None, catkin_skip_building_tests=False, mixin_files=None, mixin=None, verb_parser=<colcon_mixin.mixin.mixin_argument.MixinArgumentDecorator object at 0x75328ff3e0b0>, verb_extension=<colcon_core.verb.build.BuildVerb object at 0x75328ff3dae0>, main=<bound method BuildVerb.main of <colcon_core.verb.build.BuildVerb object at 0x75328ff3dae0>>, mixin_verb=('build',))
[0.261s] Level 1:colcon.colcon_core.package_discovery:discover_packages(colcon_meta) check parameters
[0.262s] Level 1:colcon.colcon_core.package_discovery:discover_packages(recursive) check parameters
[0.262s] Level 1:colcon.colcon_core.package_discovery:discover_packages(ignore) check parameters
[0.262s] Level 1:colcon.colcon_core.package_discovery:discover_packages(path) check parameters
[0.262s] Level 1:colcon.colcon_core.package_discovery:discover_packages(colcon_meta) discover
[0.262s] Level 1:colcon.colcon_core.package_discovery:discover_packages(recursive) discover
[0.262s] INFO:colcon.colcon_core.package_discovery:Crawling recursively for packages in '/home/phuros/ros2_ws'
[0.262s] Level 1:colcon.colcon_core.package_identification:_identify(.) by extensions ['ignore', 'ignore_ament_install']
[0.262s] Level 1:colcon.colcon_core.package_identification:_identify(.) by extension 'ignore'
[0.262s] Level 1:colcon.colcon_core.package_identification:_identify(.) by extension 'ignore_ament_install'
[0.262s] Level 1:colcon.colcon_core.package_identification:_identify(.) by extensions ['colcon_pkg']
[0.262s] Level 1:colcon.colcon_core.package_identification:_identify(.) by extension 'colcon_pkg'
[0.262s] Level 1:colcon.colcon_core.package_identification:_identify(.) by extensions ['colcon_meta']
[0.262s] Level 1:colcon.colcon_core.package_identification:_identify(.) by extension 'colcon_meta'
[0.262s] Level 1:colcon.colcon_core.package_identification:_identify(.) by extensions ['ros']
[0.262s] Level 1:colcon.colcon_core.package_identification:_identify(.) by extension 'ros'
[0.272s] Level 1:colcon.colcon_core.package_identification:_identify(.) by extensions ['cmake', 'python']
[0.272s] Level 1:colcon.colcon_core.package_identification:_identify(.) by extension 'cmake'
[0.272s] Level 1:colcon.colcon_core.package_identification:_identify(.) by extension 'python'
[0.272s] Level 1:colcon.colcon_core.package_identification:_identify(.) by extensions ['python_setup_py']
[0.272s] Level 1:colcon.colcon_core.package_identification:_identify(.) by extension 'python_setup_py'
[0.272s] Level 1:colcon.colcon_core.package_identification:_identify(build) by extensions ['ignore', 'ignore_ament_install']
[0.272s] Level 1:colcon.colcon_core.package_identification:_identify(build) by extension 'ignore'
[0.272s] Level 1:colcon.colcon_core.package_identification:_identify(build) ignored
[0.272s] Level 1:colcon.colcon_core.package_identification:_identify(install) by extensions ['ignore', 'ignore_ament_install']
[0.273s] Level 1:colcon.colcon_core.package_identification:_identify(install) by extension 'ignore'
[0.273s] Level 1:colcon.colcon_core.package_identification:_identify(install) ignored
[0.273s] Level 1:colcon.colcon_core.package_identification:_identify(log) by extensions ['ignore', 'ignore_ament_install']
[0.273s] Level 1:colcon.colcon_core.package_identification:_identify(log) by extension 'ignore'
[0.273s] Level 1:colcon.colcon_core.package_identification:_identify(log) ignored
[0.273s] Level 1:colcon.colcon_core.package_identification:_identify(src) by extensions ['ignore', 'ignore_ament_install']
[0.273s] Level 1:colcon.colcon_core.package_identification:_identify(src) by extension 'ignore'
[0.273s] Level 1:colcon.colcon_core.package_identification:_identify(src) by extension 'ignore_ament_install'
[0.273s] Level 1:colcon.colcon_core.package_identification:_identify(src) by extensions ['colcon_pkg']
[0.273s] Level 1:colcon.colcon_core.package_identification:_identify(src) by extension 'colcon_pkg'
[0.273s] Level 1:colcon.colcon_core.package_identification:_identify(src) by extensions ['colcon_meta']
[0.273s] Level 1:colcon.colcon_core.package_identification:_identify(src) by extension 'colcon_meta'
[0.273s] Level 1:colcon.colcon_core.package_identification:_identify(src) by extensions ['ros']
[0.273s] Level 1:colcon.colcon_core.package_identification:_identify(src) by extension 'ros'
[0.273s] Level 1:colcon.colcon_core.package_identification:_identify(src) by extensions ['cmake', 'python']
[0.273s] Level 1:colcon.colcon_core.package_identification:_identify(src) by extension 'cmake'
[0.273s] Level 1:colcon.colcon_core.package_identification:_identify(src) by extension 'python'
[0.273s] Level 1:colcon.colcon_core.package_identification:_identify(src) by extensions ['python_setup_py']
[0.273s] Level 1:colcon.colcon_core.package_identification:_identify(src) by extension 'python_setup_py'
[0.274s] Level 1:colcon.colcon_core.package_identification:_identify(src/cpp_pubsub) by extensions ['ignore', 'ignore_ament_install']
[0.274s] Level 1:colcon.colcon_core.package_identification:_identify(src/cpp_pubsub) by extension 'ignore'
[0.274s] Level 1:colcon.colcon_core.package_identification:_identify(src/cpp_pubsub) by extension 'ignore_ament_install'
[0.274s] Level 1:colcon.colcon_core.package_identification:_identify(src/cpp_pubsub) by extensions ['colcon_pkg']
[0.274s] Level 1:colcon.colcon_core.package_identification:_identify(src/cpp_pubsub) by extension 'colcon_pkg'
[0.274s] Level 1:colcon.colcon_core.package_identification:_identify(src/cpp_pubsub) by extensions ['colcon_meta']
[0.274s] Level 1:colcon.colcon_core.package_identification:_identify(src/cpp_pubsub) by extension 'colcon_meta'
[0.274s] Level 1:colcon.colcon_core.package_identification:_identify(src/cpp_pubsub) by extensions ['ros']
[0.274s] Level 1:colcon.colcon_core.package_identification:_identify(src/cpp_pubsub) by extension 'ros'
[0.276s] DEBUG:colcon.colcon_core.package_identification:Package 'src/cpp_pubsub' with type 'ros.ament_cmake' and name 'cpp_pubsub'
[0.276s] Level 1:colcon.colcon_core.package_identification:_identify(src/my_package) by extensions ['ignore', 'ignore_ament_install']
[0.276s] Level 1:colcon.colcon_core.package_identification:_identify(src/my_package) by extension 'ignore'
[0.276s] Level 1:colcon.colcon_core.package_identification:_identify(src/my_package) by extension 'ignore_ament_install'
[0.276s] Level 1:colcon.colcon_core.package_identification:_identify(src/my_package) by extensions ['colcon_pkg']
[0.276s] Level 1:colcon.colcon_core.package_identification:_identify(src/my_package) by extension 'colcon_pkg'
[0.276s] Level 1:colcon.colcon_core.package_identification:_identify(src/my_package) by extensions ['colcon_meta']
[0.276s] Level 1:colcon.colcon_core.package_identification:_identify(src/my_package) by extension 'colcon_meta'
[0.276s] Level 1:colcon.colcon_core.package_identification:_identify(src/my_package) by extensions ['ros']
[0.276s] Level 1:colcon.colcon_core.package_identification:_identify(src/my_package) by extension 'ros'
[0.277s] DEBUG:colcon.colcon_core.package_identification:Package 'src/my_package' with type 'ros.ament_cmake' and name 'my_package'
[0.277s] Level 1:colcon.colcon_core.package_identification:_identify(src/my_package2) by extensions ['ignore', 'ignore_ament_install']
[0.277s] Level 1:colcon.colcon_core.package_identification:_identify(src/my_package2) by extension 'ignore'
[0.277s] Level 1:colcon.colcon_core.package_identification:_identify(src/my_package2) by extension 'ignore_ament_install'
[0.277s] Level 1:colcon.colcon_core.package_identification:_identify(src/my_package2) by extensions ['colcon_pkg']
[0.277s] Level 1:colcon.colcon_core.package_identification:_identify(src/my_package2) by extension 'colcon_pkg'
[0.277s] Level 1:colcon.colcon_core.package_identification:_identify(src/my_package2) by extensions ['colcon_meta']
[0.277s] Level 1:colcon.colcon_core.package_identification:_identify(src/my_package2) by extension 'colcon_meta'
[0.277s] Level 1:colcon.colcon_core.package_identification:_identify(src/my_package2) by extensions ['ros']
[0.277s] Level 1:colcon.colcon_core.package_identification:_identify(src/my_package2) by extension 'ros'
[0.278s] DEBUG:colcon.colcon_core.package_identification:Package 'src/my_package2' with type 'ros.ament_python' and name 'my_package2'
[0.278s] Level 1:colcon.colcon_core.package_identification:_identify(src/py_pubsub) by extensions ['ignore', 'ignore_ament_install']
[0.278s] Level 1:colcon.colcon_core.package_identification:_identify(src/py_pubsub) by extension 'ignore'
[0.278s] Level 1:colcon.colcon_core.package_identification:_identify(src/py_pubsub) by extension 'ignore_ament_install'
[0.278s] Level 1:colcon.colcon_core.package_identification:_identify(src/py_pubsub) by extensions ['colcon_pkg']
[0.278s] Level 1:colcon.colcon_core.package_identification:_identify(src/py_pubsub) by extension 'colcon_pkg'
[0.278s] Level 1:colcon.colcon_core.package_identification:_identify(src/py_pubsub) by extensions ['colcon_meta']
[0.278s] Level 1:colcon.colcon_core.package_identification:_identify(src/py_pubsub) by extension 'colcon_meta'
[0.278s] Level 1:colcon.colcon_core.package_identification:_identify(src/py_pubsub) by extensions ['ros']
[0.278s] Level 1:colcon.colcon_core.package_identification:_identify(src/py_pubsub) by extension 'ros'
[0.279s] DEBUG:colcon.colcon_core.package_identification:Package 'src/py_pubsub' with type 'ros.ament_python' and name 'py_pubsub'
[0.279s] Level 1:colcon.colcon_core.package_discovery:discover_packages(recursive) using defaults
[0.279s] Level 1:colcon.colcon_core.package_discovery:discover_packages(ignore) discover
[0.279s] Level 1:colcon.colcon_core.package_discovery:discover_packages(ignore) using defaults
[0.279s] Level 1:colcon.colcon_core.package_discovery:discover_packages(path) discover
[0.279s] Level 1:colcon.colcon_core.package_discovery:discover_packages(path) using defaults
[0.304s] INFO:colcon.colcon_core.package_selection:Skipping not selected package 'my_package' in 'src/my_package'
[0.304s] INFO:colcon.colcon_core.package_selection:Skipping not selected package 'my_package2' in 'src/my_package2'
[0.304s] INFO:colcon.colcon_core.package_selection:Skipping not selected package 'py_pubsub' in 'src/py_pubsub'
[0.305s] Level 1:colcon.colcon_core.package_discovery:discover_packages(prefix_path) check parameters
[0.305s] Level 1:colcon.colcon_core.package_discovery:discover_packages(prefix_path) discover
[0.307s] DEBUG:colcon.colcon_installed_package_information.package_discovery:Found 4 installed packages in /home/phuros/ros2_ws/install
[0.308s] DEBUG:colcon.colcon_installed_package_information.package_discovery:Found 271 installed packages in /opt/ros/humble
[0.309s] Level 1:colcon.colcon_core.package_discovery:discover_packages(prefix_path) using defaults
[0.343s] Level 5:colcon.colcon_core.verb:set package 'cpp_pubsub' build argument 'cmake_args' from command line to 'None'
[0.343s] Level 5:colcon.colcon_core.verb:set package 'cpp_pubsub' build argument 'cmake_target' from command line to 'None'
[0.343s] Level 5:colcon.colcon_core.verb:set package 'cpp_pubsub' build argument 'cmake_target_skip_unavailable' from command line to 'False'
[0.343s] Level 5:colcon.colcon_core.verb:set package 'cpp_pubsub' build argument 'cmake_clean_cache' from command line to 'False'
[0.344s] Level 5:colcon.colcon_core.verb:set package 'cpp_pubsub' build argument 'cmake_clean_first' from command line to 'False'
[0.344s] Level 5:colcon.colcon_core.verb:set package 'cpp_pubsub' build argument 'cmake_force_configure' from command line to 'False'
[0.344s] Level 5:colcon.colcon_core.verb:set package 'cpp_pubsub' build argument 'ament_cmake_args' from command line to 'None'
[0.344s] Level 5:colcon.colcon_core.verb:set package 'cpp_pubsub' build argument 'catkin_cmake_args' from command line to 'None'
[0.344s] Level 5:colcon.colcon_core.verb:set package 'cpp_pubsub' build argument 'catkin_skip_building_tests' from command line to 'False'
[0.344s] DEBUG:colcon.colcon_core.verb:Building package 'cpp_pubsub' with the following arguments: {'ament_cmake_args': None, 'build_base': '/home/phuros/ros2_ws/build/cpp_pubsub', 'catkin_cmake_args': None, 'catkin_skip_building_tests': False, 'cmake_args': None, 'cmake_clean_cache': False, 'cmake_clean_first': False, 'cmake_force_configure': False, 'cmake_target': None, 'cmake_target_skip_unavailable': False, 'install_base': '/home/phuros/ros2_ws/install/cpp_pubsub', 'merge_install': False, 'path': '/home/phuros/ros2_ws/src/cpp_pubsub', 'symlink_install': False, 'test_result_base': None}
[0.344s] INFO:colcon.colcon_core.executor:Executing jobs using 'parallel' executor
[0.345s] DEBUG:colcon.colcon_parallel_executor.executor.parallel:run_until_complete
[0.345s] INFO:colcon.colcon_ros.task.ament_cmake.build:Building ROS package in '/home/phuros/ros2_ws/src/cpp_pubsub' with build type 'ament_cmake'
[0.345s] INFO:colcon.colcon_cmake.task.cmake.build:Building CMake package in '/home/phuros/ros2_ws/src/cpp_pubsub'
[0.347s] INFO:colcon.colcon_core.plugin_system:Skipping extension 'colcon_core.shell.bat': Not used on non-Windows systems
[0.347s] INFO:colcon.colcon_core.shell:Skip shell extension 'powershell' for command environment: Not usable outside of PowerShell
[0.347s] DEBUG:colcon.colcon_core.shell:Skip shell extension 'dsv' for command environment
[0.357s] DEBUG:colcon.colcon_core.event_handler.log_command:Invoking command in '/home/phuros/ros2_ws/build/cpp_pubsub': CMAKE_PREFIX_PATH=${CMAKE_PREFIX_PATH}:/home/phuros/ros2_ws/install/py_pubsub:/home/phuros/ros2_ws/install/my_package2:/opt/ros/humble /usr/bin/cmake --build /home/phuros/ros2_ws/build/cpp_pubsub -- -j8 -l8
[14.381s] DEBUG:colcon.colcon_core.event_handler.log_command:Invoked command in '/home/phuros/ros2_ws/build/cpp_pubsub' returned '0': CMAKE_PREFIX_PATH=${CMAKE_PREFIX_PATH}:/home/phuros/ros2_ws/install/py_pubsub:/home/phuros/ros2_ws/install/my_package2:/opt/ros/humble /usr/bin/cmake --build /home/phuros/ros2_ws/build/cpp_pubsub -- -j8 -l8
[14.419s] DEBUG:colcon.colcon_core.event_handler.log_command:Invoking command in '/home/phuros/ros2_ws/build/cpp_pubsub': CMAKE_PREFIX_PATH=${CMAKE_PREFIX_PATH}:/home/phuros/ros2_ws/install/py_pubsub:/home/phuros/ros2_ws/install/my_package2:/opt/ros/humble /usr/bin/cmake --install /home/phuros/ros2_ws/build/cpp_pubsub
[14.434s] Level 1:colcon.colcon_core.environment:create_environment_scripts_only(cpp_pubsub)
[14.435s] DEBUG:colcon.colcon_core.event_handler.log_command:Invoked command in '/home/phuros/ros2_ws/build/cpp_pubsub' returned '0': CMAKE_PREFIX_PATH=${CMAKE_PREFIX_PATH}:/home/phuros/ros2_ws/install/py_pubsub:/home/phuros/ros2_ws/install/my_package2:/opt/ros/humble /usr/bin/cmake --install /home/phuros/ros2_ws/build/cpp_pubsub
[14.437s] Level 1:colcon.colcon_core.environment:checking '/home/phuros/ros2_ws/install/cpp_pubsub' for CMake module files
[14.438s] Level 1:colcon.colcon_core.environment:checking '/home/phuros/ros2_ws/install/cpp_pubsub' for CMake config files
[14.438s] Level 1:colcon.colcon_core.shell:create_environment_hook('cpp_pubsub', 'cmake_prefix_path')
[14.438s] INFO:colcon.colcon_core.shell:Creating environment hook '/home/phuros/ros2_ws/install/cpp_pubsub/share/cpp_pubsub/hook/cmake_prefix_path.ps1'
[14.439s] INFO:colcon.colcon_core.shell:Creating environment descriptor '/home/phuros/ros2_ws/install/cpp_pubsub/share/cpp_pubsub/hook/cmake_prefix_path.dsv'
[14.439s] INFO:colcon.colcon_core.shell:Creating environment hook '/home/phuros/ros2_ws/install/cpp_pubsub/share/cpp_pubsub/hook/cmake_prefix_path.sh'
[14.440s] Level 1:colcon.colcon_core.environment:checking '/home/phuros/ros2_ws/install/cpp_pubsub/lib'
[14.440s] Level 1:colcon.colcon_core.environment:checking '/home/phuros/ros2_ws/install/cpp_pubsub/bin'
[14.440s] Level 1:colcon.colcon_core.environment:checking '/home/phuros/ros2_ws/install/cpp_pubsub/lib/pkgconfig/cpp_pubsub.pc'
[14.441s] Level 1:colcon.colcon_core.environment:checking '/home/phuros/ros2_ws/install/cpp_pubsub/lib/python3.10/site-packages'
[14.441s] Level 1:colcon.colcon_core.environment:checking '/home/phuros/ros2_ws/install/cpp_pubsub/bin'
[14.441s] INFO:colcon.colcon_core.shell:Creating package script '/home/phuros/ros2_ws/install/cpp_pubsub/share/cpp_pubsub/package.ps1'
[14.442s] INFO:colcon.colcon_core.shell:Creating package descriptor '/home/phuros/ros2_ws/install/cpp_pubsub/share/cpp_pubsub/package.dsv'
[14.442s] INFO:colcon.colcon_core.shell:Creating package script '/home/phuros/ros2_ws/install/cpp_pubsub/share/cpp_pubsub/package.sh'
[14.443s] INFO:colcon.colcon_core.shell:Creating package script '/home/phuros/ros2_ws/install/cpp_pubsub/share/cpp_pubsub/package.bash'
[14.443s] INFO:colcon.colcon_core.shell:Creating package script '/home/phuros/ros2_ws/install/cpp_pubsub/share/cpp_pubsub/package.zsh'
[14.444s] Level 1:colcon.colcon_core.environment:create_file_with_runtime_dependencies(/home/phuros/ros2_ws/install/cpp_pubsub/share/colcon-core/packages/cpp_pubsub)
[14.470s] Level 1:colcon.colcon_core.environment:create_environment_scripts_only(cpp_pubsub)
[14.470s] Level 1:colcon.colcon_core.environment:checking '/home/phuros/ros2_ws/install/cpp_pubsub' for CMake module files
[14.470s] Level 1:colcon.colcon_core.environment:checking '/home/phuros/ros2_ws/install/cpp_pubsub' for CMake config files
[14.471s] Level 1:colcon.colcon_core.shell:create_environment_hook('cpp_pubsub', 'cmake_prefix_path')
[14.471s] INFO:colcon.colcon_core.shell:Creating environment hook '/home/phuros/ros2_ws/install/cpp_pubsub/share/cpp_pubsub/hook/cmake_prefix_path.ps1'
[14.471s] INFO:colcon.colcon_core.shell:Creating environment descriptor '/home/phuros/ros2_ws/install/cpp_pubsub/share/cpp_pubsub/hook/cmake_prefix_path.dsv'
[14.472s] INFO:colcon.colcon_core.shell:Creating environment hook '/home/phuros/ros2_ws/install/cpp_pubsub/share/cpp_pubsub/hook/cmake_prefix_path.sh'
[14.472s] Level 1:colcon.colcon_core.environment:checking '/home/phuros/ros2_ws/install/cpp_pubsub/lib'
[14.472s] Level 1:colcon.colcon_core.environment:checking '/home/phuros/ros2_ws/install/cpp_pubsub/bin'
[14.472s] Level 1:colcon.colcon_core.environment:checking '/home/phuros/ros2_ws/install/cpp_pubsub/lib/pkgconfig/cpp_pubsub.pc'
[14.473s] Level 1:colcon.colcon_core.environment:checking '/home/phuros/ros2_ws/install/cpp_pubsub/lib/python3.10/site-packages'
[14.473s] Level 1:colcon.colcon_core.environment:checking '/home/phuros/ros2_ws/install/cpp_pubsub/bin'
[14.473s] INFO:colcon.colcon_core.shell:Creating package script '/home/phuros/ros2_ws/install/cpp_pubsub/share/cpp_pubsub/package.ps1'
[14.474s] INFO:colcon.colcon_core.shell:Creating package descriptor '/home/phuros/ros2_ws/install/cpp_pubsub/share/cpp_pubsub/package.dsv'
[14.474s] INFO:colcon.colcon_core.shell:Creating package script '/home/phuros/ros2_ws/install/cpp_pubsub/share/cpp_pubsub/package.sh'
[14.475s] INFO:colcon.colcon_core.shell:Creating package script '/home/phuros/ros2_ws/install/cpp_pubsub/share/cpp_pubsub/package.bash'
[14.475s] INFO:colcon.colcon_core.shell:Creating package script '/home/phuros/ros2_ws/install/cpp_pubsub/share/cpp_pubsub/package.zsh'
[14.475s] Level 1:colcon.colcon_core.environment:create_file_with_runtime_dependencies(/home/phuros/ros2_ws/install/cpp_pubsub/share/colcon-core/packages/cpp_pubsub)
[14.476s] DEBUG:colcon.colcon_parallel_executor.executor.parallel:closing loop
[14.476s] DEBUG:colcon.colcon_parallel_executor.executor.parallel:loop closed
[14.476s] DEBUG:colcon.colcon_parallel_executor.executor.parallel:run_until_complete finished with '0'
[14.476s] DEBUG:colcon.colcon_core.event_reactor:joining thread
[14.482s] INFO:colcon.colcon_core.plugin_system:Skipping extension 'colcon_notification.desktop_notification.terminal_notifier': Not used on non-Darwin systems
[14.482s] INFO:colcon.colcon_core.plugin_system:Skipping extension 'colcon_notification.desktop_notification.win32': Not used on non-Windows systems
[14.483s] INFO:colcon.colcon_notification.desktop_notification:Sending desktop notification using 'notify2'
[14.494s] DEBUG:colcon.colcon_core.event_reactor:joined thread
[14.494s] INFO:colcon.colcon_core.shell:Creating prefix script '/home/phuros/ros2_ws/install/local_setup.ps1'
[14.495s] INFO:colcon.colcon_core.shell:Creating prefix util module '/home/phuros/ros2_ws/install/_local_setup_util_ps1.py'
[14.497s] INFO:colcon.colcon_core.shell:Creating prefix chain script '/home/phuros/ros2_ws/install/setup.ps1'
[14.498s] INFO:colcon.colcon_core.shell:Creating prefix script '/home/phuros/ros2_ws/install/local_setup.sh'
[14.498s] INFO:colcon.colcon_core.shell:Creating prefix util module '/home/phuros/ros2_ws/install/_local_setup_util_sh.py'
[14.499s] INFO:colcon.colcon_core.shell:Creating prefix chain script '/home/phuros/ros2_ws/install/setup.sh'
[14.500s] INFO:colcon.colcon_core.shell:Creating prefix script '/home/phuros/ros2_ws/install/local_setup.bash'
[14.500s] INFO:colcon.colcon_core.shell:Creating prefix chain script '/home/phuros/ros2_ws/install/setup.bash'
[14.501s] INFO:colcon.colcon_core.shell:Creating prefix script '/home/phuros/ros2_ws/install/local_setup.zsh'
[14.502s] INFO:colcon.colcon_core.shell:Creating prefix chain script '/home/phuros/ros2_ws/install/setup.zsh'
