[0.106s] DEBUG:colcon:Command line arguments: ['/usr/bin/colcon', 'build']
[0.106s] DEBUG:colcon:Parsed command line arguments: Namespace(log_base=None, log_level=None, verb_name='build', build_base='build', install_base='install', merge_install=False, symlink_install=False, test_result_base=None, continue_on_error=False, executor='parallel', parallel_workers=8, event_handlers=None, ignore_user_meta=False, metas=['./colcon.meta'], base_paths=['.'], packages_ignore=None, packages_ignore_regex=None, paths=None, packages_up_to=None, packages_up_to_regex=None, packages_above=None, packages_above_and_dependencies=None, packages_above_depth=None, packages_select_by_dep=None, packages_skip_by_dep=None, packages_skip_up_to=None, packages_select_build_failed=False, packages_skip_build_finished=False, packages_select_test_failures=False, packages_skip_test_passed=False, packages_select=None, packages_skip=None, packages_select_regex=None, packages_skip_regex=None, packages_start=None, packages_end=None, allow_overriding=[], cmake_args=None, cmake_target=None, cmake_target_skip_unavailable=False, cmake_clean_cache=False, cmake_clean_first=False, cmake_force_configure=False, ament_cmake_args=None, catkin_cmake_args=None, catkin_skip_building_tests=False, mixin_files=None, mixin=None, verb_parser=<colcon_mixin.mixin.mixin_argument.MixinArgumentDecorator object at 0x7c73f0735ae0>, verb_extension=<colcon_core.verb.build.BuildVerb object at 0x7c73f0735510>, main=<bound method BuildVerb.main of <colcon_core.verb.build.BuildVerb object at 0x7c73f0735510>>, mixin_verb=('build',))
[0.266s] Level 1:colcon.colcon_core.package_discovery:discover_packages(colcon_meta) check parameters
[0.267s] Level 1:colcon.colcon_core.package_discovery:discover_packages(recursive) check parameters
[0.267s] Level 1:colcon.colcon_core.package_discovery:discover_packages(ignore) check parameters
[0.267s] Level 1:colcon.colcon_core.package_discovery:discover_packages(path) check parameters
[0.267s] Level 1:colcon.colcon_core.package_discovery:discover_packages(colcon_meta) discover
[0.267s] Level 1:colcon.colcon_core.package_discovery:discover_packages(recursive) discover
[0.267s] INFO:colcon.colcon_core.package_discovery:Crawling recursively for packages in '/home/phuros/ros2_ws'
[0.267s] Level 1:colcon.colcon_core.package_identification:_identify(.) by extensions ['ignore', 'ignore_ament_install']
[0.267s] Level 1:colcon.colcon_core.package_identification:_identify(.) by extension 'ignore'
[0.267s] Level 1:colcon.colcon_core.package_identification:_identify(.) by extension 'ignore_ament_install'
[0.267s] Level 1:colcon.colcon_core.package_identification:_identify(.) by extensions ['colcon_pkg']
[0.267s] Level 1:colcon.colcon_core.package_identification:_identify(.) by extension 'colcon_pkg'
[0.267s] Level 1:colcon.colcon_core.package_identification:_identify(.) by extensions ['colcon_meta']
[0.267s] Level 1:colcon.colcon_core.package_identification:_identify(.) by extension 'colcon_meta'
[0.267s] Level 1:colcon.colcon_core.package_identification:_identify(.) by extensions ['ros']
[0.267s] Level 1:colcon.colcon_core.package_identification:_identify(.) by extension 'ros'
[0.277s] Level 1:colcon.colcon_core.package_identification:_identify(.) by extensions ['cmake', 'python']
[0.277s] Level 1:colcon.colcon_core.package_identification:_identify(.) by extension 'cmake'
[0.277s] Level 1:colcon.colcon_core.package_identification:_identify(.) by extension 'python'
[0.277s] Level 1:colcon.colcon_core.package_identification:_identify(.) by extensions ['python_setup_py']
[0.277s] Level 1:colcon.colcon_core.package_identification:_identify(.) by extension 'python_setup_py'
[0.277s] Level 1:colcon.colcon_core.package_identification:_identify(build) by extensions ['ignore', 'ignore_ament_install']
[0.277s] Level 1:colcon.colcon_core.package_identification:_identify(build) by extension 'ignore'
[0.277s] Level 1:colcon.colcon_core.package_identification:_identify(build) ignored
[0.277s] Level 1:colcon.colcon_core.package_identification:_identify(install) by extensions ['ignore', 'ignore_ament_install']
[0.278s] Level 1:colcon.colcon_core.package_identification:_identify(install) by extension 'ignore'
[0.278s] Level 1:colcon.colcon_core.package_identification:_identify(install) ignored
[0.278s] Level 1:colcon.colcon_core.package_identification:_identify(log) by extensions ['ignore', 'ignore_ament_install']
[0.278s] Level 1:colcon.colcon_core.package_identification:_identify(log) by extension 'ignore'
[0.278s] Level 1:colcon.colcon_core.package_identification:_identify(log) ignored
[0.278s] Level 1:colcon.colcon_core.package_identification:_identify(src) by extensions ['ignore', 'ignore_ament_install']
[0.278s] Level 1:colcon.colcon_core.package_identification:_identify(src) by extension 'ignore'
[0.278s] Level 1:colcon.colcon_core.package_identification:_identify(src) by extension 'ignore_ament_install'
[0.278s] Level 1:colcon.colcon_core.package_identification:_identify(src) by extensions ['colcon_pkg']
[0.278s] Level 1:colcon.colcon_core.package_identification:_identify(src) by extension 'colcon_pkg'
[0.278s] Level 1:colcon.colcon_core.package_identification:_identify(src) by extensions ['colcon_meta']
[0.278s] Level 1:colcon.colcon_core.package_identification:_identify(src) by extension 'colcon_meta'
[0.278s] Level 1:colcon.colcon_core.package_identification:_identify(src) by extensions ['ros']
[0.278s] Level 1:colcon.colcon_core.package_identification:_identify(src) by extension 'ros'
[0.278s] Level 1:colcon.colcon_core.package_identification:_identify(src) by extensions ['cmake', 'python']
[0.278s] Level 1:colcon.colcon_core.package_identification:_identify(src) by extension 'cmake'
[0.278s] Level 1:colcon.colcon_core.package_identification:_identify(src) by extension 'python'
[0.278s] Level 1:colcon.colcon_core.package_identification:_identify(src) by extensions ['python_setup_py']
[0.278s] Level 1:colcon.colcon_core.package_identification:_identify(src) by extension 'python_setup_py'
[0.279s] Level 1:colcon.colcon_core.package_identification:_identify(src/cpp_pubsub) by extensions ['ignore', 'ignore_ament_install']
[0.279s] Level 1:colcon.colcon_core.package_identification:_identify(src/cpp_pubsub) by extension 'ignore'
[0.279s] Level 1:colcon.colcon_core.package_identification:_identify(src/cpp_pubsub) by extension 'ignore_ament_install'
[0.279s] Level 1:colcon.colcon_core.package_identification:_identify(src/cpp_pubsub) by extensions ['colcon_pkg']
[0.279s] Level 1:colcon.colcon_core.package_identification:_identify(src/cpp_pubsub) by extension 'colcon_pkg'
[0.279s] Level 1:colcon.colcon_core.package_identification:_identify(src/cpp_pubsub) by extensions ['colcon_meta']
[0.279s] Level 1:colcon.colcon_core.package_identification:_identify(src/cpp_pubsub) by extension 'colcon_meta'
[0.279s] Level 1:colcon.colcon_core.package_identification:_identify(src/cpp_pubsub) by extensions ['ros']
[0.279s] Level 1:colcon.colcon_core.package_identification:_identify(src/cpp_pubsub) by extension 'ros'
[0.281s] DEBUG:colcon.colcon_core.package_identification:Package 'src/cpp_pubsub' with type 'ros.ament_cmake' and name 'cpp_pubsub'
[0.281s] Level 1:colcon.colcon_core.package_identification:_identify(src/my_package) by extensions ['ignore', 'ignore_ament_install']
[0.281s] Level 1:colcon.colcon_core.package_identification:_identify(src/my_package) by extension 'ignore'
[0.281s] Level 1:colcon.colcon_core.package_identification:_identify(src/my_package) by extension 'ignore_ament_install'
[0.281s] Level 1:colcon.colcon_core.package_identification:_identify(src/my_package) by extensions ['colcon_pkg']
[0.281s] Level 1:colcon.colcon_core.package_identification:_identify(src/my_package) by extension 'colcon_pkg'
[0.281s] Level 1:colcon.colcon_core.package_identification:_identify(src/my_package) by extensions ['colcon_meta']
[0.281s] Level 1:colcon.colcon_core.package_identification:_identify(src/my_package) by extension 'colcon_meta'
[0.281s] Level 1:colcon.colcon_core.package_identification:_identify(src/my_package) by extensions ['ros']
[0.281s] Level 1:colcon.colcon_core.package_identification:_identify(src/my_package) by extension 'ros'
[0.282s] DEBUG:colcon.colcon_core.package_identification:Package 'src/my_package' with type 'ros.ament_cmake' and name 'my_package'
[0.282s] Level 1:colcon.colcon_core.package_identification:_identify(src/my_package2) by extensions ['ignore', 'ignore_ament_install']
[0.282s] Level 1:colcon.colcon_core.package_identification:_identify(src/my_package2) by extension 'ignore'
[0.282s] Level 1:colcon.colcon_core.package_identification:_identify(src/my_package2) by extension 'ignore_ament_install'
[0.282s] Level 1:colcon.colcon_core.package_identification:_identify(src/my_package2) by extensions ['colcon_pkg']
[0.282s] Level 1:colcon.colcon_core.package_identification:_identify(src/my_package2) by extension 'colcon_pkg'
[0.282s] Level 1:colcon.colcon_core.package_identification:_identify(src/my_package2) by extensions ['colcon_meta']
[0.282s] Level 1:colcon.colcon_core.package_identification:_identify(src/my_package2) by extension 'colcon_meta'
[0.282s] Level 1:colcon.colcon_core.package_identification:_identify(src/my_package2) by extensions ['ros']
[0.282s] Level 1:colcon.colcon_core.package_identification:_identify(src/my_package2) by extension 'ros'
[0.283s] DEBUG:colcon.colcon_core.package_identification:Package 'src/my_package2' with type 'ros.ament_python' and name 'my_package2'
[0.283s] Level 1:colcon.colcon_core.package_identification:_identify(src/py_pubsub) by extensions ['ignore', 'ignore_ament_install']
[0.283s] Level 1:colcon.colcon_core.package_identification:_identify(src/py_pubsub) by extension 'ignore'
[0.283s] Level 1:colcon.colcon_core.package_identification:_identify(src/py_pubsub) by extension 'ignore_ament_install'
[0.283s] Level 1:colcon.colcon_core.package_identification:_identify(src/py_pubsub) by extensions ['colcon_pkg']
[0.283s] Level 1:colcon.colcon_core.package_identification:_identify(src/py_pubsub) by extension 'colcon_pkg'
[0.283s] Level 1:colcon.colcon_core.package_identification:_identify(src/py_pubsub) by extensions ['colcon_meta']
[0.283s] Level 1:colcon.colcon_core.package_identification:_identify(src/py_pubsub) by extension 'colcon_meta'
[0.283s] Level 1:colcon.colcon_core.package_identification:_identify(src/py_pubsub) by extensions ['ros']
[0.283s] Level 1:colcon.colcon_core.package_identification:_identify(src/py_pubsub) by extension 'ros'
[0.284s] DEBUG:colcon.colcon_core.package_identification:Package 'src/py_pubsub' with type 'ros.ament_python' and name 'py_pubsub'
[0.284s] Level 1:colcon.colcon_core.package_discovery:discover_packages(recursive) using defaults
[0.284s] Level 1:colcon.colcon_core.package_discovery:discover_packages(ignore) discover
[0.284s] Level 1:colcon.colcon_core.package_discovery:discover_packages(ignore) using defaults
[0.284s] Level 1:colcon.colcon_core.package_discovery:discover_packages(path) discover
[0.284s] Level 1:colcon.colcon_core.package_discovery:discover_packages(path) using defaults
[0.309s] Level 1:colcon.colcon_core.package_discovery:discover_packages(prefix_path) check parameters
[0.309s] Level 1:colcon.colcon_core.package_discovery:discover_packages(prefix_path) discover
[0.311s] DEBUG:colcon.colcon_installed_package_information.package_discovery:Found 4 installed packages in /home/phuros/ros2_ws/install
[0.312s] DEBUG:colcon.colcon_installed_package_information.package_discovery:Found 271 installed packages in /opt/ros/humble
[0.313s] Level 1:colcon.colcon_core.package_discovery:discover_packages(prefix_path) using defaults
[0.349s] Level 5:colcon.colcon_core.verb:set package 'cpp_pubsub' build argument 'cmake_args' from command line to 'None'
[0.349s] Level 5:colcon.colcon_core.verb:set package 'cpp_pubsub' build argument 'cmake_target' from command line to 'None'
[0.349s] Level 5:colcon.colcon_core.verb:set package 'cpp_pubsub' build argument 'cmake_target_skip_unavailable' from command line to 'False'
[0.349s] Level 5:colcon.colcon_core.verb:set package 'cpp_pubsub' build argument 'cmake_clean_cache' from command line to 'False'
[0.349s] Level 5:colcon.colcon_core.verb:set package 'cpp_pubsub' build argument 'cmake_clean_first' from command line to 'False'
[0.349s] Level 5:colcon.colcon_core.verb:set package 'cpp_pubsub' build argument 'cmake_force_configure' from command line to 'False'
[0.349s] Level 5:colcon.colcon_core.verb:set package 'cpp_pubsub' build argument 'ament_cmake_args' from command line to 'None'
[0.349s] Level 5:colcon.colcon_core.verb:set package 'cpp_pubsub' build argument 'catkin_cmake_args' from command line to 'None'
[0.349s] Level 5:colcon.colcon_core.verb:set package 'cpp_pubsub' build argument 'catkin_skip_building_tests' from command line to 'False'
[0.349s] DEBUG:colcon.colcon_core.verb:Building package 'cpp_pubsub' with the following arguments: {'ament_cmake_args': None, 'build_base': '/home/phuros/ros2_ws/build/cpp_pubsub', 'catkin_cmake_args': None, 'catkin_skip_building_tests': False, 'cmake_args': None, 'cmake_clean_cache': False, 'cmake_clean_first': False, 'cmake_force_configure': False, 'cmake_target': None, 'cmake_target_skip_unavailable': False, 'install_base': '/home/phuros/ros2_ws/install/cpp_pubsub', 'merge_install': False, 'path': '/home/phuros/ros2_ws/src/cpp_pubsub', 'symlink_install': False, 'test_result_base': None}
[0.349s] Level 5:colcon.colcon_core.verb:set package 'my_package' build argument 'cmake_args' from command line to 'None'
[0.349s] Level 5:colcon.colcon_core.verb:set package 'my_package' build argument 'cmake_target' from command line to 'None'
[0.349s] Level 5:colcon.colcon_core.verb:set package 'my_package' build argument 'cmake_target_skip_unavailable' from command line to 'False'
[0.349s] Level 5:colcon.colcon_core.verb:set package 'my_package' build argument 'cmake_clean_cache' from command line to 'False'
[0.349s] Level 5:colcon.colcon_core.verb:set package 'my_package' build argument 'cmake_clean_first' from command line to 'False'
[0.349s] Level 5:colcon.colcon_core.verb:set package 'my_package' build argument 'cmake_force_configure' from command line to 'False'
[0.349s] Level 5:colcon.colcon_core.verb:set package 'my_package' build argument 'ament_cmake_args' from command line to 'None'
[0.349s] Level 5:colcon.colcon_core.verb:set package 'my_package' build argument 'catkin_cmake_args' from command line to 'None'
[0.349s] Level 5:colcon.colcon_core.verb:set package 'my_package' build argument 'catkin_skip_building_tests' from command line to 'False'
[0.349s] DEBUG:colcon.colcon_core.verb:Building package 'my_package' with the following arguments: {'ament_cmake_args': None, 'build_base': '/home/phuros/ros2_ws/build/my_package', 'catkin_cmake_args': None, 'catkin_skip_building_tests': False, 'cmake_args': None, 'cmake_clean_cache': False, 'cmake_clean_first': False, 'cmake_force_configure': False, 'cmake_target': None, 'cmake_target_skip_unavailable': False, 'install_base': '/home/phuros/ros2_ws/install/my_package', 'merge_install': False, 'path': '/home/phuros/ros2_ws/src/my_package', 'symlink_install': False, 'test_result_base': None}
[0.350s] Level 5:colcon.colcon_core.verb:set package 'my_package2' build argument 'cmake_args' from command line to 'None'
[0.350s] Level 5:colcon.colcon_core.verb:set package 'my_package2' build argument 'cmake_target' from command line to 'None'
[0.350s] Level 5:colcon.colcon_core.verb:set package 'my_package2' build argument 'cmake_target_skip_unavailable' from command line to 'False'
[0.350s] Level 5:colcon.colcon_core.verb:set package 'my_package2' build argument 'cmake_clean_cache' from command line to 'False'
[0.350s] Level 5:colcon.colcon_core.verb:set package 'my_package2' build argument 'cmake_clean_first' from command line to 'False'
[0.350s] Level 5:colcon.colcon_core.verb:set package 'my_package2' build argument 'cmake_force_configure' from command line to 'False'
[0.350s] Level 5:colcon.colcon_core.verb:set package 'my_package2' build argument 'ament_cmake_args' from command line to 'None'
[0.350s] Level 5:colcon.colcon_core.verb:set package 'my_package2' build argument 'catkin_cmake_args' from command line to 'None'
[0.350s] Level 5:colcon.colcon_core.verb:set package 'my_package2' build argument 'catkin_skip_building_tests' from command line to 'False'
[0.350s] DEBUG:colcon.colcon_core.verb:Building package 'my_package2' with the following arguments: {'ament_cmake_args': None, 'build_base': '/home/phuros/ros2_ws/build/my_package2', 'catkin_cmake_args': None, 'catkin_skip_building_tests': False, 'cmake_args': None, 'cmake_clean_cache': False, 'cmake_clean_first': False, 'cmake_force_configure': False, 'cmake_target': None, 'cmake_target_skip_unavailable': False, 'install_base': '/home/phuros/ros2_ws/install/my_package2', 'merge_install': False, 'path': '/home/phuros/ros2_ws/src/my_package2', 'symlink_install': False, 'test_result_base': None}
[0.350s] Level 5:colcon.colcon_core.verb:set package 'py_pubsub' build argument 'cmake_args' from command line to 'None'
[0.350s] Level 5:colcon.colcon_core.verb:set package 'py_pubsub' build argument 'cmake_target' from command line to 'None'
[0.350s] Level 5:colcon.colcon_core.verb:set package 'py_pubsub' build argument 'cmake_target_skip_unavailable' from command line to 'False'
[0.350s] Level 5:colcon.colcon_core.verb:set package 'py_pubsub' build argument 'cmake_clean_cache' from command line to 'False'
[0.350s] Level 5:colcon.colcon_core.verb:set package 'py_pubsub' build argument 'cmake_clean_first' from command line to 'False'
[0.350s] Level 5:colcon.colcon_core.verb:set package 'py_pubsub' build argument 'cmake_force_configure' from command line to 'False'
[0.350s] Level 5:colcon.colcon_core.verb:set package 'py_pubsub' build argument 'ament_cmake_args' from command line to 'None'
[0.350s] Level 5:colcon.colcon_core.verb:set package 'py_pubsub' build argument 'catkin_cmake_args' from command line to 'None'
[0.350s] Level 5:colcon.colcon_core.verb:set package 'py_pubsub' build argument 'catkin_skip_building_tests' from command line to 'False'
[0.351s] DEBUG:colcon.colcon_core.verb:Building package 'py_pubsub' with the following arguments: {'ament_cmake_args': None, 'build_base': '/home/phuros/ros2_ws/build/py_pubsub', 'catkin_cmake_args': None, 'catkin_skip_building_tests': False, 'cmake_args': None, 'cmake_clean_cache': False, 'cmake_clean_first': False, 'cmake_force_configure': False, 'cmake_target': None, 'cmake_target_skip_unavailable': False, 'install_base': '/home/phuros/ros2_ws/install/py_pubsub', 'merge_install': False, 'path': '/home/phuros/ros2_ws/src/py_pubsub', 'symlink_install': False, 'test_result_base': None}
[0.351s] INFO:colcon.colcon_core.executor:Executing jobs using 'parallel' executor
[0.351s] DEBUG:colcon.colcon_parallel_executor.executor.parallel:run_until_complete
[0.352s] INFO:colcon.colcon_ros.task.ament_cmake.build:Building ROS package in '/home/phuros/ros2_ws/src/cpp_pubsub' with build type 'ament_cmake'
[0.352s] INFO:colcon.colcon_cmake.task.cmake.build:Building CMake package in '/home/phuros/ros2_ws/src/cpp_pubsub'
[0.354s] INFO:colcon.colcon_core.plugin_system:Skipping extension 'colcon_core.shell.bat': Not used on non-Windows systems
[0.354s] INFO:colcon.colcon_core.shell:Skip shell extension 'powershell' for command environment: Not usable outside of PowerShell
[0.354s] DEBUG:colcon.colcon_core.shell:Skip shell extension 'dsv' for command environment
[0.358s] INFO:colcon.colcon_ros.task.ament_cmake.build:Building ROS package in '/home/phuros/ros2_ws/src/my_package' with build type 'ament_cmake'
[0.358s] INFO:colcon.colcon_cmake.task.cmake.build:Building CMake package in '/home/phuros/ros2_ws/src/my_package'
[0.358s] INFO:colcon.colcon_core.shell:Skip shell extension 'powershell' for command environment: Not usable outside of PowerShell
[0.358s] DEBUG:colcon.colcon_core.shell:Skip shell extension 'dsv' for command environment
[0.362s] INFO:colcon.colcon_ros.task.ament_python.build:Building ROS package in '/home/phuros/ros2_ws/src/my_package2' with build type 'ament_python'
[0.362s] Level 1:colcon.colcon_core.shell:create_environment_hook('my_package2', 'ament_prefix_path')
[0.363s] INFO:colcon.colcon_core.shell:Creating environment hook '/home/phuros/ros2_ws/install/my_package2/share/my_package2/hook/ament_prefix_path.ps1'
[0.364s] INFO:colcon.colcon_core.shell:Creating environment descriptor '/home/phuros/ros2_ws/install/my_package2/share/my_package2/hook/ament_prefix_path.dsv'
[0.365s] INFO:colcon.colcon_core.shell:Creating environment hook '/home/phuros/ros2_ws/install/my_package2/share/my_package2/hook/ament_prefix_path.sh'
[0.366s] INFO:colcon.colcon_core.shell:Skip shell extension 'powershell' for command environment: Not usable outside of PowerShell
[0.366s] DEBUG:colcon.colcon_core.shell:Skip shell extension 'dsv' for command environment
[0.369s] INFO:colcon.colcon_ros.task.ament_python.build:Building ROS package in '/home/phuros/ros2_ws/src/py_pubsub' with build type 'ament_python'
[0.369s] Level 1:colcon.colcon_core.shell:create_environment_hook('py_pubsub', 'ament_prefix_path')
[0.369s] INFO:colcon.colcon_core.shell:Creating environment hook '/home/phuros/ros2_ws/install/py_pubsub/share/py_pubsub/hook/ament_prefix_path.ps1'
[0.370s] INFO:colcon.colcon_core.shell:Creating environment descriptor '/home/phuros/ros2_ws/install/py_pubsub/share/py_pubsub/hook/ament_prefix_path.dsv'
[0.370s] INFO:colcon.colcon_core.shell:Creating environment hook '/home/phuros/ros2_ws/install/py_pubsub/share/py_pubsub/hook/ament_prefix_path.sh'
[0.371s] INFO:colcon.colcon_core.shell:Skip shell extension 'powershell' for command environment: Not usable outside of PowerShell
[0.371s] DEBUG:colcon.colcon_core.shell:Skip shell extension 'dsv' for command environment
[0.380s] DEBUG:colcon.colcon_core.event_handler.log_command:Invoking command in '/home/phuros/ros2_ws/build/cpp_pubsub': CMAKE_PREFIX_PATH=${CMAKE_PREFIX_PATH}:/home/phuros/ros2_ws/install/py_pubsub:/home/phuros/ros2_ws/install/my_package2:/opt/ros/humble /usr/bin/cmake /home/phuros/ros2_ws/src/cpp_pubsub -DCMAKE_INSTALL_PREFIX=/home/phuros/ros2_ws/install/cpp_pubsub
[0.386s] DEBUG:colcon.colcon_core.event_handler.log_command:Invoking command in '/home/phuros/ros2_ws/build/my_package': CMAKE_PREFIX_PATH=${CMAKE_PREFIX_PATH}:/home/phuros/ros2_ws/install/py_pubsub:/home/phuros/ros2_ws/install/my_package2:/opt/ros/humble /usr/bin/cmake /home/phuros/ros2_ws/src/my_package -DCMAKE_INSTALL_PREFIX=/home/phuros/ros2_ws/install/my_package
[0.692s] INFO:colcon.colcon_core.task.python.build:Building Python package in '/home/phuros/ros2_ws/src/my_package2'
[0.692s] INFO:colcon.colcon_core.shell:Skip shell extension 'powershell' for command environment: Not usable outside of PowerShell
[0.692s] DEBUG:colcon.colcon_core.shell:Skip shell extension 'dsv' for command environment
[0.946s] INFO:colcon.colcon_core.task.python.build:Building Python package in '/home/phuros/ros2_ws/src/py_pubsub'
[0.946s] INFO:colcon.colcon_core.shell:Skip shell extension 'powershell' for command environment: Not usable outside of PowerShell
[0.946s] DEBUG:colcon.colcon_core.shell:Skip shell extension 'dsv' for command environment
[0.950s] DEBUG:colcon.colcon_core.event_handler.log_command:Invoked command in '/home/phuros/ros2_ws/build/my_package' returned '0': CMAKE_PREFIX_PATH=${CMAKE_PREFIX_PATH}:/home/phuros/ros2_ws/install/py_pubsub:/home/phuros/ros2_ws/install/my_package2:/opt/ros/humble /usr/bin/cmake /home/phuros/ros2_ws/src/my_package -DCMAKE_INSTALL_PREFIX=/home/phuros/ros2_ws/install/my_package
[0.952s] DEBUG:colcon.colcon_core.event_handler.log_command:Invoking command in '/home/phuros/ros2_ws/build/my_package': CMAKE_PREFIX_PATH=${CMAKE_PREFIX_PATH}:/home/phuros/ros2_ws/install/py_pubsub:/home/phuros/ros2_ws/install/my_package2:/opt/ros/humble /usr/bin/cmake --build /home/phuros/ros2_ws/build/my_package -- -j8 -l8
[1.012s] DEBUG:colcon.colcon_core.event_handler.log_command:Invoked command in '/home/phuros/ros2_ws/build/my_package' returned '0': CMAKE_PREFIX_PATH=${CMAKE_PREFIX_PATH}:/home/phuros/ros2_ws/install/py_pubsub:/home/phuros/ros2_ws/install/my_package2:/opt/ros/humble /usr/bin/cmake --build /home/phuros/ros2_ws/build/my_package -- -j8 -l8
[1.045s] DEBUG:colcon.colcon_core.event_handler.log_command:Invoking command in '/home/phuros/ros2_ws/build/my_package': CMAKE_PREFIX_PATH=${CMAKE_PREFIX_PATH}:/home/phuros/ros2_ws/install/py_pubsub:/home/phuros/ros2_ws/install/my_package2:/opt/ros/humble /usr/bin/cmake --install /home/phuros/ros2_ws/build/my_package
[1.068s] Level 1:colcon.colcon_core.environment:create_environment_scripts_only(my_package)
[1.069s] DEBUG:colcon.colcon_core.event_handler.log_command:Invoked command in '/home/phuros/ros2_ws/build/my_package' returned '0': CMAKE_PREFIX_PATH=${CMAKE_PREFIX_PATH}:/home/phuros/ros2_ws/install/py_pubsub:/home/phuros/ros2_ws/install/my_package2:/opt/ros/humble /usr/bin/cmake --install /home/phuros/ros2_ws/build/my_package
[1.072s] Level 1:colcon.colcon_core.environment:checking '/home/phuros/ros2_ws/install/my_package' for CMake module files
[1.073s] Level 1:colcon.colcon_core.environment:checking '/home/phuros/ros2_ws/install/my_package' for CMake config files
[1.073s] Level 1:colcon.colcon_core.shell:create_environment_hook('my_package', 'cmake_prefix_path')
[1.074s] INFO:colcon.colcon_core.shell:Creating environment hook '/home/phuros/ros2_ws/install/my_package/share/my_package/hook/cmake_prefix_path.ps1'
[1.074s] INFO:colcon.colcon_core.shell:Creating environment descriptor '/home/phuros/ros2_ws/install/my_package/share/my_package/hook/cmake_prefix_path.dsv'
[1.075s] INFO:colcon.colcon_core.shell:Creating environment hook '/home/phuros/ros2_ws/install/my_package/share/my_package/hook/cmake_prefix_path.sh'
[1.076s] Level 1:colcon.colcon_core.environment:checking '/home/phuros/ros2_ws/install/my_package/lib'
[1.076s] Level 1:colcon.colcon_core.environment:checking '/home/phuros/ros2_ws/install/my_package/bin'
[1.076s] Level 1:colcon.colcon_core.environment:checking '/home/phuros/ros2_ws/install/my_package/lib/pkgconfig/my_package.pc'
[1.077s] Level 1:colcon.colcon_core.environment:checking '/home/phuros/ros2_ws/install/my_package/lib/python3.10/site-packages'
[1.077s] Level 1:colcon.colcon_core.environment:checking '/home/phuros/ros2_ws/install/my_package/bin'
[1.077s] INFO:colcon.colcon_core.shell:Creating package script '/home/phuros/ros2_ws/install/my_package/share/my_package/package.ps1'
[1.079s] INFO:colcon.colcon_core.shell:Creating package descriptor '/home/phuros/ros2_ws/install/my_package/share/my_package/package.dsv'
[1.079s] INFO:colcon.colcon_core.shell:Creating package script '/home/phuros/ros2_ws/install/my_package/share/my_package/package.sh'
[1.080s] INFO:colcon.colcon_core.shell:Creating package script '/home/phuros/ros2_ws/install/my_package/share/my_package/package.bash'
[1.082s] INFO:colcon.colcon_core.shell:Creating package script '/home/phuros/ros2_ws/install/my_package/share/my_package/package.zsh'
[1.083s] Level 1:colcon.colcon_core.environment:create_file_with_runtime_dependencies(/home/phuros/ros2_ws/install/my_package/share/colcon-core/packages/my_package)
[1.106s] Level 1:colcon.colcon_core.environment:create_environment_scripts_only(my_package)
[1.106s] Level 1:colcon.colcon_core.environment:checking '/home/phuros/ros2_ws/install/my_package' for CMake module files
[1.107s] Level 1:colcon.colcon_core.environment:checking '/home/phuros/ros2_ws/install/my_package' for CMake config files
[1.108s] Level 1:colcon.colcon_core.shell:create_environment_hook('my_package', 'cmake_prefix_path')
[1.108s] INFO:colcon.colcon_core.shell:Creating environment hook '/home/phuros/ros2_ws/install/my_package/share/my_package/hook/cmake_prefix_path.ps1'
[1.109s] INFO:colcon.colcon_core.shell:Creating environment descriptor '/home/phuros/ros2_ws/install/my_package/share/my_package/hook/cmake_prefix_path.dsv'
[1.109s] INFO:colcon.colcon_core.shell:Creating environment hook '/home/phuros/ros2_ws/install/my_package/share/my_package/hook/cmake_prefix_path.sh'
[1.110s] Level 1:colcon.colcon_core.environment:checking '/home/phuros/ros2_ws/install/my_package/lib'
[1.110s] Level 1:colcon.colcon_core.environment:checking '/home/phuros/ros2_ws/install/my_package/bin'
[1.110s] Level 1:colcon.colcon_core.environment:checking '/home/phuros/ros2_ws/install/my_package/lib/pkgconfig/my_package.pc'
[1.110s] Level 1:colcon.colcon_core.environment:checking '/home/phuros/ros2_ws/install/my_package/lib/python3.10/site-packages'
[1.111s] Level 1:colcon.colcon_core.environment:checking '/home/phuros/ros2_ws/install/my_package/bin'
[1.111s] INFO:colcon.colcon_core.shell:Creating package script '/home/phuros/ros2_ws/install/my_package/share/my_package/package.ps1'
[1.112s] INFO:colcon.colcon_core.shell:Creating package descriptor '/home/phuros/ros2_ws/install/my_package/share/my_package/package.dsv'
[1.113s] INFO:colcon.colcon_core.shell:Creating package script '/home/phuros/ros2_ws/install/my_package/share/my_package/package.sh'
[1.113s] INFO:colcon.colcon_core.shell:Creating package script '/home/phuros/ros2_ws/install/my_package/share/my_package/package.bash'
[1.114s] INFO:colcon.colcon_core.shell:Creating package script '/home/phuros/ros2_ws/install/my_package/share/my_package/package.zsh'
[1.114s] Level 1:colcon.colcon_core.environment:create_file_with_runtime_dependencies(/home/phuros/ros2_ws/install/my_package/share/colcon-core/packages/my_package)
[1.285s] DEBUG:colcon.colcon_core.event_handler.log_command:Invoked command in '/home/phuros/ros2_ws/build/cpp_pubsub' returned '0': CMAKE_PREFIX_PATH=${CMAKE_PREFIX_PATH}:/home/phuros/ros2_ws/install/py_pubsub:/home/phuros/ros2_ws/install/my_package2:/opt/ros/humble /usr/bin/cmake /home/phuros/ros2_ws/src/cpp_pubsub -DCMAKE_INSTALL_PREFIX=/home/phuros/ros2_ws/install/cpp_pubsub
[1.287s] DEBUG:colcon.colcon_core.event_handler.log_command:Invoking command in '/home/phuros/ros2_ws/build/cpp_pubsub': CMAKE_PREFIX_PATH=${CMAKE_PREFIX_PATH}:/home/phuros/ros2_ws/install/py_pubsub:/home/phuros/ros2_ws/install/my_package2:/opt/ros/humble /usr/bin/cmake --build /home/phuros/ros2_ws/build/cpp_pubsub -- -j8 -l8
[1.322s] DEBUG:colcon.colcon_core.event_handler.log_command:Invoking command in '/home/phuros/ros2_ws/build/py_pubsub': PYTHONPATH=/home/phuros/ros2_ws/build/py_pubsub/prefix_override:/home/phuros/ros2_ws/install/py_pubsub/lib/python3.10/site-packages:${PYTHONPATH} /usr/bin/python3 -W ignore:setup.py install is deprecated setup.py develop --uninstall --editable --build-directory /home/phuros/ros2_ws/build/py_pubsub/build
[1.333s] DEBUG:colcon.colcon_core.event_handler.log_command:Invoking command in '/home/phuros/ros2_ws/build/my_package2': PYTHONPATH=/home/phuros/ros2_ws/build/my_package2/prefix_override:/home/phuros/ros2_ws/install/my_package2/lib/python3.10/site-packages:${PYTHONPATH} /usr/bin/python3 -W ignore:setup.py install is deprecated setup.py develop --uninstall --editable --build-directory /home/phuros/ros2_ws/build/my_package2/build
[1.362s] DEBUG:colcon.colcon_core.event_handler.log_command:Invoked command in '/home/phuros/ros2_ws/build/cpp_pubsub' returned '0': CMAKE_PREFIX_PATH=${CMAKE_PREFIX_PATH}:/home/phuros/ros2_ws/install/py_pubsub:/home/phuros/ros2_ws/install/my_package2:/opt/ros/humble /usr/bin/cmake --build /home/phuros/ros2_ws/build/cpp_pubsub -- -j8 -l8
[1.392s] DEBUG:colcon.colcon_core.event_handler.log_command:Invoking command in '/home/phuros/ros2_ws/build/cpp_pubsub': CMAKE_PREFIX_PATH=${CMAKE_PREFIX_PATH}:/home/phuros/ros2_ws/install/py_pubsub:/home/phuros/ros2_ws/install/my_package2:/opt/ros/humble /usr/bin/cmake --install /home/phuros/ros2_ws/build/cpp_pubsub
[1.416s] Level 1:colcon.colcon_core.environment:create_environment_scripts_only(cpp_pubsub)
[1.416s] Level 1:colcon.colcon_core.environment:checking '/home/phuros/ros2_ws/install/cpp_pubsub' for CMake module files
[1.417s] DEBUG:colcon.colcon_core.event_handler.log_command:Invoked command in '/home/phuros/ros2_ws/build/cpp_pubsub' returned '0': CMAKE_PREFIX_PATH=${CMAKE_PREFIX_PATH}:/home/phuros/ros2_ws/install/py_pubsub:/home/phuros/ros2_ws/install/my_package2:/opt/ros/humble /usr/bin/cmake --install /home/phuros/ros2_ws/build/cpp_pubsub
[1.418s] Level 1:colcon.colcon_core.environment:checking '/home/phuros/ros2_ws/install/cpp_pubsub' for CMake config files
[1.418s] Level 1:colcon.colcon_core.shell:create_environment_hook('cpp_pubsub', 'cmake_prefix_path')
[1.418s] INFO:colcon.colcon_core.shell:Creating environment hook '/home/phuros/ros2_ws/install/cpp_pubsub/share/cpp_pubsub/hook/cmake_prefix_path.ps1'
[1.419s] INFO:colcon.colcon_core.shell:Creating environment descriptor '/home/phuros/ros2_ws/install/cpp_pubsub/share/cpp_pubsub/hook/cmake_prefix_path.dsv'
[1.419s] INFO:colcon.colcon_core.shell:Creating environment hook '/home/phuros/ros2_ws/install/cpp_pubsub/share/cpp_pubsub/hook/cmake_prefix_path.sh'
[1.420s] Level 1:colcon.colcon_core.environment:checking '/home/phuros/ros2_ws/install/cpp_pubsub/lib'
[1.420s] Level 1:colcon.colcon_core.environment:checking '/home/phuros/ros2_ws/install/cpp_pubsub/bin'
[1.420s] Level 1:colcon.colcon_core.environment:checking '/home/phuros/ros2_ws/install/cpp_pubsub/lib/pkgconfig/cpp_pubsub.pc'
[1.421s] Level 1:colcon.colcon_core.environment:checking '/home/phuros/ros2_ws/install/cpp_pubsub/lib/python3.10/site-packages'
[1.421s] Level 1:colcon.colcon_core.environment:checking '/home/phuros/ros2_ws/install/cpp_pubsub/bin'
[1.421s] INFO:colcon.colcon_core.shell:Creating package script '/home/phuros/ros2_ws/install/cpp_pubsub/share/cpp_pubsub/package.ps1'
[1.422s] INFO:colcon.colcon_core.shell:Creating package descriptor '/home/phuros/ros2_ws/install/cpp_pubsub/share/cpp_pubsub/package.dsv'
[1.422s] INFO:colcon.colcon_core.shell:Creating package script '/home/phuros/ros2_ws/install/cpp_pubsub/share/cpp_pubsub/package.sh'
[1.423s] INFO:colcon.colcon_core.shell:Creating package script '/home/phuros/ros2_ws/install/cpp_pubsub/share/cpp_pubsub/package.bash'
[1.423s] INFO:colcon.colcon_core.shell:Creating package script '/home/phuros/ros2_ws/install/cpp_pubsub/share/cpp_pubsub/package.zsh'
[1.424s] Level 1:colcon.colcon_core.environment:create_file_with_runtime_dependencies(/home/phuros/ros2_ws/install/cpp_pubsub/share/colcon-core/packages/cpp_pubsub)
[1.452s] Level 1:colcon.colcon_core.environment:create_environment_scripts_only(cpp_pubsub)
[1.453s] Level 1:colcon.colcon_core.environment:checking '/home/phuros/ros2_ws/install/cpp_pubsub' for CMake module files
[1.453s] Level 1:colcon.colcon_core.environment:checking '/home/phuros/ros2_ws/install/cpp_pubsub' for CMake config files
[1.454s] Level 1:colcon.colcon_core.shell:create_environment_hook('cpp_pubsub', 'cmake_prefix_path')
[1.454s] INFO:colcon.colcon_core.shell:Creating environment hook '/home/phuros/ros2_ws/install/cpp_pubsub/share/cpp_pubsub/hook/cmake_prefix_path.ps1'
[1.454s] INFO:colcon.colcon_core.shell:Creating environment descriptor '/home/phuros/ros2_ws/install/cpp_pubsub/share/cpp_pubsub/hook/cmake_prefix_path.dsv'
[1.455s] INFO:colcon.colcon_core.shell:Creating environment hook '/home/phuros/ros2_ws/install/cpp_pubsub/share/cpp_pubsub/hook/cmake_prefix_path.sh'
[1.455s] Level 1:colcon.colcon_core.environment:checking '/home/phuros/ros2_ws/install/cpp_pubsub/lib'
[1.455s] Level 1:colcon.colcon_core.environment:checking '/home/phuros/ros2_ws/install/cpp_pubsub/bin'
[1.455s] Level 1:colcon.colcon_core.environment:checking '/home/phuros/ros2_ws/install/cpp_pubsub/lib/pkgconfig/cpp_pubsub.pc'
[1.456s] Level 1:colcon.colcon_core.environment:checking '/home/phuros/ros2_ws/install/cpp_pubsub/lib/python3.10/site-packages'
[1.456s] Level 1:colcon.colcon_core.environment:checking '/home/phuros/ros2_ws/install/cpp_pubsub/bin'
[1.456s] INFO:colcon.colcon_core.shell:Creating package script '/home/phuros/ros2_ws/install/cpp_pubsub/share/cpp_pubsub/package.ps1'
[1.457s] INFO:colcon.colcon_core.shell:Creating package descriptor '/home/phuros/ros2_ws/install/cpp_pubsub/share/cpp_pubsub/package.dsv'
[1.458s] INFO:colcon.colcon_core.shell:Creating package script '/home/phuros/ros2_ws/install/cpp_pubsub/share/cpp_pubsub/package.sh'
[1.458s] INFO:colcon.colcon_core.shell:Creating package script '/home/phuros/ros2_ws/install/cpp_pubsub/share/cpp_pubsub/package.bash'
[1.459s] INFO:colcon.colcon_core.shell:Creating package script '/home/phuros/ros2_ws/install/cpp_pubsub/share/cpp_pubsub/package.zsh'
[1.459s] Level 1:colcon.colcon_core.environment:create_file_with_runtime_dependencies(/home/phuros/ros2_ws/install/cpp_pubsub/share/colcon-core/packages/cpp_pubsub)
[1.821s] DEBUG:colcon.colcon_core.event_handler.log_command:Invoked command in '/home/phuros/ros2_ws/build/my_package2' returned '0': PYTHONPATH=/home/phuros/ros2_ws/build/my_package2/prefix_override:/home/phuros/ros2_ws/install/my_package2/lib/python3.10/site-packages:${PYTHONPATH} /usr/bin/python3 -W ignore:setup.py install is deprecated setup.py develop --uninstall --editable --build-directory /home/phuros/ros2_ws/build/my_package2/build
[1.823s] DEBUG:colcon.colcon_core.event_handler.log_command:Invoking command in '/home/phuros/ros2_ws/src/my_package2': PYTHONPATH=/home/phuros/ros2_ws/build/my_package2/prefix_override:/home/phuros/ros2_ws/install/my_package2/lib/python3.10/site-packages:${PYTHONPATH} /usr/bin/python3 -W ignore:setup.py install is deprecated setup.py egg_info --egg-base ../../build/my_package2 build --build-base /home/phuros/ros2_ws/build/my_package2/build install --record /home/phuros/ros2_ws/build/my_package2/install.log --single-version-externally-managed install_data --force
[1.858s] DEBUG:colcon.colcon_core.event_handler.log_command:Invoked command in '/home/phuros/ros2_ws/build/py_pubsub' returned '0': PYTHONPATH=/home/phuros/ros2_ws/build/py_pubsub/prefix_override:/home/phuros/ros2_ws/install/py_pubsub/lib/python3.10/site-packages:${PYTHONPATH} /usr/bin/python3 -W ignore:setup.py install is deprecated setup.py develop --uninstall --editable --build-directory /home/phuros/ros2_ws/build/py_pubsub/build
[1.859s] DEBUG:colcon.colcon_core.event_handler.log_command:Invoking command in '/home/phuros/ros2_ws/src/py_pubsub': PYTHONPATH=/home/phuros/ros2_ws/build/py_pubsub/prefix_override:/home/phuros/ros2_ws/install/py_pubsub/lib/python3.10/site-packages:${PYTHONPATH} /usr/bin/python3 -W ignore:setup.py install is deprecated setup.py egg_info --egg-base ../../build/py_pubsub build --build-base /home/phuros/ros2_ws/build/py_pubsub/build install --record /home/phuros/ros2_ws/build/py_pubsub/install.log --single-version-externally-managed install_data --force
[2.110s] Level 1:colcon.colcon_core.environment:checking '/home/phuros/ros2_ws/install/my_package2' for CMake module files
[2.111s] DEBUG:colcon.colcon_core.event_handler.log_command:Invoked command in '/home/phuros/ros2_ws/src/my_package2' returned '0': PYTHONPATH=/home/phuros/ros2_ws/build/my_package2/prefix_override:/home/phuros/ros2_ws/install/my_package2/lib/python3.10/site-packages:${PYTHONPATH} /usr/bin/python3 -W ignore:setup.py install is deprecated setup.py egg_info --egg-base ../../build/my_package2 build --build-base /home/phuros/ros2_ws/build/my_package2/build install --record /home/phuros/ros2_ws/build/my_package2/install.log --single-version-externally-managed install_data --force
[2.111s] Level 1:colcon.colcon_core.environment:checking '/home/phuros/ros2_ws/install/my_package2' for CMake config files
[2.112s] Level 1:colcon.colcon_core.environment:checking '/home/phuros/ros2_ws/install/my_package2/lib'
[2.112s] Level 1:colcon.colcon_core.environment:checking '/home/phuros/ros2_ws/install/my_package2/bin'
[2.112s] Level 1:colcon.colcon_core.environment:checking '/home/phuros/ros2_ws/install/my_package2/lib/pkgconfig/my_package2.pc'
[2.112s] Level 1:colcon.colcon_core.environment:checking '/home/phuros/ros2_ws/install/my_package2/lib/python3.10/site-packages'
[2.112s] Level 1:colcon.colcon_core.shell:create_environment_hook('my_package2', 'pythonpath')
[2.113s] INFO:colcon.colcon_core.shell:Creating environment hook '/home/phuros/ros2_ws/install/my_package2/share/my_package2/hook/pythonpath.ps1'
[2.113s] INFO:colcon.colcon_core.shell:Creating environment descriptor '/home/phuros/ros2_ws/install/my_package2/share/my_package2/hook/pythonpath.dsv'
[2.114s] INFO:colcon.colcon_core.shell:Creating environment hook '/home/phuros/ros2_ws/install/my_package2/share/my_package2/hook/pythonpath.sh'
[2.114s] Level 1:colcon.colcon_core.environment:checking '/home/phuros/ros2_ws/install/my_package2/bin'
[2.114s] Level 1:colcon.colcon_core.environment:create_environment_scripts_only(my_package2)
[2.115s] INFO:colcon.colcon_core.shell:Creating package script '/home/phuros/ros2_ws/install/my_package2/share/my_package2/package.ps1'
[2.115s] INFO:colcon.colcon_core.shell:Creating package descriptor '/home/phuros/ros2_ws/install/my_package2/share/my_package2/package.dsv'
[2.115s] INFO:colcon.colcon_core.shell:Creating package script '/home/phuros/ros2_ws/install/my_package2/share/my_package2/package.sh'
[2.116s] INFO:colcon.colcon_core.shell:Creating package script '/home/phuros/ros2_ws/install/my_package2/share/my_package2/package.bash'
[2.116s] INFO:colcon.colcon_core.shell:Creating package script '/home/phuros/ros2_ws/install/my_package2/share/my_package2/package.zsh'
[2.117s] Level 1:colcon.colcon_core.environment:create_file_with_runtime_dependencies(/home/phuros/ros2_ws/install/my_package2/share/colcon-core/packages/my_package2)
[2.171s] Level 1:colcon.colcon_core.environment:checking '/home/phuros/ros2_ws/install/py_pubsub' for CMake module files
[2.172s] DEBUG:colcon.colcon_core.event_handler.log_command:Invoked command in '/home/phuros/ros2_ws/src/py_pubsub' returned '0': PYTHONPATH=/home/phuros/ros2_ws/build/py_pubsub/prefix_override:/home/phuros/ros2_ws/install/py_pubsub/lib/python3.10/site-packages:${PYTHONPATH} /usr/bin/python3 -W ignore:setup.py install is deprecated setup.py egg_info --egg-base ../../build/py_pubsub build --build-base /home/phuros/ros2_ws/build/py_pubsub/build install --record /home/phuros/ros2_ws/build/py_pubsub/install.log --single-version-externally-managed install_data --force
[2.172s] Level 1:colcon.colcon_core.environment:checking '/home/phuros/ros2_ws/install/py_pubsub' for CMake config files
[2.173s] Level 1:colcon.colcon_core.environment:checking '/home/phuros/ros2_ws/install/py_pubsub/lib'
[2.173s] Level 1:colcon.colcon_core.environment:checking '/home/phuros/ros2_ws/install/py_pubsub/bin'
[2.173s] Level 1:colcon.colcon_core.environment:checking '/home/phuros/ros2_ws/install/py_pubsub/lib/pkgconfig/py_pubsub.pc'
[2.174s] Level 1:colcon.colcon_core.environment:checking '/home/phuros/ros2_ws/install/py_pubsub/lib/python3.10/site-packages'
[2.174s] Level 1:colcon.colcon_core.shell:create_environment_hook('py_pubsub', 'pythonpath')
[2.174s] INFO:colcon.colcon_core.shell:Creating environment hook '/home/phuros/ros2_ws/install/py_pubsub/share/py_pubsub/hook/pythonpath.ps1'
[2.174s] INFO:colcon.colcon_core.shell:Creating environment descriptor '/home/phuros/ros2_ws/install/py_pubsub/share/py_pubsub/hook/pythonpath.dsv'
[2.175s] INFO:colcon.colcon_core.shell:Creating environment hook '/home/phuros/ros2_ws/install/py_pubsub/share/py_pubsub/hook/pythonpath.sh'
[2.175s] Level 1:colcon.colcon_core.environment:checking '/home/phuros/ros2_ws/install/py_pubsub/bin'
[2.175s] Level 1:colcon.colcon_core.environment:create_environment_scripts_only(py_pubsub)
[2.175s] INFO:colcon.colcon_core.shell:Creating package script '/home/phuros/ros2_ws/install/py_pubsub/share/py_pubsub/package.ps1'
[2.176s] INFO:colcon.colcon_core.shell:Creating package descriptor '/home/phuros/ros2_ws/install/py_pubsub/share/py_pubsub/package.dsv'
[2.176s] INFO:colcon.colcon_core.shell:Creating package script '/home/phuros/ros2_ws/install/py_pubsub/share/py_pubsub/package.sh'
[2.177s] INFO:colcon.colcon_core.shell:Creating package script '/home/phuros/ros2_ws/install/py_pubsub/share/py_pubsub/package.bash'
[2.177s] INFO:colcon.colcon_core.shell:Creating package script '/home/phuros/ros2_ws/install/py_pubsub/share/py_pubsub/package.zsh'
[2.177s] Level 1:colcon.colcon_core.environment:create_file_with_runtime_dependencies(/home/phuros/ros2_ws/install/py_pubsub/share/colcon-core/packages/py_pubsub)
[2.178s] DEBUG:colcon.colcon_parallel_executor.executor.parallel:closing loop
[2.178s] DEBUG:colcon.colcon_parallel_executor.executor.parallel:loop closed
[2.178s] DEBUG:colcon.colcon_parallel_executor.executor.parallel:run_until_complete finished with '0'
[2.178s] DEBUG:colcon.colcon_core.event_reactor:joining thread
[2.184s] INFO:colcon.colcon_core.plugin_system:Skipping extension 'colcon_notification.desktop_notification.terminal_notifier': Not used on non-Darwin systems
[2.184s] INFO:colcon.colcon_core.plugin_system:Skipping extension 'colcon_notification.desktop_notification.win32': Not used on non-Windows systems
[2.184s] INFO:colcon.colcon_notification.desktop_notification:Sending desktop notification using 'notify2'
[2.198s] DEBUG:colcon.colcon_core.event_reactor:joined thread
[2.199s] INFO:colcon.colcon_core.shell:Creating prefix script '/home/phuros/ros2_ws/install/local_setup.ps1'
[2.200s] INFO:colcon.colcon_core.shell:Creating prefix util module '/home/phuros/ros2_ws/install/_local_setup_util_ps1.py'
[2.201s] INFO:colcon.colcon_core.shell:Creating prefix chain script '/home/phuros/ros2_ws/install/setup.ps1'
[2.203s] INFO:colcon.colcon_core.shell:Creating prefix script '/home/phuros/ros2_ws/install/local_setup.sh'
[2.203s] INFO:colcon.colcon_core.shell:Creating prefix util module '/home/phuros/ros2_ws/install/_local_setup_util_sh.py'
[2.204s] INFO:colcon.colcon_core.shell:Creating prefix chain script '/home/phuros/ros2_ws/install/setup.sh'
[2.205s] INFO:colcon.colcon_core.shell:Creating prefix script '/home/phuros/ros2_ws/install/local_setup.bash'
[2.206s] INFO:colcon.colcon_core.shell:Creating prefix chain script '/home/phuros/ros2_ws/install/setup.bash'
[2.207s] INFO:colcon.colcon_core.shell:Creating prefix script '/home/phuros/ros2_ws/install/local_setup.zsh'
[2.207s] INFO:colcon.colcon_core.shell:Creating prefix chain script '/home/phuros/ros2_ws/install/setup.zsh'
